

================================================================
== Vitis HLS Report for 'divide'
================================================================
* Date:           Thu Dec 19 08:56:08 2024

* Version:        2021.2 (Build 3367213 on Tue Oct 19 02:48:09 MDT 2021)
* Project:        rsa.prj
* Solution:       solution1 (Vivado IP Flow Target)
* Product family: zynq
* Target device:  xc7z020-clg484-1


================================================================
== Performance Estimates
================================================================
+ Timing: 
    * Summary: 
    +--------+---------+----------+------------+
    |  Clock |  Target | Estimated| Uncertainty|
    +--------+---------+----------+------------+
    |ap_clk  |  8.50 ns|  7.147 ns|     2.30 ns|
    +--------+---------+----------+------------+

+ Latency: 
    * Summary: 
    +---------+---------+----------+----------+-----+-------+---------+
    |  Latency (cycles) |  Latency (absolute) |   Interval  | Pipeline|
    |   min   |   max   |    min   |    max   | min |  max  |   Type  |
    +---------+---------+----------+----------+-----+-------+---------+
    |       53|    28313|  0.451 us|  0.241 ms|   53|  28313|       no|
    +---------+---------+----------+----------+-----+-------+---------+

    + Detail: 
        * Instance: 
        +-----------------------------------------+-----------------------------+---------+---------+-----------+----------+-----+-----+---------+
        |                                         |                             |  Latency (cycles) |  Latency (absolute)  |  Interval | Pipeline|
        |                 Instance                |            Module           |   min   |   max   |    min    |    max   | min | max |   Type  |
        +-----------------------------------------+-----------------------------+---------+---------+-----------+----------+-----+-----+---------+
        |grp_divide_Pipeline_NORMALIZE_fu_2815    |divide_Pipeline_NORMALIZE    |        3|       34|  25.500 ns|  0.289 us|    3|   34|       no|
        |grp_divide_Pipeline_SHIFT_fu_2822        |divide_Pipeline_SHIFT        |        8|       38|  68.000 ns|  0.323 us|    8|   38|       no|
        |grp_divide_Pipeline_SHIFT5_fu_2838       |divide_Pipeline_SHIFT5       |        8|       38|  68.000 ns|  0.323 us|    8|   38|       no|
        |grp_divide_Pipeline_CLEAR_UPPER_fu_2854  |divide_Pipeline_CLEAR_UPPER  |       18|       18|   0.153 us|  0.153 us|   18|   18|       no|
        |grp_divide_Pipeline_PARTIAL_fu_2864      |divide_Pipeline_PARTIAL      |       10|       41|  85.000 ns|  0.348 us|   10|   41|       no|
        |grp_divide_Pipeline_COMPARE_fu_2878      |divide_Pipeline_COMPARE      |       13|      104|   0.111 us|  0.884 us|   13|  104|       no|
        |grp_divide_Pipeline_ADJUST_fu_2889       |divide_Pipeline_ADJUST       |        5|       67|  42.500 ns|  0.570 us|    5|   67|       no|
        |grp_divide_Pipeline_REM_fu_2899          |divide_Pipeline_REM          |       15|      135|   0.128 us|  1.147 us|   15|  135|       no|
        |grp_divide_Pipeline_SHIFT6_fu_2911       |divide_Pipeline_SHIFT6       |        9|       69|  76.500 ns|  0.587 us|    9|   69|       no|
        +-----------------------------------------+-----------------------------+---------+---------+-----------+----------+-----+-----+---------+

        * Loop: 
        +-----------+---------+---------+-----------+-----------+-----------+--------+----------+
        |           |  Latency (cycles) | Iteration |  Initiation Interval  |  Trip  |          |
        | Loop Name |   min   |   max   |  Latency  |  achieved |   target  |  Count | Pipelined|
        +-----------+---------+---------+-----------+-----------+-----------+--------+----------+
        |- ZERO     |       32|       32|          1|          -|          -|      32|        no|
        |- DIVIDE   |      193|    27776|  193 ~ 868|          -|          -|  1 ~ 32|        no|
        | + SEARCH  |       27|      550|   27 ~ 182|          -|          -|   1 ~ 3|        no|
        +-----------+---------+---------+-----------+-----------+-----------+--------+----------+



================================================================
== Utilization Estimates
================================================================
* Summary: 
+-----------------+---------+-----+--------+-------+-----+
|       Name      | BRAM_18K| DSP |   FF   |  LUT  | URAM|
+-----------------+---------+-----+--------+-------+-----+
|DSP              |        -|    -|       -|      -|    -|
|Expression       |        -|    -|       0|   3181|    -|
|FIFO             |        -|    -|       -|      -|    -|
|Instance         |        -|   27|    5161|   9384|    -|
|Memory           |        4|    -|       0|      0|    0|
|Multiplexer      |        -|    -|       -|   5242|    -|
|Register         |        -|    -|    6336|      -|    -|
+-----------------+---------+-----+--------+-------+-----+
|Total            |        4|   27|   11497|  17807|    0|
+-----------------+---------+-----+--------+-------+-----+
|Available        |      280|  220|  106400|  53200|    0|
+-----------------+---------+-----+--------+-------+-----+
|Utilization (%)  |        1|   12|      10|     33|    0|
+-----------------+---------+-----+--------+-------+-----+

+ Detail: 
    * Instance: 
    +-----------------------------------------+------------------------------+---------+----+------+------+-----+
    |                 Instance                |            Module            | BRAM_18K| DSP|  FF  |  LUT | URAM|
    +-----------------------------------------+------------------------------+---------+----+------+------+-----+
    |grp_divide_Pipeline_ADJUST_fu_2889       |divide_Pipeline_ADJUST        |        0|   0|   284|   261|    0|
    |grp_divide_Pipeline_CLEAR_UPPER_fu_2854  |divide_Pipeline_CLEAR_UPPER   |        0|   0|     8|    66|    0|
    |grp_divide_Pipeline_COMPARE_fu_2878      |divide_Pipeline_COMPARE       |        0|   0|   322|   386|    0|
    |grp_divide_Pipeline_NORMALIZE_fu_2815    |divide_Pipeline_NORMALIZE     |        0|   0|    83|   187|    0|
    |grp_divide_Pipeline_PARTIAL_fu_2864      |divide_Pipeline_PARTIAL       |        0|  18|  1255|   744|    0|
    |grp_divide_Pipeline_REM_fu_2899          |divide_Pipeline_REM           |        0|   0|   617|   604|    0|
    |grp_divide_Pipeline_SHIFT_fu_2822        |divide_Pipeline_SHIFT         |        0|   0|   682|  2315|    0|
    |grp_divide_Pipeline_SHIFT5_fu_2838       |divide_Pipeline_SHIFT5        |        0|   0|   682|  2315|    0|
    |grp_divide_Pipeline_SHIFT6_fu_2911       |divide_Pipeline_SHIFT6        |        0|   0|   415|  1990|    0|
    |mul_64ns_65ns_192_3_1_U59                |mul_64ns_65ns_192_3_1         |        0|   9|    34|    47|    0|
    |udiv_128ns_64ns_64_132_seq_1_U60         |udiv_128ns_64ns_64_132_seq_1  |        0|   0|   779|   469|    0|
    +-----------------------------------------+------------------------------+---------+----+------+------+-----+
    |Total                                    |                              |        0|  27|  5161|  9384|    0|
    +-----------------------------------------+------------------------------+---------+----+------+------+-----+

    * DSP: 
    N/A

    * Memory: 
    +-------------------+--------------------------------------+---------+---+----+-----+------+-----+------+-------------+
    |       Memory      |                Module                | BRAM_18K| FF| LUT| URAM| Words| Bits| Banks| W*Bits*Banks|
    +-------------------+--------------------------------------+---------+---+----+-----+------+-----+------+-------------+
    |w_digits_data_V_U  |divide_w_digits_data_V_RAM_AUTO_1R1W  |        4|  0|   0|    0|    32|   64|     1|         2048|
    +-------------------+--------------------------------------+---------+---+----+-----+------+-----+------+-------------+
    |Total              |                                      |        4|  0|   0|    0|    32|   64|     1|         2048|
    +-------------------+--------------------------------------+---------+---+----+-----+------+-----+------+-------------+

    * FIFO: 
    N/A

    * Expression: 
    +-----------------------------------------------+----------+----+---+----+------------+------------+
    |                 Variable Name                 | Operation| DSP| FF| LUT| Bitwidth P0| Bitwidth P1|
    +-----------------------------------------------+----------+----+---+----+------------+------------+
    |add_ln112_fu_3310_p2                           |         +|   0|  0|  14|           6|           1|
    |add_ln121_fu_3345_p2                           |         +|   0|  0|  13|           5|           2|
    |add_ln127_fu_3358_p2                           |         +|   0|  0|  14|           7|           2|
    |add_ln141_fu_3582_p2                           |         +|   0|  0|  14|           7|           2|
    |add_ln143_fu_3588_p2                           |         +|   0|  0|  14|           7|           7|
    |add_ln144_fu_3623_p2                           |         +|   0|  0|  14|           7|           2|
    |add_ln170_fu_3737_p2                           |         +|   0|  0|  14|           7|           2|
    |add_ln172_1_fu_3769_p2                         |         +|   0|  0|  15|           8|           8|
    |add_ln172_fu_3744_p2                           |         +|   0|  0|  14|           7|           2|
    |add_ln223_fu_3841_p2                           |         +|   0|  0|  71|          64|          64|
    |qhat_V_2_fu_3820_p2                            |         +|   0|  0|  72|          65|           2|
    |s_1_fu_3447_p2                                 |         +|   0|  0|  14|           6|           1|
    |s_fu_3373_p2                                   |         +|   0|  0|  14|           6|           1|
    |trial_1_fu_3726_p2                             |         +|   0|  0|  10|           2|           1|
    |x_7_fu_3563_p2                                 |         +|   0|  0|  14|           6|           1|
    |grp_fu_3095_p2                                 |         -|   0|  0|  15|           1|           8|
    |sub_ln139_fu_3520_p2                           |         -|   0|  0|  14|           7|           7|
    |and_ln217_1_fu_3464_p2                         |       and|   0|  0|   2|           1|           1|
    |and_ln217_fu_3396_p2                           |       and|   0|  0|   2|           1|           1|
    |ap_block_state459_on_subcall_done              |       and|   0|  0|   2|           1|           1|
    |ap_condition_3049                              |       and|   0|  0|   2|           1|           1|
    |ap_condition_3052                              |       and|   0|  0|   2|           1|           1|
    |ap_condition_3055                              |       and|   0|  0|   2|           1|           1|
    |ap_condition_3058                              |       and|   0|  0|   2|           1|           1|
    |ap_condition_3061                              |       and|   0|  0|   2|           1|           1|
    |ap_condition_3064                              |       and|   0|  0|   2|           1|           1|
    |ap_condition_3067                              |       and|   0|  0|   2|           1|           1|
    |ap_condition_3070                              |       and|   0|  0|   2|           1|           1|
    |ap_condition_3073                              |       and|   0|  0|   2|           1|           1|
    |ap_condition_3076                              |       and|   0|  0|   2|           1|           1|
    |ap_condition_3079                              |       and|   0|  0|   2|           1|           1|
    |ap_condition_3082                              |       and|   0|  0|   2|           1|           1|
    |ap_condition_3085                              |       and|   0|  0|   2|           1|           1|
    |ap_condition_3088                              |       and|   0|  0|   2|           1|           1|
    |ap_condition_3091                              |       and|   0|  0|   2|           1|           1|
    |ap_condition_3094                              |       and|   0|  0|   2|           1|           1|
    |ap_condition_3097                              |       and|   0|  0|   2|           1|           1|
    |ap_condition_3100                              |       and|   0|  0|   2|           1|           1|
    |ap_condition_3103                              |       and|   0|  0|   2|           1|           1|
    |ap_condition_3106                              |       and|   0|  0|   2|           1|           1|
    |ap_condition_3109                              |       and|   0|  0|   2|           1|           1|
    |ap_condition_3112                              |       and|   0|  0|   2|           1|           1|
    |ap_condition_3115                              |       and|   0|  0|   2|           1|           1|
    |ap_condition_3118                              |       and|   0|  0|   2|           1|           1|
    |ap_condition_3121                              |       and|   0|  0|   2|           1|           1|
    |ap_condition_3124                              |       and|   0|  0|   2|           1|           1|
    |ap_condition_3127                              |       and|   0|  0|   2|           1|           1|
    |ap_condition_3130                              |       and|   0|  0|   2|           1|           1|
    |ap_condition_3134                              |       and|   0|  0|   2|           1|           1|
    |ap_condition_3140                              |       and|   0|  0|   2|           1|           1|
    |cond23_fu_3401_p2                              |      icmp|   0|  0|   8|           2|           1|
    |cond24_fu_3468_p2                              |      icmp|   0|  0|   8|           2|           1|
    |cond25_fu_3694_p2                              |      icmp|   0|  0|   8|           2|           1|
    |cond_fu_3339_p2                                |      icmp|   0|  0|   8|           2|           1|
    |grp_fu_2923_p2                                 |      icmp|   0|  0|  29|          64|           1|
    |grp_fu_2928_p2                                 |      icmp|   0|  0|  29|          64|           1|
    |grp_fu_2933_p2                                 |      icmp|   0|  0|  29|          64|           1|
    |grp_fu_2938_p2                                 |      icmp|   0|  0|  29|          64|           1|
    |grp_fu_2943_p2                                 |      icmp|   0|  0|  29|          64|           1|
    |grp_fu_2948_p2                                 |      icmp|   0|  0|  29|          64|           1|
    |grp_fu_2953_p2                                 |      icmp|   0|  0|  29|          64|           1|
    |grp_fu_2958_p2                                 |      icmp|   0|  0|  29|          64|           1|
    |grp_fu_2963_p2                                 |      icmp|   0|  0|  29|          64|           1|
    |grp_fu_2968_p2                                 |      icmp|   0|  0|  29|          64|           1|
    |grp_fu_2973_p2                                 |      icmp|   0|  0|  29|          64|           1|
    |grp_fu_2978_p2                                 |      icmp|   0|  0|  29|          64|           1|
    |grp_fu_2983_p2                                 |      icmp|   0|  0|  29|          64|           1|
    |grp_fu_2988_p2                                 |      icmp|   0|  0|  29|          64|           1|
    |grp_fu_2993_p2                                 |      icmp|   0|  0|  29|          64|           1|
    |grp_fu_2998_p2                                 |      icmp|   0|  0|  29|          64|           1|
    |grp_fu_3003_p2                                 |      icmp|   0|  0|  29|          64|           1|
    |grp_fu_3008_p2                                 |      icmp|   0|  0|  29|          64|           1|
    |grp_fu_3013_p2                                 |      icmp|   0|  0|  29|          64|           1|
    |grp_fu_3018_p2                                 |      icmp|   0|  0|  29|          64|           1|
    |grp_fu_3023_p2                                 |      icmp|   0|  0|  29|          64|           1|
    |grp_fu_3028_p2                                 |      icmp|   0|  0|  29|          64|           1|
    |grp_fu_3033_p2                                 |      icmp|   0|  0|  29|          64|           1|
    |grp_fu_3038_p2                                 |      icmp|   0|  0|  29|          64|           1|
    |grp_fu_3043_p2                                 |      icmp|   0|  0|  29|          64|           1|
    |grp_fu_3048_p2                                 |      icmp|   0|  0|  29|          64|           1|
    |grp_fu_3053_p2                                 |      icmp|   0|  0|  29|          64|           1|
    |grp_fu_3058_p2                                 |      icmp|   0|  0|  29|          64|           1|
    |grp_fu_3063_p2                                 |      icmp|   0|  0|  29|          64|           1|
    |grp_fu_3068_p2                                 |      icmp|   0|  0|  29|          64|           1|
    |grp_fu_3073_p2                                 |      icmp|   0|  0|  29|          64|           1|
    |grp_fu_3103_p2                                 |      icmp|   0|  0|  29|          64|           1|
    |grp_fu_3109_p2                                 |      icmp|   0|  0|  29|          64|           1|
    |icmp_ln1068_100_fu_3168_p2                     |      icmp|   0|  0|  29|          64|           1|
    |icmp_ln1068_101_fu_3173_p2                     |      icmp|   0|  0|  29|          64|           1|
    |icmp_ln1068_102_fu_3178_p2                     |      icmp|   0|  0|  29|          64|           1|
    |icmp_ln1068_103_fu_3183_p2                     |      icmp|   0|  0|  29|          64|           1|
    |icmp_ln1068_104_fu_3188_p2                     |      icmp|   0|  0|  29|          64|           1|
    |icmp_ln1068_105_fu_3193_p2                     |      icmp|   0|  0|  29|          64|           1|
    |icmp_ln1068_106_fu_3198_p2                     |      icmp|   0|  0|  29|          64|           1|
    |icmp_ln1068_107_fu_3203_p2                     |      icmp|   0|  0|  29|          64|           1|
    |icmp_ln1068_108_fu_3208_p2                     |      icmp|   0|  0|  29|          64|           1|
    |icmp_ln1068_109_fu_3213_p2                     |      icmp|   0|  0|  29|          64|           1|
    |icmp_ln1068_110_fu_3218_p2                     |      icmp|   0|  0|  29|          64|           1|
    |icmp_ln1068_111_fu_3223_p2                     |      icmp|   0|  0|  29|          64|           1|
    |icmp_ln1068_112_fu_3228_p2                     |      icmp|   0|  0|  29|          64|           1|
    |icmp_ln1068_113_fu_3233_p2                     |      icmp|   0|  0|  29|          64|           1|
    |icmp_ln1068_114_fu_3238_p2                     |      icmp|   0|  0|  29|          64|           1|
    |icmp_ln1068_115_fu_3243_p2                     |      icmp|   0|  0|  29|          64|           1|
    |icmp_ln1068_116_fu_3248_p2                     |      icmp|   0|  0|  29|          64|           1|
    |icmp_ln1068_117_fu_3253_p2                     |      icmp|   0|  0|  29|          64|           1|
    |icmp_ln1068_118_fu_3258_p2                     |      icmp|   0|  0|  29|          64|           1|
    |icmp_ln1068_119_fu_3263_p2                     |      icmp|   0|  0|  29|          64|           1|
    |icmp_ln1068_120_fu_3268_p2                     |      icmp|   0|  0|  29|          64|           1|
    |icmp_ln1068_121_fu_3273_p2                     |      icmp|   0|  0|  29|          64|           1|
    |icmp_ln1068_122_fu_3278_p2                     |      icmp|   0|  0|  29|          64|           1|
    |icmp_ln1068_123_fu_3321_p2                     |      icmp|   0|  0|  29|          64|           1|
    |icmp_ln1068_185_fu_3384_p2                     |      icmp|   0|  0|  29|          64|           1|
    |icmp_ln1068_186_fu_3425_p2                     |      icmp|   0|  0|  29|          64|           1|
    |icmp_ln1068_217_fu_3438_p2                     |      icmp|   0|  0|  29|          64|           1|
    |icmp_ln1068_218_fu_3458_p2                     |      icmp|   0|  0|  29|          64|           1|
    |icmp_ln1068_219_fu_3492_p2                     |      icmp|   0|  0|  29|          64|           1|
    |icmp_ln1068_93_fu_3133_p2                      |      icmp|   0|  0|  29|          64|           1|
    |icmp_ln1068_94_fu_3138_p2                      |      icmp|   0|  0|  29|          64|           1|
    |icmp_ln1068_95_fu_3143_p2                      |      icmp|   0|  0|  29|          64|           1|
    |icmp_ln1068_96_fu_3148_p2                      |      icmp|   0|  0|  29|          64|           1|
    |icmp_ln1068_97_fu_3153_p2                      |      icmp|   0|  0|  29|          64|           1|
    |icmp_ln1068_98_fu_3158_p2                      |      icmp|   0|  0|  29|          64|           1|
    |icmp_ln1068_99_fu_3163_p2                      |      icmp|   0|  0|  29|          64|           1|
    |icmp_ln1068_fu_3127_p2                         |      icmp|   0|  0|  29|          64|           1|
    |icmp_ln1072_1_fu_3814_p2                       |      icmp|   0|  0|  29|          64|          64|
    |icmp_ln1072_fu_3678_p2                         |      icmp|   0|  0|  71|         192|         192|
    |icmp_ln112_fu_3304_p2                          |      icmp|   0|  0|  10|           6|           7|
    |icmp_ln115_fu_3333_p2                          |      icmp|   0|  0|  10|           6|           6|
    |icmp_ln140_fu_3576_p2                          |      icmp|   0|  0|  10|           7|           1|
    |icmp_ln162_fu_3720_p2                          |      icmp|   0|  0|   8|           2|           2|
    |icmp_ln217_fu_3390_p2                          |      icmp|   0|  0|  11|           8|           1|
    |icmp_ln66_4_fu_3643_p2                         |      icmp|   0|  0|   8|           2|           1|
    |icmp_ln66_5_fu_3784_p2                         |      icmp|   0|  0|   8|           3|           1|
    |icmp_ln66_6_fu_3760_p2                         |      icmp|   0|  0|   8|           2|           1|
    |icmp_ln66_fu_3603_p2                           |      icmp|   0|  0|   8|           2|           1|
    |k_V_reload_k_V_13_reload_fu_3712_p3            |    select|   0|  0|  64|           1|          64|
    |qhat_V_fu_3686_p3                              |    select|   0|  0|  64|           1|          64|
    |select_ln223_fu_3833_p3                        |    select|   0|  0|   2|           1|           2|
    |select_ln66_3_fu_3656_p3                       |    select|   0|  0|  64|           1|          64|
    |select_ln66_4_fu_3800_p3                       |    select|   0|  0|  64|           1|          64|
    |select_ln66_5_fu_3807_p3                       |    select|   0|  0|  64|           1|          64|
    |select_ln66_fu_3649_p3                         |    select|   0|  0|  64|           1|          64|
    |select_ln78_1_fu_3509_p3                       |    select|   0|  0|   2|           1|           2|
    |select_ln78_2_fu_3853_p3                       |    select|   0|  0|   2|           1|           1|
    |select_ln78_fu_3326_p3                         |    select|   0|  0|   2|           1|           1|
    |trunc_ln220_2_reload_k_V_12_reload_fu_3480_p3  |    select|   0|  0|  64|           1|          64|
    |trunc_ln6_reload_k_V_reload_fu_3413_p3         |    select|   0|  0|  64|           1|          64|
    |grp_fu_3087_p2                                 |       xor|   0|  0|   2|           1|           2|
    +-----------------------------------------------+----------+----+---+----+------------+------------+
    |Total                                          |          |   0|  0|3181|        5046|        1017|
    +-----------------------------------------------+----------+----+---+----+------------+------------+

    * Multiplexer: 
    +-------------------------------------+------+-----------+-----+-----------+
    |                 Name                |  LUT | Input Size| Bits| Total Bits|
    +-------------------------------------+------+-----------+-----+-----------+
    |ap_NS_fsm                            |  2422|        460|    1|        460|
    |ap_phi_mux_i40_0110_phi_fu_2672_p10  |    20|          4|    7|         28|
    |d_0123_reg_2195                      |     9|          2|    8|         16|
    |i40_0110_reg_2669                    |    14|          3|    7|         21|
    |i_2_fu_320                           |     9|          2|    6|         12|
    |i_assign_36_reg_2205                 |   142|         32|    5|        160|
    |i_assign_39_reg_2363                 |   142|         32|    5|        160|
    |j_1_reg_2687                         |   138|         31|    6|        186|
    |j_fu_328                             |     9|          2|    7|         14|
    |n_reg_1934                           |   142|         32|    6|        192|
    |phi_ln139_reg_2521                   |   138|         31|    6|        186|
    |q_address0                           |    14|          3|    5|         15|
    |q_d0                                 |    14|          3|   64|        192|
    |qhat_V_1_reg_2659                    |     9|          2|   65|        130|
    |r_address0                           |   237|         55|    5|        275|
    |r_address1                           |   229|         53|    5|        265|
    |r_ce0                                |    37|          7|    1|          7|
    |r_ce1                                |    25|          5|    1|          5|
    |r_d0                                 |   106|         21|   64|       1344|
    |r_d1                                 |   106|         21|   64|       1344|
    |r_we0                                |    31|          6|    1|          6|
    |r_we1                                |    25|          5|    1|          5|
    |retval_0_i590_reg_2068               |   138|         31|    6|        186|
    |retval_0_i_i363279_reg_2509          |     9|          2|    6|         12|
    |retval_0_i_i431274_reg_2351          |     9|          2|    6|         12|
    |sub_i364280_reg_2497                 |     9|          2|    5|         10|
    |sub_i432275_reg_2339                 |     9|          2|    5|         10|
    |this_r_address0                      |    81|         17|    5|         85|
    |this_r_address1                      |    81|         17|    5|         85|
    |trial_reg_2648                       |     9|          2|    2|          4|
    |v_address0                           |   321|         70|    5|        350|
    |v_address1                           |    14|          3|    5|         15|
    |v_ce0                                |    25|          5|    1|          5|
    |v_ce1                                |    14|          3|    1|          3|
    |v_d0                                 |    14|          3|   64|        192|
    |v_we0                                |    14|          3|    1|          3|
    |v_we1                                |     9|          2|    1|          2|
    |vn_V_reg_1864                        |   142|         32|   64|       2048|
    |w_digits_data_V_address0             |   113|         22|    5|        110|
    |w_digits_data_V_address1             |   100|         20|    5|        100|
    |w_digits_data_V_ce0                  |    31|          6|    1|          6|
    |w_digits_data_V_ce1                  |    14|          3|    1|          3|
    |w_digits_data_V_d0                   |    25|          5|   64|        320|
    |w_digits_data_V_d1                   |    14|          3|   64|        192|
    |w_digits_data_V_we0                  |    20|          4|    1|          4|
    |x_fu_324                             |     9|          2|    6|         12|
    +-------------------------------------+------+-----------+-----+-----------+
    |Total                                |  5242|       1073|  669|       8792|
    +-------------------------------------+------+-----------+-----+-----------+

    * Register: 
    +------------------------------------------------------+-----+----+-----+-----------+
    |                         Name                         |  FF | LUT| Bits| Const Bits|
    +------------------------------------------------------+-----+----+-----+-----------+
    |add_ln121_reg_5020                                    |    5|   0|    5|          0|
    |add_ln141_reg_5664                                    |    7|   0|    7|          0|
    |add_ln143_reg_5672                                    |    7|   0|    7|          0|
    |add_ln172_reg_5767                                    |    7|   0|    7|          0|
    |add_ln223_reg_5815                                    |   64|   0|   64|          0|
    |and_ln217_1_reg_5458                                  |    1|   0|    1|          0|
    |and_ln217_reg_5324                                    |    1|   0|    1|          0|
    |ap_CS_fsm                                             |  459|   0|  459|          0|
    |cond23_reg_5333                                       |    1|   0|    1|          0|
    |cond24_reg_5467                                       |    1|   0|    1|          0|
    |cond25_reg_5739                                       |    1|   0|    1|          0|
    |cond_reg_5016                                         |    1|   0|    1|          0|
    |conv_i247_reg_5633                                    |   64|   0|  128|         64|
    |d_0123_reg_2195                                       |    8|   0|    8|          0|
    |d_loc_fu_312                                          |    7|   0|    7|          0|
    |grp_divide_Pipeline_ADJUST_fu_2889_ap_start_reg       |    1|   0|    1|          0|
    |grp_divide_Pipeline_CLEAR_UPPER_fu_2854_ap_start_reg  |    1|   0|    1|          0|
    |grp_divide_Pipeline_COMPARE_fu_2878_ap_start_reg      |    1|   0|    1|          0|
    |grp_divide_Pipeline_NORMALIZE_fu_2815_ap_start_reg    |    1|   0|    1|          0|
    |grp_divide_Pipeline_PARTIAL_fu_2864_ap_start_reg      |    1|   0|    1|          0|
    |grp_divide_Pipeline_REM_fu_2899_ap_start_reg          |    1|   0|    1|          0|
    |grp_divide_Pipeline_SHIFT5_fu_2838_ap_start_reg       |    1|   0|    1|          0|
    |grp_divide_Pipeline_SHIFT6_fu_2911_ap_start_reg       |    1|   0|    1|          0|
    |grp_divide_Pipeline_SHIFT_fu_2822_ap_start_reg        |    1|   0|    1|          0|
    |i40_0110_reg_2669                                     |    7|   0|    7|          0|
    |i_2_fu_320                                            |    6|   0|    6|          0|
    |i_4_loc_fu_284                                        |    7|   0|    7|          0|
    |i_assign_36_reg_2205                                  |    5|   0|    5|          0|
    |i_assign_39_reg_2363                                  |    5|   0|    5|          0|
    |icmp_ln1068_123_reg_4911                              |    1|   0|    1|          0|
    |icmp_ln1068_153_reg_5002                              |    1|   0|    1|          0|
    |icmp_ln1068_154_reg_5030                              |    1|   0|    1|          0|
    |icmp_ln1068_155_reg_5039                              |    1|   0|    1|          0|
    |icmp_ln1068_156_reg_5048                              |    1|   0|    1|          0|
    |icmp_ln1068_157_reg_5057                              |    1|   0|    1|          0|
    |icmp_ln1068_158_reg_5066                              |    1|   0|    1|          0|
    |icmp_ln1068_159_reg_5075                              |    1|   0|    1|          0|
    |icmp_ln1068_160_reg_5084                              |    1|   0|    1|          0|
    |icmp_ln1068_161_reg_5093                              |    1|   0|    1|          0|
    |icmp_ln1068_162_reg_5102                              |    1|   0|    1|          0|
    |icmp_ln1068_163_reg_5111                              |    1|   0|    1|          0|
    |icmp_ln1068_164_reg_5120                              |    1|   0|    1|          0|
    |icmp_ln1068_165_reg_5129                              |    1|   0|    1|          0|
    |icmp_ln1068_166_reg_5138                              |    1|   0|    1|          0|
    |icmp_ln1068_167_reg_5147                              |    1|   0|    1|          0|
    |icmp_ln1068_168_reg_5156                              |    1|   0|    1|          0|
    |icmp_ln1068_169_reg_5165                              |    1|   0|    1|          0|
    |icmp_ln1068_170_reg_5174                              |    1|   0|    1|          0|
    |icmp_ln1068_171_reg_5183                              |    1|   0|    1|          0|
    |icmp_ln1068_172_reg_5192                              |    1|   0|    1|          0|
    |icmp_ln1068_173_reg_5201                              |    1|   0|    1|          0|
    |icmp_ln1068_174_reg_5210                              |    1|   0|    1|          0|
    |icmp_ln1068_175_reg_5219                              |    1|   0|    1|          0|
    |icmp_ln1068_176_reg_5228                              |    1|   0|    1|          0|
    |icmp_ln1068_177_reg_5237                              |    1|   0|    1|          0|
    |icmp_ln1068_178_reg_5246                              |    1|   0|    1|          0|
    |icmp_ln1068_179_reg_5255                              |    1|   0|    1|          0|
    |icmp_ln1068_180_reg_5264                              |    1|   0|    1|          0|
    |icmp_ln1068_181_reg_5273                              |    1|   0|    1|          0|
    |icmp_ln1068_182_reg_5282                              |    1|   0|    1|          0|
    |icmp_ln1068_183_reg_5291                              |    1|   0|    1|          0|
    |icmp_ln1068_184_reg_5300                              |    1|   0|    1|          0|
    |icmp_ln1068_185_reg_5314                              |    1|   0|    1|          0|
    |icmp_ln1068_218_reg_5453                              |    1|   0|    1|          0|
    |icmp_ln1068_220_reg_5489                              |    1|   0|    1|          0|
    |icmp_ln1068_221_reg_5493                              |    1|   0|    1|          0|
    |icmp_ln1068_222_reg_5497                              |    1|   0|    1|          0|
    |icmp_ln1068_223_reg_5501                              |    1|   0|    1|          0|
    |icmp_ln1068_224_reg_5505                              |    1|   0|    1|          0|
    |icmp_ln1068_225_reg_5509                              |    1|   0|    1|          0|
    |icmp_ln1068_226_reg_5513                              |    1|   0|    1|          0|
    |icmp_ln1068_227_reg_5517                              |    1|   0|    1|          0|
    |icmp_ln1068_228_reg_5521                              |    1|   0|    1|          0|
    |icmp_ln1068_229_reg_5525                              |    1|   0|    1|          0|
    |icmp_ln1068_230_reg_5529                              |    1|   0|    1|          0|
    |icmp_ln1068_231_reg_5533                              |    1|   0|    1|          0|
    |icmp_ln1068_232_reg_5537                              |    1|   0|    1|          0|
    |icmp_ln1068_233_reg_5541                              |    1|   0|    1|          0|
    |icmp_ln1068_234_reg_5545                              |    1|   0|    1|          0|
    |icmp_ln1068_235_reg_5549                              |    1|   0|    1|          0|
    |icmp_ln1068_236_reg_5553                              |    1|   0|    1|          0|
    |icmp_ln1068_237_reg_5557                              |    1|   0|    1|          0|
    |icmp_ln1068_238_reg_5561                              |    1|   0|    1|          0|
    |icmp_ln1068_239_reg_5565                              |    1|   0|    1|          0|
    |icmp_ln1068_240_reg_5569                              |    1|   0|    1|          0|
    |icmp_ln1068_241_reg_5573                              |    1|   0|    1|          0|
    |icmp_ln1068_242_reg_5577                              |    1|   0|    1|          0|
    |icmp_ln1068_243_reg_5581                              |    1|   0|    1|          0|
    |icmp_ln1068_244_reg_5585                              |    1|   0|    1|          0|
    |icmp_ln1068_245_reg_5589                              |    1|   0|    1|          0|
    |icmp_ln1068_246_reg_5593                              |    1|   0|    1|          0|
    |icmp_ln1068_247_reg_5597                              |    1|   0|    1|          0|
    |icmp_ln1068_248_reg_5601                              |    1|   0|    1|          0|
    |icmp_ln1068_249_reg_5605                              |    1|   0|    1|          0|
    |icmp_ln1068_250_reg_5609                              |    1|   0|    1|          0|
    |icmp_ln1068_251_reg_5820                              |    1|   0|    1|          0|
    |icmp_ln1068_252_reg_5824                              |    1|   0|    1|          0|
    |icmp_ln1068_253_reg_5828                              |    1|   0|    1|          0|
    |icmp_ln1068_254_reg_5832                              |    1|   0|    1|          0|
    |icmp_ln1068_255_reg_5836                              |    1|   0|    1|          0|
    |icmp_ln1068_256_reg_5840                              |    1|   0|    1|          0|
    |icmp_ln1068_257_reg_5844                              |    1|   0|    1|          0|
    |icmp_ln1068_258_reg_5848                              |    1|   0|    1|          0|
    |icmp_ln1068_259_reg_5852                              |    1|   0|    1|          0|
    |icmp_ln1068_260_reg_5856                              |    1|   0|    1|          0|
    |icmp_ln1068_261_reg_5860                              |    1|   0|    1|          0|
    |icmp_ln1068_262_reg_5864                              |    1|   0|    1|          0|
    |icmp_ln1068_263_reg_5868                              |    1|   0|    1|          0|
    |icmp_ln1068_264_reg_5872                              |    1|   0|    1|          0|
    |icmp_ln1068_265_reg_5876                              |    1|   0|    1|          0|
    |icmp_ln1068_266_reg_5880                              |    1|   0|    1|          0|
    |icmp_ln1068_267_reg_5884                              |    1|   0|    1|          0|
    |icmp_ln1068_268_reg_5888                              |    1|   0|    1|          0|
    |icmp_ln1068_269_reg_5892                              |    1|   0|    1|          0|
    |icmp_ln1068_270_reg_5896                              |    1|   0|    1|          0|
    |icmp_ln1068_271_reg_5900                              |    1|   0|    1|          0|
    |icmp_ln1068_272_reg_5904                              |    1|   0|    1|          0|
    |icmp_ln1068_273_reg_5908                              |    1|   0|    1|          0|
    |icmp_ln1068_274_reg_5912                              |    1|   0|    1|          0|
    |icmp_ln1068_275_reg_5916                              |    1|   0|    1|          0|
    |icmp_ln1068_276_reg_5920                              |    1|   0|    1|          0|
    |icmp_ln1068_277_reg_5924                              |    1|   0|    1|          0|
    |icmp_ln1068_278_reg_5928                              |    1|   0|    1|          0|
    |icmp_ln1068_279_reg_5932                              |    1|   0|    1|          0|
    |icmp_ln1068_280_reg_5936                              |    1|   0|    1|          0|
    |icmp_ln1068_reg_4456                                  |    1|   0|    1|          0|
    |icmp_ln1072_reg_5723                                  |    1|   0|    1|          0|
    |icmp_ln115_reg_5012                                   |    1|   0|    1|          0|
    |icmp_ln162_reg_5754                                   |    1|   0|    1|          0|
    |icmp_ln217_reg_5319                                   |    1|   0|    1|          0|
    |icmp_ln66_4_reg_5693                                  |    1|   0|    1|          0|
    |icmp_ln66_5_reg_5777                                  |    1|   0|    1|          0|
    |icmp_ln66_6_reg_5772                                  |    1|   0|    1|          0|
    |icmp_ln66_reg_5678                                    |    1|   0|    1|          0|
    |j_1_reg_2687                                          |    6|   0|    6|          0|
    |j_fu_328                                              |    7|   0|    7|          0|
    |k_V_12_loc_fu_300                                     |   64|   0|   64|          0|
    |k_V_13_loc_fu_292                                     |   64|   0|   64|          0|
    |k_V_17_loc_fu_280                                     |    1|   0|    1|          0|
    |k_V_loc_47_fu_308                                     |   64|   0|   64|          0|
    |k_V_loc_fu_288                                        |   64|   0|   64|          0|
    |mul_ln1072_reg_5713                                   |  192|   0|  192|          0|
    |n_reg_1934                                            |    6|   0|    6|          0|
    |phi_ln139_reg_2521                                    |    6|   0|    6|          0|
    |qhat_V_1_reg_2659                                     |   65|   0|   65|          0|
    |qhat_V_2_reg_5795                                     |   65|   0|   65|          0|
    |qhat_V_reg_5733                                       |   64|   0|   64|          0|
    |reg_3115                                              |   64|   0|   64|          0|
    |reg_3120                                              |    8|   0|    8|          0|
    |ret_2_reg_5728                                        |   64|   0|   64|          0|
    |retval_0_i590_reg_2068                                |    6|   0|    6|          0|
    |retval_0_i_i363279_reg_2509                           |    6|   0|    6|          0|
    |retval_0_i_i431274_reg_2351                           |    6|   0|    6|          0|
    |rev34_reg_5462                                        |    1|   0|    1|          0|
    |rev56_reg_5946                                        |    1|   0|    1|          0|
    |rev_reg_5328                                          |    1|   0|    1|          0|
    |select_ln223_reg_5805                                 |   64|   0|   64|          0|
    |select_ln66_3_reg_5708                                |   64|   0|   64|          0|
    |select_ln66_reg_5703                                  |   64|   0|   64|          0|
    |sext_ln140_reg_5656                                   |    8|   0|    8|          0|
    |sub_i364280_reg_2497                                  |    5|   0|    5|          0|
    |sub_i432275_reg_2339                                  |    5|   0|    5|          0|
    |targetBlock2_reg_5763                                 |    3|   0|    3|          0|
    |this_load_10_reg_4076                                 |   64|   0|   64|          0|
    |this_load_11_reg_4082                                 |   64|   0|   64|          0|
    |this_load_12_reg_4110                                 |   64|   0|   64|          0|
    |this_load_13_reg_4116                                 |   64|   0|   64|          0|
    |this_load_14_reg_4144                                 |   64|   0|   64|          0|
    |this_load_15_reg_4150                                 |   64|   0|   64|          0|
    |this_load_16_reg_4178                                 |   64|   0|   64|          0|
    |this_load_17_reg_4184                                 |   64|   0|   64|          0|
    |this_load_18_reg_4212                                 |   64|   0|   64|          0|
    |this_load_19_reg_4218                                 |   64|   0|   64|          0|
    |this_load_1_reg_3930                                  |   64|   0|   64|          0|
    |this_load_20_reg_4246                                 |   64|   0|   64|          0|
    |this_load_21_reg_4252                                 |   64|   0|   64|          0|
    |this_load_22_reg_4280                                 |   64|   0|   64|          0|
    |this_load_23_reg_4286                                 |   64|   0|   64|          0|
    |this_load_24_reg_4314                                 |   64|   0|   64|          0|
    |this_load_25_reg_4320                                 |   64|   0|   64|          0|
    |this_load_26_reg_4348                                 |   64|   0|   64|          0|
    |this_load_27_reg_4354                                 |   64|   0|   64|          0|
    |this_load_28_reg_4382                                 |   64|   0|   64|          0|
    |this_load_29_reg_4388                                 |   64|   0|   64|          0|
    |this_load_2_reg_3946                                  |   64|   0|   64|          0|
    |this_load_30_reg_4421                                 |   64|   0|   64|          0|
    |this_load_31_reg_4427                                 |   64|   0|   64|          0|
    |this_load_3_reg_3952                                  |   64|   0|   64|          0|
    |this_load_4_reg_3974                                  |   64|   0|   64|          0|
    |this_load_5_reg_3980                                  |   64|   0|   64|          0|
    |this_load_6_reg_4008                                  |   64|   0|   64|          0|
    |this_load_7_reg_4014                                  |   64|   0|   64|          0|
    |this_load_8_reg_4042                                  |   64|   0|   64|          0|
    |this_load_9_reg_4048                                  |   64|   0|   64|          0|
    |this_load_reg_3924                                    |   64|   0|   64|          0|
    |tmp_18_reg_5638                                       |    1|   0|    1|          0|
    |trial_1_reg_5758                                      |    2|   0|    2|          0|
    |trial_reg_2648                                        |    2|   0|    2|          0|
    |trunc_ln110_reg_4903                                  |    5|   0|    5|          0|
    |trunc_ln220_2_loc_fu_296                              |   64|   0|   64|          0|
    |trunc_ln220_2_reload_k_V_12_reload_reg_5472           |   64|   0|   64|          0|
    |trunc_ln223_reg_5800                                  |   64|   0|   64|          0|
    |trunc_ln6_loc_fu_304                                  |   64|   0|   64|          0|
    |trunc_ln6_reload_k_V_reload_reg_5338                  |   64|   0|   64|          0|
    |v_load_64_reg_4465                                    |   64|   0|   64|          0|
    |v_load_65_reg_4479                                    |   64|   0|   64|          0|
    |v_load_66_reg_4493                                    |   64|   0|   64|          0|
    |v_load_67_reg_4507                                    |   64|   0|   64|          0|
    |v_load_68_reg_4521                                    |   64|   0|   64|          0|
    |v_load_69_reg_4535                                    |   64|   0|   64|          0|
    |v_load_70_reg_4549                                    |   64|   0|   64|          0|
    |v_load_71_reg_4563                                    |   64|   0|   64|          0|
    |v_load_72_reg_4577                                    |   64|   0|   64|          0|
    |v_load_73_reg_4591                                    |   64|   0|   64|          0|
    |v_load_74_reg_4605                                    |   64|   0|   64|          0|
    |v_load_75_reg_4619                                    |   64|   0|   64|          0|
    |v_load_76_reg_4633                                    |   64|   0|   64|          0|
    |v_load_77_reg_4647                                    |   64|   0|   64|          0|
    |v_load_78_reg_4661                                    |   64|   0|   64|          0|
    |v_load_79_reg_4675                                    |   64|   0|   64|          0|
    |v_load_80_reg_4689                                    |   64|   0|   64|          0|
    |v_load_81_reg_4703                                    |   64|   0|   64|          0|
    |v_load_82_reg_4717                                    |   64|   0|   64|          0|
    |v_load_83_reg_4731                                    |   64|   0|   64|          0|
    |v_load_84_reg_4745                                    |   64|   0|   64|          0|
    |v_load_85_reg_4759                                    |   64|   0|   64|          0|
    |v_load_86_reg_4773                                    |   64|   0|   64|          0|
    |v_load_87_reg_4787                                    |   64|   0|   64|          0|
    |v_load_88_reg_4801                                    |   64|   0|   64|          0|
    |v_load_89_reg_4815                                    |   64|   0|   64|          0|
    |v_load_90_reg_4829                                    |   64|   0|   64|          0|
    |v_load_91_reg_4843                                    |   64|   0|   64|          0|
    |v_load_92_reg_4857                                    |   64|   0|   64|          0|
    |v_load_93_reg_4871                                    |   64|   0|   64|          0|
    |v_load_94_reg_4885                                    |   64|   0|   64|          0|
    |vn_V_reg_1864                                         |   64|   0|   64|          0|
    |w_digits_data_V_addr_32_reg_5642                      |    5|   0|    5|          0|
    |w_digits_data_V_load_2_reg_5810                       |   64|   0|   64|          0|
    |x_7_reg_5651                                          |    6|   0|    6|          0|
    |x_fu_324                                              |    6|   0|    6|          0|
    |zext_ln110_reg_4897                                   |    6|   0|    7|          1|
    |zext_ln143_reg_5744                                   |    7|   0|   64|         57|
    +------------------------------------------------------+-----+----+-----+-----------+
    |Total                                                 | 6336|   0| 6458|        122|
    +------------------------------------------------------+-----+----+-----+-----------+



================================================================
== Interface
================================================================
* Summary: 
+-----------------+-----+-----+------------+--------------+--------------+
|    RTL Ports    | Dir | Bits|  Protocol  | Source Object|    C Type    |
+-----------------+-----+-----+------------+--------------+--------------+
|ap_clk           |   in|    1|  ap_ctrl_hs|        divide|  return value|
|ap_rst           |   in|    1|  ap_ctrl_hs|        divide|  return value|
|ap_start         |   in|    1|  ap_ctrl_hs|        divide|  return value|
|ap_done          |  out|    1|  ap_ctrl_hs|        divide|  return value|
|ap_idle          |  out|    1|  ap_ctrl_hs|        divide|  return value|
|ap_ready         |  out|    1|  ap_ctrl_hs|        divide|  return value|
|this_r_address0  |  out|    5|   ap_memory|        this_r|         array|
|this_r_ce0       |  out|    1|   ap_memory|        this_r|         array|
|this_r_q0        |   in|   64|   ap_memory|        this_r|         array|
|this_r_address1  |  out|    5|   ap_memory|        this_r|         array|
|this_r_ce1       |  out|    1|   ap_memory|        this_r|         array|
|this_r_q1        |   in|   64|   ap_memory|        this_r|         array|
|v_address0       |  out|    5|   ap_memory|             v|         array|
|v_ce0            |  out|    1|   ap_memory|             v|         array|
|v_we0            |  out|    1|   ap_memory|             v|         array|
|v_d0             |  out|   64|   ap_memory|             v|         array|
|v_q0             |   in|   64|   ap_memory|             v|         array|
|v_address1       |  out|    5|   ap_memory|             v|         array|
|v_ce1            |  out|    1|   ap_memory|             v|         array|
|v_we1            |  out|    1|   ap_memory|             v|         array|
|v_d1             |  out|   64|   ap_memory|             v|         array|
|v_q1             |   in|   64|   ap_memory|             v|         array|
|q_address0       |  out|    5|   ap_memory|             q|         array|
|q_ce0            |  out|    1|   ap_memory|             q|         array|
|q_we0            |  out|    1|   ap_memory|             q|         array|
|q_d0             |  out|   64|   ap_memory|             q|         array|
|r_address0       |  out|    5|   ap_memory|             r|         array|
|r_ce0            |  out|    1|   ap_memory|             r|         array|
|r_we0            |  out|    1|   ap_memory|             r|         array|
|r_d0             |  out|   64|   ap_memory|             r|         array|
|r_q0             |   in|   64|   ap_memory|             r|         array|
|r_address1       |  out|    5|   ap_memory|             r|         array|
|r_ce1            |  out|    1|   ap_memory|             r|         array|
|r_we1            |  out|    1|   ap_memory|             r|         array|
|r_d1             |  out|   64|   ap_memory|             r|         array|
|r_q1             |   in|   64|   ap_memory|             r|         array|
+-----------------+-----+-----+------------+--------------+--------------+

