

================================================================
== Vitis HLS Report for 'dut'
================================================================
* Date:           Thu Dec 19 08:56:15 2024

* Version:        2021.2 (Build 3367213 on Tue Oct 19 02:48:09 MDT 2021)
* Project:        rsa.prj
* Solution:       solution1 (Vivado IP Flow Target)
* Product family: zynq
* Target device:  xc7z020-clg484-1


================================================================
== Performance Estimates
================================================================
+ Timing: 
    * Summary: 
    +--------+---------+----------+------------+
    |  Clock |  Target | Estimated| Uncertainty|
    +--------+---------+----------+------------+
    |ap_clk  |  8.50 ns|  7.147 ns|     2.30 ns|
    +--------+---------+----------+------------+

+ Latency: 
    * Summary: 
    +---------+----------+----------+-----------+-----+----------+---------+
    |  Latency (cycles)  |  Latency (absolute)  |    Interval    | Pipeline|
    |   min   |    max   |    min   |    max    | min |    max   |   Type  |
    +---------+----------+----------+-----------+-----+----------+---------+
    |      207|  66757594|  1.760 us|  0.567 sec|  208|  66757595|       no|
    +---------+----------+----------+-----------+-----+----------+---------+

    + Detail: 
        * Instance: 
        +------------------------------------------+------------------------------+---------+---------+-----------+-----------+------+-------+---------+
        |                                          |                              |  Latency (cycles) |   Latency (absolute)  |   Interval   | Pipeline|
        |                 Instance                 |            Module            |   min   |   max   |    min    |    max    |  min |  max  |   Type  |
        +------------------------------------------+------------------------------+---------+---------+-----------+-----------+------+-------+---------+
        |grp_dut_Pipeline_READ_LOOP_fu_5385        |dut_Pipeline_READ_LOOP        |       35|       35|   0.297 us|   0.297 us|    35|     35|       no|
        |grp_dut_Pipeline_READ_LOOP3_fu_5392       |dut_Pipeline_READ_LOOP3       |       35|       35|   0.297 us|   0.297 us|    35|     35|       no|
        |grp_dut_Pipeline_READ_LOOP4_fu_5399       |dut_Pipeline_READ_LOOP4       |       35|       35|   0.297 us|   0.297 us|    35|     35|       no|
        |grp_dut_Pipeline_VITIS_LOOP_14_1_fu_5406  |dut_Pipeline_VITIS_LOOP_14_1  |        6|       68|  51.000 ns|   0.578 us|     6|     68|       no|
        |grp_divide_fu_5412                        |divide                        |       53|    28313|   0.451 us|   0.241 ms|    53|  28313|       no|
        |grp_operator_lt_fu_5420                   |operator_lt                   |        6|      163|  51.000 ns|   1.385 us|     6|    163|       no|
        |grp_operator_mul_fu_5426                  |operator_mul                  |     4119|     4119|  35.011 us|  35.011 us|  4119|   4119|       no|
        |grp_dut_Pipeline_SHIFT_fu_5433            |dut_Pipeline_SHIFT            |        7|       52|  59.500 ns|   0.442 us|     7|     52|       no|
        |grp_operator_1_fu_5440                    |operator_1                    |     4119|     4119|  35.011 us|  35.011 us|  4119|   4119|       no|
        |grp_dut_Pipeline_WRITE_LOOP_fu_5446       |dut_Pipeline_WRITE_LOOP       |       35|       35|   0.297 us|   0.297 us|    35|     35|       no|
        +------------------------------------------+------------------------------+---------+---------+-----------+-----------+------+-------+---------+

        * Loop: 
        +-------------+---------+----------+-----------+-----------+-----------+------+----------+
        |             |  Latency (cycles)  | Iteration |  Initiation Interval  | Trip |          |
        |  Loop Name  |   min   |    max   |  Latency  |  achieved |   target  | Count| Pipelined|
        +-------------+---------+----------+-----------+-----------+-----------+------+----------+
        |- POWM_LOOP  |     9216|  66728960|  9 ~ 65165|          -|          -|  1024|        no|
        +-------------+---------+----------+-----------+-----------+-----------+------+----------+



================================================================
== Utilization Estimates
================================================================
* Summary: 
+-----------------+---------+-----+--------+-------+-----+
|       Name      | BRAM_18K| DSP |   FF   |  LUT  | URAM|
+-----------------+---------+-----+--------+-------+-----+
|DSP              |        -|    -|       -|      -|    -|
|Expression       |        -|    -|       0|     86|    -|
|FIFO             |        -|    -|       -|      -|    -|
|Instance         |        4|   45|   15422|  25612|    0|
|Memory           |       76|    -|       2|      1|    0|
|Multiplexer      |        -|    -|       -|   8227|    -|
|Register         |        -|    -|   10562|      -|    -|
+-----------------+---------+-----+--------+-------+-----+
|Total            |       80|   45|   25986|  33926|    0|
+-----------------+---------+-----+--------+-------+-----+
|Available        |      280|  220|  106400|  53200|    0|
+-----------------+---------+-----+--------+-------+-----+
|Utilization (%)  |       28|   20|      24|     63|    0|
+-----------------+---------+-----+--------+-------+-----+

+ Detail: 
    * Instance: 
    +------------------------------------------+------------------------------+---------+----+-------+-------+-----+
    |                 Instance                 |            Module            | BRAM_18K| DSP|   FF  |  LUT  | URAM|
    +------------------------------------------+------------------------------+---------+----+-------+-------+-----+
    |grp_divide_fu_5412                        |divide                        |        4|  27|  11497|  17807|    0|
    |grp_dut_Pipeline_READ_LOOP_fu_5385        |dut_Pipeline_READ_LOOP        |        0|   0|     85|     99|    0|
    |grp_dut_Pipeline_READ_LOOP3_fu_5392       |dut_Pipeline_READ_LOOP3       |        0|   0|     85|     99|    0|
    |grp_dut_Pipeline_READ_LOOP4_fu_5399       |dut_Pipeline_READ_LOOP4       |        0|   0|     85|     99|    0|
    |grp_dut_Pipeline_SHIFT_fu_5433            |dut_Pipeline_SHIFT            |        0|   0|    222|    165|    0|
    |grp_dut_Pipeline_VITIS_LOOP_14_1_fu_5406  |dut_Pipeline_VITIS_LOOP_14_1  |        0|   0|     22|    150|    0|
    |grp_dut_Pipeline_WRITE_LOOP_fu_5446       |dut_Pipeline_WRITE_LOOP       |        0|   0|     75|    109|    0|
    |mul_64ns_64ns_128_3_1_U92                 |mul_64ns_64ns_128_3_1         |        0|   9|     34|     47|    0|
    |mul_64ns_64ns_128_3_1_U93                 |mul_64ns_64ns_128_3_1         |        0|   9|     34|     47|    0|
    |grp_operator_1_fu_5440                    |operator_1                    |        0|   0|   1432|   1489|    0|
    |grp_operator_lt_fu_5420                   |operator_lt                   |        0|   0|    419|   4026|    0|
    |grp_operator_mul_fu_5426                  |operator_mul                  |        0|   0|   1432|   1475|    0|
    +------------------------------------------+------------------------------+---------+----+-------+-------+-----+
    |Total                                     |                              |        4|  45|  15422|  25612|    0|
    +------------------------------------------+------------------------------+---------+----+-------+-------+-----+

    * DSP: 
    N/A

    * Memory: 
    +---------------------------+--------------------------------------+---------+---+----+-----+------+-----+------+-------------+
    |           Memory          |                Module                | BRAM_18K| FF| LUT| URAM| Words| Bits| Banks| W*Bits*Banks|
    +---------------------------+--------------------------------------+---------+---+----+-----+------+-----+------+-------------+
    |agg_tmp2_i99_i_U           |divide_w_digits_data_V_RAM_AUTO_1R1W  |        4|  0|   0|    0|    32|   64|     1|         2048|
    |agg_tmp2_i43_i_U           |divide_w_digits_data_V_RAM_AUTO_1R1W  |        4|  0|   0|    0|    32|   64|     1|         2048|
    |agg_tmp2_i_i33_U           |divide_w_digits_data_V_RAM_AUTO_1R1W  |        4|  0|   0|    0|    32|   64|     1|         2048|
    |result_digits_data_V_U     |divide_w_digits_data_V_RAM_AUTO_1R1W  |        4|  0|   0|    0|    32|   64|     1|         2048|
    |b_digits_data_V_U          |divide_w_digits_data_V_RAM_AUTO_1R1W  |        4|  0|   0|    0|    32|   64|     1|         2048|
    |e_digits_data_V_U          |divide_w_digits_data_V_RAM_AUTO_1R1W  |        4|  0|   0|    0|    32|   64|     1|         2048|
    |r_digits_data_V_U          |divide_w_digits_data_V_RAM_AUTO_1R1W  |        4|  0|   0|    0|    32|   64|     1|         2048|
    |r_digits_data_V_1_U        |divide_w_digits_data_V_RAM_AUTO_1R1W  |        4|  0|   0|    0|    32|   64|     1|         2048|
    |u_digits_data_V_2_U        |divide_w_digits_data_V_RAM_AUTO_1R1W  |        4|  0|   0|    0|    32|   64|     1|         2048|
    |r_digits_data_V_2_U        |divide_w_digits_data_V_RAM_AUTO_1R1W  |        4|  0|   0|    0|    32|   64|     1|         2048|
    |u_digits_data_V_3_U        |divide_w_digits_data_V_RAM_AUTO_1R1W  |        4|  0|   0|    0|    32|   64|     1|         2048|
    |base_digits_data_V_U       |divide_w_digits_data_V_RAM_AUTO_1R1W  |        4|  0|   0|    0|    32|   64|     1|         2048|
    |exponent_digits_data_V_U   |divide_w_digits_data_V_RAM_AUTO_1R1W  |        4|  0|   0|    0|    32|   64|     1|         2048|
    |modulus_digits_data_V_2_U  |divide_w_digits_data_V_RAM_AUTO_1R1W  |        4|  0|   0|    0|    32|   64|     1|         2048|
    |modulus_digits_data_V_U    |modulus_digits_data_V_RAM_AUTO_1R1W   |        4|  0|   0|    0|    32|   64|     1|         2048|
    |num_digits_data_V_U        |modulus_digits_data_V_RAM_AUTO_1R1W   |        4|  0|   0|    0|    32|   64|     1|         2048|
    |q_digits_data_V_U          |q_digits_data_V_RAM_AUTO_0R0W         |        4|  0|   0|    0|    32|   64|     1|         2048|
    |q_digits_data_V_1_U        |q_digits_data_V_RAM_AUTO_0R0W         |        4|  0|   0|    0|    32|   64|     1|         2048|
    |q_digits_data_V_2_U        |q_digits_data_V_RAM_AUTO_0R0W         |        4|  0|   0|    0|    32|   64|     1|         2048|
    |zero_digits_data_V_U       |zero_digits_data_V_RAM_AUTO_1R1W      |        0|  2|   1|    0|    32|    1|     1|           32|
    +---------------------------+--------------------------------------+---------+---+----+-----+------+-----+------+-------------+
    |Total                      |                                      |       76|  2|   1|    0|   640| 1217|    20|        38944|
    +---------------------------+--------------------------------------+---------+---+----+-----+------+-----+------+-------------+

    * FIFO: 
    N/A

    * Expression: 
    +-----------------------------------+----------+----+---+----+------------+------------+
    |           Variable Name           | Operation| DSP| FF| LUT| Bitwidth P0| Bitwidth P1|
    +-----------------------------------+----------+----+---+----+------------+------------+
    |i_2_fu_5529_p2                     |         +|   0|  0|  12|          11|           1|
    |grp_fu_5453_p2                     |      icmp|   0|  0|  29|          64|           1|
    |grp_fu_5459_p2                     |      icmp|   0|  0|  29|          64|           1|
    |icmp_ln55_fu_5523_p2               |      icmp|   0|  0|  12|          11|          12|
    |ap_block_state183_on_subcall_done  |        or|   0|  0|   2|           1|           1|
    |select_ln78_fu_5539_p3             |    select|   0|  0|   2|           1|           1|
    +-----------------------------------+----------+----+---+----+------------+------------+
    |Total                              |          |   0|  0|  86|         152|          17|
    +-----------------------------------+----------+----+---+----+------------+------------+

    * Multiplexer: 
    +----------------------------------+------+-----------+-----+-----------+
    |               Name               |  LUT | Input Size| Bits| Total Bits|
    +----------------------------------+------+-----------+-----+-----------+
    |agg_tmp2_i43_i_address0           |    87|         18|    5|         90|
    |agg_tmp2_i43_i_address1           |    87|         18|    5|         90|
    |agg_tmp2_i43_i_ce0                |    14|          3|    1|          3|
    |agg_tmp2_i43_i_ce1                |    14|          3|    1|          3|
    |agg_tmp2_i43_i_d0                 |    87|         18|   64|       1152|
    |agg_tmp2_i43_i_d1                 |    87|         18|   64|       1152|
    |agg_tmp2_i43_i_we0                |    14|          3|    1|          3|
    |agg_tmp2_i43_i_we1                |    14|          3|    1|          3|
    |agg_tmp2_i99_i_address0           |    87|         18|    5|         90|
    |agg_tmp2_i99_i_address1           |    87|         18|    5|         90|
    |agg_tmp2_i99_i_ce0                |    14|          3|    1|          3|
    |agg_tmp2_i99_i_ce1                |    14|          3|    1|          3|
    |agg_tmp2_i99_i_d0                 |    87|         18|   64|       1152|
    |agg_tmp2_i99_i_d1                 |    87|         18|   64|       1152|
    |agg_tmp2_i99_i_we0                |    14|          3|    1|          3|
    |agg_tmp2_i99_i_we1                |    14|          3|    1|          3|
    |agg_tmp2_i_i33_address0           |    87|         18|    5|         90|
    |agg_tmp2_i_i33_address1           |    87|         18|    5|         90|
    |agg_tmp2_i_i33_ce0                |    14|          3|    1|          3|
    |agg_tmp2_i_i33_ce1                |    14|          3|    1|          3|
    |agg_tmp2_i_i33_d0                 |    87|         18|   64|       1152|
    |agg_tmp2_i_i33_d1                 |    87|         18|   64|       1152|
    |agg_tmp2_i_i33_we0                |    14|          3|    1|          3|
    |agg_tmp2_i_i33_we1                |    14|          3|    1|          3|
    |agg_tmp_sroa_0_0_reg_5013         |     9|          2|   64|        128|
    |agg_tmp_sroa_12_0_reg_5061        |     9|          2|   64|        128|
    |agg_tmp_sroa_15_0_reg_5049        |     9|          2|   64|        128|
    |agg_tmp_sroa_18_0_reg_5085        |     9|          2|   64|        128|
    |agg_tmp_sroa_21_0_reg_5073        |     9|          2|   64|        128|
    |agg_tmp_sroa_24_0_reg_5109        |     9|          2|   64|        128|
    |agg_tmp_sroa_27_0_reg_5097        |     9|          2|   64|        128|
    |agg_tmp_sroa_30_0_reg_5133        |     9|          2|   64|        128|
    |agg_tmp_sroa_33_0_reg_5121        |     9|          2|   64|        128|
    |agg_tmp_sroa_36_0_reg_5157        |     9|          2|   64|        128|
    |agg_tmp_sroa_39_0_reg_5145        |     9|          2|   64|        128|
    |agg_tmp_sroa_3_1_reg_5001         |     9|          2|   64|        128|
    |agg_tmp_sroa_42_0_reg_5181        |     9|          2|   64|        128|
    |agg_tmp_sroa_45_0_reg_5169        |     9|          2|   64|        128|
    |agg_tmp_sroa_48_0_reg_5205        |     9|          2|   64|        128|
    |agg_tmp_sroa_51_0_reg_5193        |     9|          2|   64|        128|
    |agg_tmp_sroa_54_0_reg_5229        |     9|          2|   64|        128|
    |agg_tmp_sroa_57_0_reg_5217        |     9|          2|   64|        128|
    |agg_tmp_sroa_60_0_reg_5253        |     9|          2|   64|        128|
    |agg_tmp_sroa_63_0_reg_5241        |     9|          2|   64|        128|
    |agg_tmp_sroa_66_0_reg_5277        |     9|          2|   64|        128|
    |agg_tmp_sroa_69_0_reg_5265        |     9|          2|   64|        128|
    |agg_tmp_sroa_6_0_reg_5037         |     9|          2|   64|        128|
    |agg_tmp_sroa_72_0_reg_5301        |     9|          2|   64|        128|
    |agg_tmp_sroa_75_0_reg_5289        |     9|          2|   64|        128|
    |agg_tmp_sroa_78_0_reg_5325        |     9|          2|   64|        128|
    |agg_tmp_sroa_81_0_reg_5313        |     9|          2|   64|        128|
    |agg_tmp_sroa_84_0_reg_5349        |     9|          2|   64|        128|
    |agg_tmp_sroa_87_0_reg_5337        |     9|          2|   64|        128|
    |agg_tmp_sroa_90_0_reg_5373        |     9|          2|   64|        128|
    |agg_tmp_sroa_93_0_reg_5361        |     9|          2|   64|        128|
    |agg_tmp_sroa_9_0_reg_5025         |     9|          2|   64|        128|
    |ap_NS_fsm                         |  1340|        252|    1|        252|
    |b_digits_data_V_address0          |   159|         36|    5|        180|
    |b_digits_data_V_address1          |   155|         35|    5|        175|
    |b_digits_data_V_ce0               |    25|          5|    1|          5|
    |b_digits_data_V_ce1               |    20|          4|    1|          4|
    |b_digits_data_V_d0                |    87|         18|   64|       1152|
    |b_digits_data_V_d1                |    87|         18|   64|       1152|
    |base_digits_data_V_address0       |   151|         34|    5|        170|
    |base_digits_data_V_address1       |   147|         33|    5|        165|
    |base_digits_data_V_ce0            |    14|          3|    1|          3|
    |base_digits_data_V_d0             |    14|          3|   64|        192|
    |base_digits_data_V_we0            |    14|          3|    1|          3|
    |e_digits_data_V_address0          |   155|         35|    5|        175|
    |e_digits_data_V_address1          |   151|         34|    5|        170|
    |e_digits_data_V_ce0               |    20|          4|    1|          4|
    |e_digits_data_V_ce1               |    14|          3|    1|          3|
    |e_digits_data_V_d0                |    81|         17|   64|       1088|
    |e_digits_data_V_d1                |    81|         17|   64|       1088|
    |e_digits_data_V_we0               |    14|          3|    1|          3|
    |e_digits_data_V_we1               |    14|          3|    1|          3|
    |exponent_digits_data_V_address0   |   151|         34|    5|        170|
    |exponent_digits_data_V_address1   |   147|         33|    5|        165|
    |exponent_digits_data_V_ce0        |    14|          3|    1|          3|
    |exponent_digits_data_V_d0         |    14|          3|   64|        192|
    |exponent_digits_data_V_we0        |    14|          3|    1|          3|
    |grp_divide_fu_5412_r_q0           |    20|          4|   64|        256|
    |grp_divide_fu_5412_r_q1           |    20|          4|   64|        256|
    |grp_divide_fu_5412_this_r_q0      |    20|          4|   64|        256|
    |grp_divide_fu_5412_this_r_q1      |    20|          4|   64|        256|
    |grp_divide_fu_5412_v_q0           |    20|          4|   64|        256|
    |grp_divide_fu_5412_v_q1           |    20|          4|   64|        256|
    |grp_fu_8482_ce                    |    14|          3|    1|          3|
    |grp_fu_8482_p0                    |    14|          3|   64|        192|
    |grp_fu_8482_p1                    |    14|          3|   64|        192|
    |grp_fu_8486_ce                    |    14|          3|    1|          3|
    |grp_fu_8486_p0                    |    14|          3|   64|        192|
    |grp_fu_8486_p1                    |    14|          3|   64|        192|
    |i_fu_266                          |     9|          2|   11|         22|
    |j_reg_4873                        |   138|         31|    6|        186|
    |modulus_digits_data_V_2_address0  |   151|         34|    5|        170|
    |modulus_digits_data_V_2_address1  |   147|         33|    5|        165|
    |modulus_digits_data_V_2_ce0       |    14|          3|    1|          3|
    |modulus_digits_data_V_2_d0        |    14|          3|   64|        192|
    |modulus_digits_data_V_2_we0       |    14|          3|    1|          3|
    |modulus_digits_data_V_address0    |    87|         18|    5|         90|
    |modulus_digits_data_V_address1    |    81|         17|    5|         85|
    |modulus_digits_data_V_ce0         |    14|          3|    1|          3|
    |modulus_digits_data_V_d0          |    81|         17|   64|       1088|
    |modulus_digits_data_V_d1          |    81|         17|   64|       1088|
    |num_digits_data_V_address0        |    87|         18|    5|         90|
    |num_digits_data_V_address1        |    81|         17|    5|         85|
    |num_digits_data_V_ce0             |    14|          3|    1|          3|
    |num_digits_data_V_d0              |    81|         17|   64|       1088|
    |num_digits_data_V_d1              |    81|         17|   64|       1088|
    |q_digits_data_V_1_address0        |    87|         18|    5|         90|
    |q_digits_data_V_1_address1        |    81|         17|    5|         85|
    |q_digits_data_V_1_ce0             |    14|          3|    1|          3|
    |q_digits_data_V_1_d0              |    14|          3|   64|        192|
    |q_digits_data_V_1_we0             |    14|          3|    1|          3|
    |q_digits_data_V_2_address0        |    87|         18|    5|         90|
    |q_digits_data_V_2_address1        |    81|         17|    5|         85|
    |q_digits_data_V_2_ce0             |    14|          3|    1|          3|
    |q_digits_data_V_2_d0              |    14|          3|   64|        192|
    |q_digits_data_V_2_we0             |    14|          3|    1|          3|
    |q_digits_data_V_address0          |    87|         18|    5|         90|
    |q_digits_data_V_address1          |    81|         17|    5|         85|
    |q_digits_data_V_ce0               |    14|          3|    1|          3|
    |q_digits_data_V_d0                |    14|          3|   64|        192|
    |q_digits_data_V_we0               |    14|          3|    1|          3|
    |r_digits_data_V_1_address0        |    87|         18|    5|         90|
    |r_digits_data_V_1_address1        |    87|         18|    5|         90|
    |r_digits_data_V_1_ce0             |    14|          3|    1|          3|
    |r_digits_data_V_1_ce1             |    14|          3|    1|          3|
    |r_digits_data_V_1_d0              |    14|          3|   64|        192|
    |r_digits_data_V_1_d1              |    14|          3|   64|        192|
    |r_digits_data_V_1_we0             |    14|          3|    1|          3|
    |r_digits_data_V_1_we1             |    14|          3|    1|          3|
    |r_digits_data_V_2_address0        |    87|         18|    5|         90|
    |r_digits_data_V_2_address1        |    87|         18|    5|         90|
    |r_digits_data_V_2_ce0             |    14|          3|    1|          3|
    |r_digits_data_V_2_ce1             |    14|          3|    1|          3|
    |r_digits_data_V_2_d0              |    14|          3|   64|        192|
    |r_digits_data_V_2_d1              |    14|          3|   64|        192|
    |r_digits_data_V_2_we0             |    14|          3|    1|          3|
    |r_digits_data_V_2_we1             |    14|          3|    1|          3|
    |r_digits_data_V_address0          |   151|         34|    5|        170|
    |r_digits_data_V_address1          |   151|         34|    5|        170|
    |r_digits_data_V_ce0               |    14|          3|    1|          3|
    |r_digits_data_V_ce1               |    14|          3|    1|          3|
    |r_digits_data_V_d0                |    14|          3|   64|        192|
    |r_digits_data_V_d1                |    14|          3|   64|        192|
    |r_digits_data_V_we0               |    14|          3|    1|          3|
    |r_digits_data_V_we1               |    14|          3|    1|          3|
    |result_digits_data_V_address0     |   155|         35|    5|        175|
    |result_digits_data_V_address1     |   151|         34|    5|        170|
    |result_digits_data_V_ce0          |    20|          4|    1|          4|
    |result_digits_data_V_ce1          |    14|          3|    1|          3|
    |result_digits_data_V_d0           |    14|          3|   64|        192|
    |result_digits_data_V_d1           |    20|          4|   64|        256|
    |strm_in_read                      |    20|          4|    1|          4|
    |strm_out_write                    |     9|          2|    1|          2|
    |u_digits_data_V_2_address0        |    14|          3|    5|         15|
    |u_digits_data_V_2_address1        |    14|          3|    5|         15|
    |u_digits_data_V_2_ce0             |    14|          3|    1|          3|
    |u_digits_data_V_2_ce1             |    14|          3|    1|          3|
    |u_digits_data_V_2_we0             |     9|          2|    1|          2|
    |u_digits_data_V_2_we1             |     9|          2|    1|          2|
    |u_digits_data_V_3_address0        |    14|          3|    5|         15|
    |u_digits_data_V_3_address1        |    14|          3|    5|         15|
    |u_digits_data_V_3_ce0             |    14|          3|    1|          3|
    |u_digits_data_V_3_ce1             |    14|          3|    1|          3|
    |u_digits_data_V_3_we0             |     9|          2|    1|          2|
    |u_digits_data_V_3_we1             |     9|          2|    1|          2|
    |zero_digits_data_V_address0       |    87|         18|    5|         90|
    |zero_digits_data_V_address1       |    81|         17|    5|         85|
    |zero_digits_data_V_ce0            |    14|          3|    1|          3|
    +----------------------------------+------+-----------+-----+-----------+
    |Total                             |  8227|       1732| 4757|      29934|
    +----------------------------------+------+-----------+-----+-----------+

    * Register: 
    +-------------------------------------------------------+-----+----+-----+-----------+
    |                          Name                         |  FF | LUT| Bits| Const Bits|
    +-------------------------------------------------------+-----+----+-----+-----------+
    |agg_tmp_sroa_0_0_reg_5013                              |   64|   0|   64|          0|
    |agg_tmp_sroa_12_0_reg_5061                             |   64|   0|   64|          0|
    |agg_tmp_sroa_15_0_reg_5049                             |   64|   0|   64|          0|
    |agg_tmp_sroa_18_0_reg_5085                             |   64|   0|   64|          0|
    |agg_tmp_sroa_21_0_reg_5073                             |   64|   0|   64|          0|
    |agg_tmp_sroa_24_0_reg_5109                             |   64|   0|   64|          0|
    |agg_tmp_sroa_27_0_reg_5097                             |   64|   0|   64|          0|
    |agg_tmp_sroa_30_0_reg_5133                             |   64|   0|   64|          0|
    |agg_tmp_sroa_33_0_reg_5121                             |   64|   0|   64|          0|
    |agg_tmp_sroa_36_0_reg_5157                             |   64|   0|   64|          0|
    |agg_tmp_sroa_39_0_reg_5145                             |   64|   0|   64|          0|
    |agg_tmp_sroa_3_1_reg_5001                              |   64|   0|   64|          0|
    |agg_tmp_sroa_42_0_reg_5181                             |   64|   0|   64|          0|
    |agg_tmp_sroa_45_0_reg_5169                             |   64|   0|   64|          0|
    |agg_tmp_sroa_48_0_reg_5205                             |   64|   0|   64|          0|
    |agg_tmp_sroa_51_0_reg_5193                             |   64|   0|   64|          0|
    |agg_tmp_sroa_54_0_reg_5229                             |   64|   0|   64|          0|
    |agg_tmp_sroa_57_0_reg_5217                             |   64|   0|   64|          0|
    |agg_tmp_sroa_60_0_reg_5253                             |   64|   0|   64|          0|
    |agg_tmp_sroa_63_0_reg_5241                             |   64|   0|   64|          0|
    |agg_tmp_sroa_66_0_reg_5277                             |   64|   0|   64|          0|
    |agg_tmp_sroa_69_0_reg_5265                             |   64|   0|   64|          0|
    |agg_tmp_sroa_6_0_reg_5037                              |   64|   0|   64|          0|
    |agg_tmp_sroa_72_0_reg_5301                             |   64|   0|   64|          0|
    |agg_tmp_sroa_75_0_reg_5289                             |   64|   0|   64|          0|
    |agg_tmp_sroa_78_0_reg_5325                             |   64|   0|   64|          0|
    |agg_tmp_sroa_81_0_reg_5313                             |   64|   0|   64|          0|
    |agg_tmp_sroa_84_0_reg_5349                             |   64|   0|   64|          0|
    |agg_tmp_sroa_87_0_reg_5337                             |   64|   0|   64|          0|
    |agg_tmp_sroa_90_0_reg_5373                             |   64|   0|   64|          0|
    |agg_tmp_sroa_93_0_reg_5361                             |   64|   0|   64|          0|
    |agg_tmp_sroa_9_0_reg_5025                              |   64|   0|   64|          0|
    |ap_CS_fsm                                              |  251|   0|  251|          0|
    |grp_divide_fu_5412_ap_start_reg                        |    1|   0|    1|          0|
    |grp_dut_Pipeline_READ_LOOP3_fu_5392_ap_start_reg       |    1|   0|    1|          0|
    |grp_dut_Pipeline_READ_LOOP4_fu_5399_ap_start_reg       |    1|   0|    1|          0|
    |grp_dut_Pipeline_READ_LOOP_fu_5385_ap_start_reg        |    1|   0|    1|          0|
    |grp_dut_Pipeline_SHIFT_fu_5433_ap_start_reg            |    1|   0|    1|          0|
    |grp_dut_Pipeline_VITIS_LOOP_14_1_fu_5406_ap_start_reg  |    1|   0|    1|          0|
    |grp_dut_Pipeline_WRITE_LOOP_fu_5446_ap_start_reg       |    1|   0|    1|          0|
    |grp_operator_1_fu_5440_ap_start_reg                    |    1|   0|    1|          0|
    |grp_operator_lt_fu_5420_ap_start_reg                   |    1|   0|    1|          0|
    |grp_operator_mul_fu_5426_ap_start_reg                  |    1|   0|    1|          0|
    |i_2_reg_8179                                           |   11|   0|   11|          0|
    |i_fu_266                                               |   11|   0|   11|          0|
    |icmp_ln1068_62_reg_8196                                |    1|   0|    1|          0|
    |icmp_ln1068_63_reg_8200                                |    1|   0|    1|          0|
    |icmp_ln1068_64_reg_8204                                |    1|   0|    1|          0|
    |icmp_ln1068_65_reg_8208                                |    1|   0|    1|          0|
    |icmp_ln1068_66_reg_8212                                |    1|   0|    1|          0|
    |icmp_ln1068_67_reg_8216                                |    1|   0|    1|          0|
    |icmp_ln1068_68_reg_8220                                |    1|   0|    1|          0|
    |icmp_ln1068_69_reg_8224                                |    1|   0|    1|          0|
    |icmp_ln1068_70_reg_8228                                |    1|   0|    1|          0|
    |icmp_ln1068_71_reg_8232                                |    1|   0|    1|          0|
    |icmp_ln1068_72_reg_8236                                |    1|   0|    1|          0|
    |icmp_ln1068_73_reg_8240                                |    1|   0|    1|          0|
    |icmp_ln1068_74_reg_8244                                |    1|   0|    1|          0|
    |icmp_ln1068_75_reg_8248                                |    1|   0|    1|          0|
    |icmp_ln1068_76_reg_8252                                |    1|   0|    1|          0|
    |icmp_ln1068_77_reg_8256                                |    1|   0|    1|          0|
    |icmp_ln1068_78_reg_8260                                |    1|   0|    1|          0|
    |icmp_ln1068_79_reg_8264                                |    1|   0|    1|          0|
    |icmp_ln1068_80_reg_8268                                |    1|   0|    1|          0|
    |icmp_ln1068_81_reg_8272                                |    1|   0|    1|          0|
    |icmp_ln1068_82_reg_8276                                |    1|   0|    1|          0|
    |icmp_ln1068_83_reg_8280                                |    1|   0|    1|          0|
    |icmp_ln1068_84_reg_8284                                |    1|   0|    1|          0|
    |icmp_ln1068_85_reg_8288                                |    1|   0|    1|          0|
    |icmp_ln1068_86_reg_8292                                |    1|   0|    1|          0|
    |icmp_ln1068_87_reg_8296                                |    1|   0|    1|          0|
    |icmp_ln1068_88_reg_8300                                |    1|   0|    1|          0|
    |icmp_ln1068_89_reg_8304                                |    1|   0|    1|          0|
    |icmp_ln1068_90_reg_8308                                |    1|   0|    1|          0|
    |icmp_ln1068_91_reg_8312                                |    1|   0|    1|          0|
    |icmp_ln1068_reg_8192                                   |    1|   0|    1|          0|
    |j_reg_4873                                             |    6|   0|    6|          0|
    |reg_5465                                               |   64|   0|   64|          0|
    |reg_5470                                               |   64|   0|   64|          0|
    |reg_5475                                               |   64|   0|   64|          0|
    |reg_5480                                               |   64|   0|   64|          0|
    |reg_5485                                               |   64|   0|   64|          0|
    |reg_5490                                               |   64|   0|   64|          0|
    |reg_5495                                               |   64|   0|   64|          0|
    |reg_5500                                               |   64|   0|   64|          0|
    |reg_5505                                               |   64|   0|   64|          0|
    |reg_5510                                               |   64|   0|   64|          0|
    |result_digits_data_V_1_load_10_reg_6308                |   64|   0|   64|          0|
    |result_digits_data_V_1_load_11_reg_6313                |   64|   0|   64|          0|
    |result_digits_data_V_1_load_12_reg_6354                |   64|   0|   64|          0|
    |result_digits_data_V_1_load_13_reg_6359                |   64|   0|   64|          0|
    |result_digits_data_V_1_load_14_reg_6400                |   64|   0|   64|          0|
    |result_digits_data_V_1_load_15_reg_6405                |   64|   0|   64|          0|
    |result_digits_data_V_1_load_16_reg_6446                |   64|   0|   64|          0|
    |result_digits_data_V_1_load_17_reg_6451                |   64|   0|   64|          0|
    |result_digits_data_V_1_load_18_reg_6492                |   64|   0|   64|          0|
    |result_digits_data_V_1_load_19_reg_6497                |   64|   0|   64|          0|
    |result_digits_data_V_1_load_20_reg_6538                |   64|   0|   64|          0|
    |result_digits_data_V_1_load_21_reg_6543                |   64|   0|   64|          0|
    |result_digits_data_V_1_load_22_reg_6584                |   64|   0|   64|          0|
    |result_digits_data_V_1_load_23_reg_6589                |   64|   0|   64|          0|
    |result_digits_data_V_1_load_24_reg_6630                |   64|   0|   64|          0|
    |result_digits_data_V_1_load_25_reg_6635                |   64|   0|   64|          0|
    |result_digits_data_V_1_load_26_reg_6676                |   64|   0|   64|          0|
    |result_digits_data_V_1_load_27_reg_6681                |   64|   0|   64|          0|
    |result_digits_data_V_1_load_28_reg_6706                |   64|   0|   64|          0|
    |result_digits_data_V_1_load_29_reg_6711                |   64|   0|   64|          0|
    |result_digits_data_V_1_load_2_reg_6124                 |   64|   0|   64|          0|
    |result_digits_data_V_1_load_3_reg_6129                 |   64|   0|   64|          0|
    |result_digits_data_V_1_load_4_reg_6170                 |   64|   0|   64|          0|
    |result_digits_data_V_1_load_5_reg_6175                 |   64|   0|   64|          0|
    |result_digits_data_V_1_load_6_reg_6216                 |   64|   0|   64|          0|
    |result_digits_data_V_1_load_7_reg_6221                 |   64|   0|   64|          0|
    |result_digits_data_V_1_load_8_reg_6262                 |   64|   0|   64|          0|
    |result_digits_data_V_1_load_9_reg_6267                 |   64|   0|   64|          0|
    |result_digits_data_V_2_load_10_reg_6318                |   64|   0|   64|          0|
    |result_digits_data_V_2_load_11_reg_6323                |   64|   0|   64|          0|
    |result_digits_data_V_2_load_12_reg_6364                |   64|   0|   64|          0|
    |result_digits_data_V_2_load_13_reg_6369                |   64|   0|   64|          0|
    |result_digits_data_V_2_load_14_reg_6410                |   64|   0|   64|          0|
    |result_digits_data_V_2_load_15_reg_6415                |   64|   0|   64|          0|
    |result_digits_data_V_2_load_16_reg_6456                |   64|   0|   64|          0|
    |result_digits_data_V_2_load_17_reg_6461                |   64|   0|   64|          0|
    |result_digits_data_V_2_load_18_reg_6502                |   64|   0|   64|          0|
    |result_digits_data_V_2_load_19_reg_6507                |   64|   0|   64|          0|
    |result_digits_data_V_2_load_20_reg_6548                |   64|   0|   64|          0|
    |result_digits_data_V_2_load_21_reg_6553                |   64|   0|   64|          0|
    |result_digits_data_V_2_load_22_reg_6594                |   64|   0|   64|          0|
    |result_digits_data_V_2_load_23_reg_6599                |   64|   0|   64|          0|
    |result_digits_data_V_2_load_24_reg_6640                |   64|   0|   64|          0|
    |result_digits_data_V_2_load_25_reg_6645                |   64|   0|   64|          0|
    |result_digits_data_V_2_load_26_reg_6686                |   64|   0|   64|          0|
    |result_digits_data_V_2_load_27_reg_6691                |   64|   0|   64|          0|
    |result_digits_data_V_2_load_28_reg_6716                |   64|   0|   64|          0|
    |result_digits_data_V_2_load_29_reg_6721                |   64|   0|   64|          0|
    |result_digits_data_V_2_load_2_reg_6134                 |   64|   0|   64|          0|
    |result_digits_data_V_2_load_3_reg_6139                 |   64|   0|   64|          0|
    |result_digits_data_V_2_load_4_reg_6180                 |   64|   0|   64|          0|
    |result_digits_data_V_2_load_5_reg_6185                 |   64|   0|   64|          0|
    |result_digits_data_V_2_load_6_reg_6226                 |   64|   0|   64|          0|
    |result_digits_data_V_2_load_7_reg_6231                 |   64|   0|   64|          0|
    |result_digits_data_V_2_load_8_reg_6272                 |   64|   0|   64|          0|
    |result_digits_data_V_2_load_9_reg_6277                 |   64|   0|   64|          0|
    |result_digits_data_V_3_load_10_reg_6190                |   64|   0|   64|          0|
    |result_digits_data_V_3_load_11_reg_6198                |   64|   0|   64|          0|
    |result_digits_data_V_3_load_12_reg_6236                |   64|   0|   64|          0|
    |result_digits_data_V_3_load_13_reg_6244                |   64|   0|   64|          0|
    |result_digits_data_V_3_load_14_reg_6282                |   64|   0|   64|          0|
    |result_digits_data_V_3_load_15_reg_6290                |   64|   0|   64|          0|
    |result_digits_data_V_3_load_16_reg_6328                |   64|   0|   64|          0|
    |result_digits_data_V_3_load_17_reg_6336                |   64|   0|   64|          0|
    |result_digits_data_V_3_load_18_reg_6374                |   64|   0|   64|          0|
    |result_digits_data_V_3_load_19_reg_6382                |   64|   0|   64|          0|
    |result_digits_data_V_3_load_1_reg_6038                 |   64|   0|   64|          0|
    |result_digits_data_V_3_load_20_reg_6420                |   64|   0|   64|          0|
    |result_digits_data_V_3_load_21_reg_6428                |   64|   0|   64|          0|
    |result_digits_data_V_3_load_22_reg_6466                |   64|   0|   64|          0|
    |result_digits_data_V_3_load_23_reg_6474                |   64|   0|   64|          0|
    |result_digits_data_V_3_load_24_reg_6512                |   64|   0|   64|          0|
    |result_digits_data_V_3_load_25_reg_6520                |   64|   0|   64|          0|
    |result_digits_data_V_3_load_26_reg_6558                |   64|   0|   64|          0|
    |result_digits_data_V_3_load_27_reg_6566                |   64|   0|   64|          0|
    |result_digits_data_V_3_load_28_reg_6604                |   64|   0|   64|          0|
    |result_digits_data_V_3_load_29_reg_6612                |   64|   0|   64|          0|
    |result_digits_data_V_3_load_2_reg_6046                 |   64|   0|   64|          0|
    |result_digits_data_V_3_load_30_reg_6650                |   64|   0|   64|          0|
    |result_digits_data_V_3_load_31_reg_6658                |   64|   0|   64|          0|
    |result_digits_data_V_3_load_3_reg_6054                 |   64|   0|   64|          0|
    |result_digits_data_V_3_load_4_reg_6072                 |   64|   0|   64|          0|
    |result_digits_data_V_3_load_5_reg_6080                 |   64|   0|   64|          0|
    |result_digits_data_V_3_load_6_reg_6098                 |   64|   0|   64|          0|
    |result_digits_data_V_3_load_7_reg_6106                 |   64|   0|   64|          0|
    |result_digits_data_V_3_load_8_reg_6144                 |   64|   0|   64|          0|
    |result_digits_data_V_3_load_9_reg_6152                 |   64|   0|   64|          0|
    |result_digits_data_V_3_load_reg_6030                   |   64|   0|   64|          0|
    |result_digits_data_V_load_10_reg_8372                  |   64|   0|   64|          0|
    |result_digits_data_V_load_11_reg_8377                  |   64|   0|   64|          0|
    |result_digits_data_V_load_12_reg_8382                  |   64|   0|   64|          0|
    |result_digits_data_V_load_13_reg_8387                  |   64|   0|   64|          0|
    |result_digits_data_V_load_14_reg_8392                  |   64|   0|   64|          0|
    |result_digits_data_V_load_15_reg_8397                  |   64|   0|   64|          0|
    |result_digits_data_V_load_16_reg_8402                  |   64|   0|   64|          0|
    |result_digits_data_V_load_17_reg_8407                  |   64|   0|   64|          0|
    |result_digits_data_V_load_18_reg_8412                  |   64|   0|   64|          0|
    |result_digits_data_V_load_19_reg_8417                  |   64|   0|   64|          0|
    |result_digits_data_V_load_1_reg_8327                   |   64|   0|   64|          0|
    |result_digits_data_V_load_20_reg_8422                  |   64|   0|   64|          0|
    |result_digits_data_V_load_21_reg_8427                  |   64|   0|   64|          0|
    |result_digits_data_V_load_22_reg_8432                  |   64|   0|   64|          0|
    |result_digits_data_V_load_23_reg_8437                  |   64|   0|   64|          0|
    |result_digits_data_V_load_24_reg_8442                  |   64|   0|   64|          0|
    |result_digits_data_V_load_25_reg_8447                  |   64|   0|   64|          0|
    |result_digits_data_V_load_26_reg_8452                  |   64|   0|   64|          0|
    |result_digits_data_V_load_27_reg_8457                  |   64|   0|   64|          0|
    |result_digits_data_V_load_28_reg_8462                  |   64|   0|   64|          0|
    |result_digits_data_V_load_29_reg_8467                  |   64|   0|   64|          0|
    |result_digits_data_V_load_2_reg_8332                   |   64|   0|   64|          0|
    |result_digits_data_V_load_3_reg_8337                   |   64|   0|   64|          0|
    |result_digits_data_V_load_4_reg_8342                   |   64|   0|   64|          0|
    |result_digits_data_V_load_5_reg_8347                   |   64|   0|   64|          0|
    |result_digits_data_V_load_6_reg_8352                   |   64|   0|   64|          0|
    |result_digits_data_V_load_7_reg_8357                   |   64|   0|   64|          0|
    |result_digits_data_V_load_8_reg_8362                   |   64|   0|   64|          0|
    |result_digits_data_V_load_9_reg_8367                   |   64|   0|   64|          0|
    |result_digits_data_V_load_reg_8322                     |   64|   0|   64|          0|
    |tmp_reg_8184                                           |    1|   0|    1|          0|
    |trunc_ln819_reg_8188                                   |    1|   0|    1|          0|
    +-------------------------------------------------------+-----+----+-----+-----------+
    |Total                                                  |10562|   0|10562|          0|
    +-------------------------------------------------------+-----+----+-----+-----------+



================================================================
== Interface
================================================================
* Summary: 
+-------------------+-----+-----+------------+--------------+--------------+
|     RTL Ports     | Dir | Bits|  Protocol  | Source Object|    C Type    |
+-------------------+-----+-----+------------+--------------+--------------+
|ap_local_block     |  out|    1|  ap_ctrl_hs|           dut|  return value|
|ap_local_deadlock  |  out|    1|  ap_ctrl_hs|           dut|  return value|
|ap_clk             |   in|    1|  ap_ctrl_hs|           dut|  return value|
|ap_rst             |   in|    1|  ap_ctrl_hs|           dut|  return value|
|ap_start           |   in|    1|  ap_ctrl_hs|           dut|  return value|
|ap_done            |  out|    1|  ap_ctrl_hs|           dut|  return value|
|ap_idle            |  out|    1|  ap_ctrl_hs|           dut|  return value|
|ap_ready           |  out|    1|  ap_ctrl_hs|           dut|  return value|
|strm_in_dout       |   in|   32|     ap_fifo|       strm_in|       pointer|
|strm_in_empty_n    |   in|    1|     ap_fifo|       strm_in|       pointer|
|strm_in_read       |  out|    1|     ap_fifo|       strm_in|       pointer|
|strm_out_din       |  out|   32|     ap_fifo|      strm_out|       pointer|
|strm_out_full_n    |   in|    1|     ap_fifo|      strm_out|       pointer|
|strm_out_write     |  out|    1|     ap_fifo|      strm_out|       pointer|
+-------------------+-----+-----+------------+--------------+--------------+

