---------------Private Key----------------
n = 6a1c4c0c3e30a458f3fafab41818bb390e82310d3bed1e5db719f5b393f1e0da3c9f21348b13d14c564cea899f83c4b201d5d2c221f2d08cdc1f5a7aa5ee35726d4138f3b62abdb888e7b039cf895e40313849f61269e24f2680a94cda7535abfa30dd78140050b2ac3e3273b71d5b22a88f3ce7ed0fac95ae3903eaa238b869
e = 10001
---------------Public Key------------------
n = 6a1c4c0c3e30a458f3fafab41818bb390e82310d3bed1e5db719f5b393f1e0da3c9f21348b13d14c564cea899f83c4b201d5d2c221f2d08cdc1f5a7aa5ee35726d4138f3b62abdb888e7b039cf895e40313849f61269e24f2680a94cda7535abfa30dd78140050b2ac3e3273b71d5b22a88f3ce7ed0fac95ae3903eaa238b869
d = 467fa26f07ea9d6694430dca15b068c391c621fcdef1bd991a0bdf587e54d7c5673d7a7c4462d84dd590a8cae2f652fac9895ccbaa6e7eecf75ac56c734dfea7baa66c2e87547d915d8129cb333b79dbbcbc3895d3c3b32ffe65a116609e077da8eca3731a9eb1089da2ddd08b7a8fca2846eb80f2c2b6b2ce421ce483ca6c61
-------------------------------------------
bitlen(n) = 1023
-------------------------------------------
Encrypted: 256

BF14D67E2DDC8E6683EF574961FF698F61CDD11E9D9C167272E61DF0844F4A7702D7E8392C53CBC9121E33749E0CF4D5D49FD4A4597E35CF3222F4CCCFD3902D48D38F75E6D91D2AE5C0F72B788187440E5F5000D4618DBE7B0515073B33821F187092DA6454CEB1853E6915F8466A0496730ED9162F6768D4F74A4AD0576876
4D75E93DAD217F5ACBD00B753F50A0902026C3062221A368730F6FA9A7048476FCA5D6EFBEA4800999DA88EC8BD60295604565F1F0E910D5F7BA6A4A1F6671D160E64F79EBD2BA72AFA841DD77BD1A37262A7A0478A1F6D91491FE23420AA160DB30DB2BAA0944E7FA92ED6140D4C4342ACCDCDE9BB5BA0BEC2752E2ABFE80E0
Decrypted: 125
hi my name is bob and I am super long. I am a really long really cool message that will require multiple blocks. Haha take t
decrypt             :      1 calls; 2130.061 msecs total time
encrypt             :      1 calls;  32.632 msecs total time

D:\Study\Tai_lieu\Nhung_bao_mat\Final\Code\Test2\rsa.prj\solution1\sim\verilog>set PATH= 

D:\Study\Tai_lieu\Nhung_bao_mat\Final\Code\Test2\rsa.prj\solution1\sim\verilog>call D:/Study/Tai_lieu/Nhung_bao_mat/xilinx/Vivado/2021.2/bin/xelab xil_defaultlib.apatb_dut_top glbl -Oenable_linking_all_libraries  -prj dut.prj -L smartconnect_v1_0 -L axi_protocol_checker_v1_1_12 -L axi_protocol_checker_v1_1_13 -L axis_protocol_checker_v1_1_11 -L axis_protocol_checker_v1_1_12 -L xil_defaultlib -L unisims_ver -L xpm  -L floating_point_v7_0_19 -L floating_point_v7_1_13 --lib "ieee_proposed=./ieee_proposed" -s dut  
Vivado Simulator v2021.2
Copyright 1986-1999, 2001-2021 Xilinx, Inc. All Rights Reserved.
Running: D:/Study/Tai_lieu/Nhung_bao_mat/xilinx/Vivado/2021.2/bin/unwrapped/win64.o/xelab.exe xil_defaultlib.apatb_dut_top glbl -Oenable_linking_all_libraries -prj dut.prj -L smartconnect_v1_0 -L axi_protocol_checker_v1_1_12 -L axi_protocol_checker_v1_1_13 -L axis_protocol_checker_v1_1_11 -L axis_protocol_checker_v1_1_12 -L xil_defaultlib -L unisims_ver -L xpm -L floating_point_v7_0_19 -L floating_point_v7_1_13 --lib ieee_proposed=./ieee_proposed -s dut 
Multi-threading is on. Using 10 slave threads.
INFO: [VRFC 10-2263] Analyzing SystemVerilog file "D:/Study/Tai_lieu/Nhung_bao_mat/Final/Code/Test2/rsa.prj/solution1/sim/verilog/glbl.v" into library work
INFO: [VRFC 10-311] analyzing module glbl
INFO: [VRFC 10-2263] Analyzing SystemVerilog file "D:/Study/Tai_lieu/Nhung_bao_mat/Final/Code/Test2/rsa.prj/solution1/sim/verilog/AESL_autofifo_strm_in.v" into library xil_defaultlib
INFO: [VRFC 10-311] analyzing module AESL_autofifo_strm_in
INFO: [VRFC 10-2263] Analyzing SystemVerilog file "D:/Study/Tai_lieu/Nhung_bao_mat/Final/Code/Test2/rsa.prj/solution1/sim/verilog/AESL_autofifo_strm_out.v" into library xil_defaultlib
INFO: [VRFC 10-311] analyzing module AESL_autofifo_strm_out
INFO: [VRFC 10-2263] Analyzing SystemVerilog file "D:/Study/Tai_lieu/Nhung_bao_mat/Final/Code/Test2/rsa.prj/solution1/sim/verilog/dut.autotb.v" into library xil_defaultlib
INFO: [VRFC 10-311] analyzing module apatb_dut_top
INFO: [VRFC 10-2263] Analyzing SystemVerilog file "D:/Study/Tai_lieu/Nhung_bao_mat/Final/Code/Test2/rsa.prj/solution1/sim/verilog/dut.v" into library xil_defaultlib
INFO: [VRFC 10-311] analyzing module dut
INFO: [VRFC 10-2263] Analyzing SystemVerilog file "D:/Study/Tai_lieu/Nhung_bao_mat/Final/Code/Test2/rsa.prj/solution1/sim/verilog/dut_divide.v" into library xil_defaultlib
INFO: [VRFC 10-311] analyzing module dut_divide
INFO: [VRFC 10-2263] Analyzing SystemVerilog file "D:/Study/Tai_lieu/Nhung_bao_mat/Final/Code/Test2/rsa.prj/solution1/sim/verilog/dut_divide_Pipeline_ADJUST.v" into library xil_defaultlib
INFO: [VRFC 10-311] analyzing module dut_divide_Pipeline_ADJUST
INFO: [VRFC 10-2263] Analyzing SystemVerilog file "D:/Study/Tai_lieu/Nhung_bao_mat/Final/Code/Test2/rsa.prj/solution1/sim/verilog/dut_divide_Pipeline_CLEAR_UPPER.v" into library xil_defaultlib
INFO: [VRFC 10-311] analyzing module dut_divide_Pipeline_CLEAR_UPPER
INFO: [VRFC 10-2263] Analyzing SystemVerilog file "D:/Study/Tai_lieu/Nhung_bao_mat/Final/Code/Test2/rsa.prj/solution1/sim/verilog/dut_divide_Pipeline_COMPARE.v" into library xil_defaultlib
INFO: [VRFC 10-311] analyzing module dut_divide_Pipeline_COMPARE
INFO: [VRFC 10-2263] Analyzing SystemVerilog file "D:/Study/Tai_lieu/Nhung_bao_mat/Final/Code/Test2/rsa.prj/solution1/sim/verilog/dut_divide_Pipeline_NORMALIZE.v" into library xil_defaultlib
INFO: [VRFC 10-311] analyzing module dut_divide_Pipeline_NORMALIZE
INFO: [VRFC 10-2263] Analyzing SystemVerilog file "D:/Study/Tai_lieu/Nhung_bao_mat/Final/Code/Test2/rsa.prj/solution1/sim/verilog/dut_divide_Pipeline_PARTIAL.v" into library xil_defaultlib
INFO: [VRFC 10-311] analyzing module dut_divide_Pipeline_PARTIAL
INFO: [VRFC 10-2263] Analyzing SystemVerilog file "D:/Study/Tai_lieu/Nhung_bao_mat/Final/Code/Test2/rsa.prj/solution1/sim/verilog/dut_divide_Pipeline_REM.v" into library xil_defaultlib
INFO: [VRFC 10-311] analyzing module dut_divide_Pipeline_REM
INFO: [VRFC 10-2263] Analyzing SystemVerilog file "D:/Study/Tai_lieu/Nhung_bao_mat/Final/Code/Test2/rsa.prj/solution1/sim/verilog/dut_divide_Pipeline_SHIFT.v" into library xil_defaultlib
INFO: [VRFC 10-311] analyzing module dut_divide_Pipeline_SHIFT
INFO: [VRFC 10-2263] Analyzing SystemVerilog file "D:/Study/Tai_lieu/Nhung_bao_mat/Final/Code/Test2/rsa.prj/solution1/sim/verilog/dut_divide_Pipeline_SHIFT5.v" into library xil_defaultlib
INFO: [VRFC 10-311] analyzing module dut_divide_Pipeline_SHIFT5
INFO: [VRFC 10-2263] Analyzing SystemVerilog file "D:/Study/Tai_lieu/Nhung_bao_mat/Final/Code/Test2/rsa.prj/solution1/sim/verilog/dut_divide_Pipeline_SHIFT6.v" into library xil_defaultlib
INFO: [VRFC 10-311] analyzing module dut_divide_Pipeline_SHIFT6
INFO: [VRFC 10-2263] Analyzing SystemVerilog file "D:/Study/Tai_lieu/Nhung_bao_mat/Final/Code/Test2/rsa.prj/solution1/sim/verilog/dut_divide_w_digits_data_V_RAM_AUTO_1R1W.v" into library xil_defaultlib
INFO: [VRFC 10-311] analyzing module dut_divide_w_digits_data_V_RAM_AUTO_1R1W
INFO: [VRFC 10-2263] Analyzing SystemVerilog file "D:/Study/Tai_lieu/Nhung_bao_mat/Final/Code/Test2/rsa.prj/solution1/sim/verilog/dut_dut_Pipeline_READ_LOOP.v" into library xil_defaultlib
INFO: [VRFC 10-311] analyzing module dut_dut_Pipeline_READ_LOOP
INFO: [VRFC 10-2263] Analyzing SystemVerilog file "D:/Study/Tai_lieu/Nhung_bao_mat/Final/Code/Test2/rsa.prj/solution1/sim/verilog/dut_dut_Pipeline_READ_LOOP3.v" into library xil_defaultlib
INFO: [VRFC 10-311] analyzing module dut_dut_Pipeline_READ_LOOP3
INFO: [VRFC 10-2263] Analyzing SystemVerilog file "D:/Study/Tai_lieu/Nhung_bao_mat/Final/Code/Test2/rsa.prj/solution1/sim/verilog/dut_dut_Pipeline_READ_LOOP4.v" into library xil_defaultlib
INFO: [VRFC 10-311] analyzing module dut_dut_Pipeline_READ_LOOP4
INFO: [VRFC 10-2263] Analyzing SystemVerilog file "D:/Study/Tai_lieu/Nhung_bao_mat/Final/Code/Test2/rsa.prj/solution1/sim/verilog/dut_dut_Pipeline_SHIFT.v" into library xil_defaultlib
INFO: [VRFC 10-311] analyzing module dut_dut_Pipeline_SHIFT
INFO: [VRFC 10-2263] Analyzing SystemVerilog file "D:/Study/Tai_lieu/Nhung_bao_mat/Final/Code/Test2/rsa.prj/solution1/sim/verilog/dut_dut_Pipeline_VITIS_LOOP_14_1.v" into library xil_defaultlib
INFO: [VRFC 10-311] analyzing module dut_dut_Pipeline_VITIS_LOOP_14_1
INFO: [VRFC 10-2263] Analyzing SystemVerilog file "D:/Study/Tai_lieu/Nhung_bao_mat/Final/Code/Test2/rsa.prj/solution1/sim/verilog/dut_dut_Pipeline_WRITE_LOOP.v" into library xil_defaultlib
INFO: [VRFC 10-311] analyzing module dut_dut_Pipeline_WRITE_LOOP
INFO: [VRFC 10-2263] Analyzing SystemVerilog file "D:/Study/Tai_lieu/Nhung_bao_mat/Final/Code/Test2/rsa.prj/solution1/sim/verilog/dut_flow_control_loop_pipe_sequential_init.v" into library xil_defaultlib
INFO: [VRFC 10-311] analyzing module dut_flow_control_loop_pipe_sequential_init
INFO: [VRFC 10-2263] Analyzing SystemVerilog file "D:/Study/Tai_lieu/Nhung_bao_mat/Final/Code/Test2/rsa.prj/solution1/sim/verilog/dut_modulus_digits_data_V_RAM_AUTO_1R1W.v" into library xil_defaultlib
INFO: [VRFC 10-311] analyzing module dut_modulus_digits_data_V_RAM_AUTO_1R1W
INFO: [VRFC 10-2263] Analyzing SystemVerilog file "D:/Study/Tai_lieu/Nhung_bao_mat/Final/Code/Test2/rsa.prj/solution1/sim/verilog/dut_mul_64ns_64ns_128_3_1.v" into library xil_defaultlib
INFO: [VRFC 10-311] analyzing module dut_mul_64ns_64ns_128_3_1
INFO: [VRFC 10-2263] Analyzing SystemVerilog file "D:/Study/Tai_lieu/Nhung_bao_mat/Final/Code/Test2/rsa.prj/solution1/sim/verilog/dut_mul_64ns_65ns_192_3_1.v" into library xil_defaultlib
INFO: [VRFC 10-311] analyzing module dut_mul_64ns_65ns_192_3_1
INFO: [VRFC 10-2263] Analyzing SystemVerilog file "D:/Study/Tai_lieu/Nhung_bao_mat/Final/Code/Test2/rsa.prj/solution1/sim/verilog/dut_operator_1.v" into library xil_defaultlib
INFO: [VRFC 10-311] analyzing module dut_operator_1
INFO: [VRFC 10-2263] Analyzing SystemVerilog file "D:/Study/Tai_lieu/Nhung_bao_mat/Final/Code/Test2/rsa.prj/solution1/sim/verilog/dut_operator_1_Pipeline_OUTER_INNER.v" into library xil_defaultlib
INFO: [VRFC 10-311] analyzing module dut_operator_1_Pipeline_OUTER_INNER
INFO: [VRFC 10-2263] Analyzing SystemVerilog file "D:/Study/Tai_lieu/Nhung_bao_mat/Final/Code/Test2/rsa.prj/solution1/sim/verilog/dut_operator_lt.v" into library xil_defaultlib
INFO: [VRFC 10-311] analyzing module dut_operator_lt
INFO: [VRFC 10-2263] Analyzing SystemVerilog file "D:/Study/Tai_lieu/Nhung_bao_mat/Final/Code/Test2/rsa.prj/solution1/sim/verilog/dut_operator_mul.v" into library xil_defaultlib
INFO: [VRFC 10-311] analyzing module dut_operator_mul
INFO: [VRFC 10-2263] Analyzing SystemVerilog file "D:/Study/Tai_lieu/Nhung_bao_mat/Final/Code/Test2/rsa.prj/solution1/sim/verilog/dut_operator_Pipeline_OUTER_INNER.v" into library xil_defaultlib
INFO: [VRFC 10-311] analyzing module dut_operator_Pipeline_OUTER_INNER
INFO: [VRFC 10-2263] Analyzing SystemVerilog file "D:/Study/Tai_lieu/Nhung_bao_mat/Final/Code/Test2/rsa.prj/solution1/sim/verilog/dut_q_digits_data_V_RAM_AUTO_0R0W.v" into library xil_defaultlib
INFO: [VRFC 10-311] analyzing module dut_q_digits_data_V_RAM_AUTO_0R0W
INFO: [VRFC 10-2263] Analyzing SystemVerilog file "D:/Study/Tai_lieu/Nhung_bao_mat/Final/Code/Test2/rsa.prj/solution1/sim/verilog/dut_udiv_128ns_64ns_64_132_seq_1.v" into library xil_defaultlib
INFO: [VRFC 10-311] analyzing module dut_udiv_128ns_64ns_64_132_seq_1_divseq
INFO: [VRFC 10-311] analyzing module dut_udiv_128ns_64ns_64_132_seq_1
INFO: [VRFC 10-2263] Analyzing SystemVerilog file "D:/Study/Tai_lieu/Nhung_bao_mat/Final/Code/Test2/rsa.prj/solution1/sim/verilog/dut_zero_digits_data_V_RAM_AUTO_1R1W.v" into library xil_defaultlib
INFO: [VRFC 10-311] analyzing module dut_zero_digits_data_V_RAM_AUTO_1R1W
INFO: [VRFC 10-2263] Analyzing SystemVerilog file "D:/Study/Tai_lieu/Nhung_bao_mat/Final/Code/Test2/rsa.prj/solution1/sim/verilog/dataflow_monitor.sv" into library xil_defaultlib
INFO: [VRFC 10-311] analyzing module dataflow_monitor
Starting static elaboration
Pass Through NonSizing Optimizer
Completed static elaboration
Starting simulation data flow analysis
Completed simulation data flow analysis
Time Resolution for simulation is 1ps
Compiling package xil_defaultlib.$unit_dataflow_monitor_sv
Compiling module xil_defaultlib.dut_q_digits_data_V_RAM_AUTO_0R0...
Compiling module xil_defaultlib.dut_divide_w_digits_data_V_RAM_A...
Compiling module xil_defaultlib.dut_zero_digits_data_V_RAM_AUTO_...
Compiling module xil_defaultlib.dut_modulus_digits_data_V_RAM_AU...
Compiling module xil_defaultlib.dut_flow_control_loop_pipe_seque...
Compiling module xil_defaultlib.dut_dut_Pipeline_READ_LOOP
Compiling module xil_defaultlib.dut_dut_Pipeline_READ_LOOP3
Compiling module xil_defaultlib.dut_dut_Pipeline_READ_LOOP4
Compiling module xil_defaultlib.dut_dut_Pipeline_VITIS_LOOP_14_1
Compiling module xil_defaultlib.dut_divide_Pipeline_NORMALIZE
Compiling module xil_defaultlib.dut_divide_Pipeline_SHIFT
Compiling module xil_defaultlib.dut_divide_Pipeline_SHIFT5
Compiling module xil_defaultlib.dut_divide_Pipeline_CLEAR_UPPER
Compiling module xil_defaultlib.dut_mul_64ns_64ns_128_3_1(NUM_ST...
Compiling module xil_defaultlib.dut_divide_Pipeline_PARTIAL
Compiling module xil_defaultlib.dut_divide_Pipeline_COMPARE
Compiling module xil_defaultlib.dut_divide_Pipeline_ADJUST
Compiling module xil_defaultlib.dut_divide_Pipeline_REM
Compiling module xil_defaultlib.dut_divide_Pipeline_SHIFT6
Compiling module xil_defaultlib.dut_mul_64ns_65ns_192_3_1(NUM_ST...
Compiling module xil_defaultlib.dut_udiv_128ns_64ns_64_132_seq_1...
Compiling module xil_defaultlib.dut_udiv_128ns_64ns_64_132_seq_1...
Compiling module xil_defaultlib.dut_divide
Compiling module xil_defaultlib.dut_operator_lt
Compiling module xil_defaultlib.dut_operator_Pipeline_OUTER_INNE...
Compiling module xil_defaultlib.dut_operator_mul
Compiling module xil_defaultlib.dut_dut_Pipeline_SHIFT
Compiling module xil_defaultlib.dut_operator_1_Pipeline_OUTER_IN...
Compiling module xil_defaultlib.dut_operator_1
Compiling module xil_defaultlib.dut_dut_Pipeline_WRITE_LOOP
Compiling module xil_defaultlib.dut
Compiling module xil_defaultlib.AESL_autofifo_strm_in
Compiling module xil_defaultlib.AESL_autofifo_strm_out
Compiling module xil_defaultlib.nodf_module_intf
Compiling module xil_defaultlib.pp_loop_intf(FSM_WIDTH=7)
Compiling module xil_defaultlib.pp_loop_intf(FSM_WIDTH=6)
Compiling module xil_defaultlib.seq_loop_intf(FSM_WIDTH=251)
Compiling module xil_defaultlib.seq_loop_intf(FSM_WIDTH=459)
Compiling module xil_defaultlib.seq_loop_intf(FSM_WIDTH=12)
Compiling module xil_defaultlib.upc_loop_intf
Compiling module xil_defaultlib.upc_loop_intf(FSM_WIDTH=1)
Compiling module xil_defaultlib.upc_loop_intf(FSM_WIDTH=8)
Compiling module xil_defaultlib.dataflow_monitor_1
Compiling module xil_defaultlib.apatb_dut_top
Compiling module work.glbl
Built simulation snapshot dut

****** xsim v2021.2 (64-bit)
  **** SW Build 3367213 on Tue Oct 19 02:48:09 MDT 2021
  **** IP Build 3369179 on Thu Oct 21 08:25:16 MDT 2021
    ** Copyright 1986-2021 Xilinx, Inc. All Rights Reserved.

source xsim.dir/dut/xsim_script.tcl
# xsim {dut} -autoloadwcfg -tclbatch {dut.tcl}
Time resolution is 1 ps
source dut.tcl
## run all
////////////////////////////////////////////////////////////////////////////////////
// Inter-Transaction Progress: Completed Transaction / Total Transaction
// Intra-Transaction Progress: Measured Latency / Latency Estimation * 100%
//
// RTL Simulation : "Inter-Transaction Progress" ["Intra-Transaction Progress"] @ "Simulation Time"
////////////////////////////////////////////////////////////////////////////////////
// RTL Simulation : 0 / 2 [0.00%] @ "123000"
// RTL Simulation : 1 / 2 [100.00%] @ "2372558000"
// RTL Simulation : 1 / 2 [14.98%] @ "87372567000"
// RTL Simulation : 2 / 2 [100.00%] @ "124007074000"
////////////////////////////////////////////////////////////////////////////////////
$finish called at time : 124007124750 ps : File "D:/Study/Tai_lieu/Nhung_bao_mat/Final/Code/Test2/rsa.prj/solution1/sim/verilog/dut.autotb.v" Line 272
run: Time (s): cpu = 00:00:01 ; elapsed = 00:26:57 . Memory (MB): peak = 1153.773 ; gain = 481.723
## quit
INFO: xsimkernel Simulation Memory Usage: 1695972 KB (Peak: 1695972 KB), Simulation CPU Usage: 166436 ms
INFO: [Common 17-206] Exiting xsim at Thu Dec 19 09:24:00 2024...
---------------Private Key----------------
n = 6a1c4c0c3e30a458f3fafab41818bb390e82310d3bed1e5db719f5b393f1e0da3c9f21348b13d14c564cea899f83c4b201d5d2c221f2d08cdc1f5a7aa5ee35726d4138f3b62abdb888e7b039cf895e40313849f61269e24f2680a94cda7535abfa30dd78140050b2ac3e3273b71d5b22a88f3ce7ed0fac95ae3903eaa238b869
e = 10001
---------------Public Key------------------
n = 6a1c4c0c3e30a458f3fafab41818bb390e82310d3bed1e5db719f5b393f1e0da3c9f21348b13d14c564cea899f83c4b201d5d2c221f2d08cdc1f5a7aa5ee35726d4138f3b62abdb888e7b039cf895e40313849f61269e24f2680a94cda7535abfa30dd78140050b2ac3e3273b71d5b22a88f3ce7ed0fac95ae3903eaa238b869
d = 467fa26f07ea9d6694430dca15b068c391c621fcdef1bd991a0bdf587e54d7c5673d7a7c4462d84dd590a8cae2f652fac9895ccbaa6e7eecf75ac56c734dfea7baa66c2e87547d915d8129cb333b79dbbcbc3895d3c3b32ffe65a116609e077da8eca3731a9eb1089da2ddd08b7a8fca2846eb80f2c2b6b2ce421ce483ca6c61
-------------------------------------------
bitlen(n) = 1023
-------------------------------------------
Encrypted: 256

BF14D67E2DDC8E6683EF574961FF698F61CDD11E9D9C167272E61DF0844F4A7702D7E8392C53CBC9121E33749E0CF4D5D49FD4A4597E35CF3222F4CCCFD3902D48D38F75E6D91D2AE5C0F72B788187440E5F5000D4618DBE7B0515073B33821F187092DA6454CEB1853E6915F8466A0496730ED9162F6768D4F74A4AD0576876
4D75E93DAD217F5ACBD00B753F50A0902026C3062221A368730F6FA9A7048476FCA5D6EFBEA4800999DA88EC8BD60295604565F1F0E910D5F7BA6A4A1F6671D160E64F79EBD2BA72AFA841DD77BD1A37262A7A0478A1F6D91491FE23420AA160DB30DB2BAA0944E7FA92ED6140D4C4342ACCDCDE9BB5BA0BEC2752E2ABFE80E0
Decrypted: 125
hi my name is bob and I am super long. I am a really long really cool message that will require multiple blocks. Haha take t
decrypt             :      1 calls;   1.002 msecs total time
encrypt             :      1 calls;   6.007 msecs total time
