GENOME NON_GENOME PIN 144: GENOME NON_GENOME PIN 149
GENOME NON_GENOME PIN 149: GENOME NON_GENOME PIN 144
GENOME NON_GENOME PIN 145: GENOME NON_GENOME PIN 150
GENOME NON_GENOME PIN 150: GENOME NON_GENOME PIN 145
GENOME NON_GENOME PIN 146: GENOME NON_GENOME PIN 151
GENOME NON_GENOME PIN 151: GENOME NON_GENOME PIN 146
GENOME NON_GENOME PIN 147: GENOME NON_GENOME PIN 152
GENOME NON_GENOME PIN 152: GENOME NON_GENOME PIN 147
INST dut__GCB2 PIN 144: INST dut__GCB2 PIN 149 TYPE 2 INST dut__GCB0 PIN 820 TYPE 4
INST dut__GCB2 PIN 145: INST dut__GCB2 PIN 150 TYPE 2 INST dut__GCB0 PIN 821 TYPE 4
INST dut__GCB2 PIN 146: INST dut__GCB2 PIN 151 TYPE 2 INST dut__GCB0 PIN 822 TYPE 4
INST dut__GCB2 PIN 147: INST dut__GCB2 PIN 152 TYPE 2 INST dut__GCB0 PIN 823 TYPE 4
INST dut__GCB2 PIN 148: INST dut__GCB0 PIN 929 TYPE 1 GENOME dut__GCB2 PIN 148
INST dut__GCB2 PIN 149: GENOME dut__GCB2 PIN 149
INST dut__GCB2 PIN 150: GENOME dut__GCB2 PIN 150
INST dut__GCB2 PIN 151: GENOME dut__GCB2 PIN 151
INST dut__GCB2 PIN 152: GENOME dut__GCB2 PIN 152
INST dut__GCB2 PIN 178: GENOME dut__GCB2 PIN 178 INST dut_divide__GB0 PIN 354 TYPE 5
INST dut__GCB2 PIN 168: GENOME dut__GCB2 PIN 168
INST dut__GCB2 PIN 183: GENOME dut__GCB2 PIN 183
GENOME NON_GENOME PIN 168: GENOME NON_GENOME PIN 178
GENOME NON_GENOME PIN 178: GENOME NON_GENOME PIN 168
INST dut__GCB4 PIN 243: INST dut__GCB0 PIN 39 TYPE 5
INST dut__GCB4 PIN 244: INST dut__GCB0 PIN 54 TYPE 5
INST dut__GCB4 PIN 246: INST dut__GCB0 PIN 56 TYPE 5
INST dut__GCB4 PIN 254: INST dut__GCB0 PIN 80 TYPE 5
INST dut__GCB4 PIN 479: INST dut_divide__GB0 PIN 442 TYPE 5
INST dut__GCB4 PIN 480: INST dut__GCB0 PIN 161 TYPE 5
INST dut__GCB4 PIN 481: INST dut_divide__GB0 PIN 574 TYPE 5
INST dut__GCB4 PIN 482: INST dut_divide__GB0 PIN 575 TYPE 5
INST dut__GCB4 PIN 483: INST dut_divide__GB0 PIN 576 TYPE 5
INST dut__GCB4 PIN 484: INST dut_divide__GB0 PIN 577 TYPE 5
INST dut__GCB4 PIN 485: INST dut_divide__GB0 PIN 578 TYPE 5
INST dut__GCB4 PIN 486: INST dut_divide__GB0 PIN 579 TYPE 5
INST dut__GCB4 PIN 487: INST dut_divide__GB0 PIN 580 TYPE 5
INST dut__GCB4 PIN 488: INST dut_divide__GB0 PIN 581 TYPE 5
INST dut__GCB4 PIN 489: INST dut_divide__GB0 PIN 582 TYPE 5
INST dut__GCB4 PIN 490: INST dut_divide__GB0 PIN 583 TYPE 5
INST dut__GCB4 PIN 491: INST dut_divide__GB0 PIN 584 TYPE 5
INST dut__GCB4 PIN 492: INST dut_divide__GB0 PIN 585 TYPE 5
INST dut__GCB4 PIN 493: INST dut_divide__GB0 PIN 586 TYPE 5
INST dut__GCB4 PIN 494: INST dut_divide__GB0 PIN 587 TYPE 5
INST dut__GCB4 PIN 495: INST dut_divide__GB0 PIN 588 TYPE 5
INST dut__GCB4 PIN 496: INST dut_divide__GB0 PIN 589 TYPE 5
INST dut__GCB4 PIN 497: INST dut_divide__GB0 PIN 590 TYPE 5
INST dut__GCB4 PIN 498: INST dut_divide__GB0 PIN 591 TYPE 5
INST dut__GCB4 PIN 499: INST dut_divide__GB0 PIN 592 TYPE 5
INST dut__GCB4 PIN 500: INST dut_divide__GB0 PIN 593 TYPE 5
INST dut__GCB4 PIN 501: INST dut_divide__GB0 PIN 594 TYPE 5
INST dut__GCB4 PIN 502: INST dut_divide__GB0 PIN 595 TYPE 5
INST dut__GCB4 PIN 503: INST dut_divide__GB0 PIN 596 TYPE 5
INST dut__GCB4 PIN 504: INST dut_divide__GB0 PIN 597 TYPE 5
INST dut__GCB4 PIN 505: INST dut_divide__GB0 PIN 598 TYPE 5
INST dut__GCB4 PIN 506: INST dut_divide__GB0 PIN 599 TYPE 5
INST dut__GCB4 PIN 507: INST dut_divide__GB0 PIN 600 TYPE 5
INST dut__GCB4 PIN 508: INST dut_divide__GB0 PIN 601 TYPE 5
INST dut__GCB4 PIN 509: INST dut_divide__GB0 PIN 602 TYPE 5
INST dut__GCB4 PIN 510: INST dut_divide__GB0 PIN 603 TYPE 5
INST dut__GCB4 PIN 511: INST dut_divide__GB0 PIN 604 TYPE 5
INST dut__GCB4 PIN 512: INST dut_divide__GB0 PIN 605 TYPE 5
INST dut__GCB4 PIN 513: INST dut_divide__GB0 PIN 606 TYPE 5
INST dut__GCB4 PIN 514: INST dut_divide__GB0 PIN 607 TYPE 5
INST dut__GCB4 PIN 515: INST dut_divide__GB0 PIN 608 TYPE 5
INST dut__GCB4 PIN 516: INST dut_divide__GB0 PIN 609 TYPE 5
INST dut__GCB4 PIN 517: INST dut_divide__GB0 PIN 610 TYPE 5
INST dut__GCB4 PIN 518: INST dut_divide__GB0 PIN 611 TYPE 5
INST dut__GCB4 PIN 519: INST dut_divide__GB0 PIN 612 TYPE 5
INST dut__GCB4 PIN 520: INST dut_divide__GB0 PIN 613 TYPE 5
INST dut__GCB4 PIN 521: INST dut_divide__GB0 PIN 614 TYPE 5
INST dut__GCB4 PIN 522: INST dut_divide__GB0 PIN 615 TYPE 5
INST dut__GCB4 PIN 523: INST dut_divide__GB0 PIN 616 TYPE 5
INST dut__GCB4 PIN 524: INST dut_divide__GB0 PIN 617 TYPE 5
INST dut__GCB4 PIN 525: INST dut_divide__GB0 PIN 618 TYPE 5
INST dut__GCB4 PIN 526: INST dut_divide__GB0 PIN 619 TYPE 5
INST dut__GCB4 PIN 527: INST dut_divide__GB0 PIN 620 TYPE 5
INST dut__GCB4 PIN 528: INST dut_divide__GB0 PIN 621 TYPE 5
INST dut__GCB4 PIN 529: INST dut_divide__GB0 PIN 622 TYPE 5
INST dut__GCB4 PIN 530: INST dut_divide__GB0 PIN 623 TYPE 5
INST dut__GCB4 PIN 531: INST dut_divide__GB0 PIN 624 TYPE 5
INST dut__GCB4 PIN 532: INST dut_divide__GB0 PIN 625 TYPE 5
INST dut__GCB4 PIN 533: INST dut_divide__GB0 PIN 626 TYPE 5
INST dut__GCB4 PIN 534: INST dut_divide__GB0 PIN 627 TYPE 5
INST dut__GCB4 PIN 535: INST dut_divide__GB0 PIN 628 TYPE 5
INST dut__GCB4 PIN 536: INST dut_divide__GB0 PIN 629 TYPE 5
INST dut__GCB4 PIN 537: INST dut_divide__GB0 PIN 630 TYPE 5
INST dut__GCB4 PIN 538: INST dut_divide__GB0 PIN 631 TYPE 5
INST dut__GCB4 PIN 539: INST dut_divide__GB0 PIN 632 TYPE 5
INST dut__GCB4 PIN 540: INST dut_divide__GB0 PIN 633 TYPE 5
INST dut__GCB4 PIN 541: INST dut_divide__GB0 PIN 634 TYPE 5
INST dut__GCB4 PIN 542: INST dut_divide__GB0 PIN 635 TYPE 5
INST dut__GCB4 PIN 543: INST dut_divide__GB0 PIN 636 TYPE 5
INST dut__GCB4 PIN 544: INST dut_divide__GB0 PIN 637 TYPE 5
INST dut__GCB4 PIN 545: INST dut_divide__GB0 PIN 443 TYPE 5
INST dut__GCB4 PIN 546: INST dut__GCB0 PIN 160 TYPE 5
INST dut__GCB4 PIN 549: INST dut__GCB1 PIN 206 TYPE 5
INST dut__GCB4 PIN 550: INST dut__GCB1 PIN 271 TYPE 5
INST dut__GCB4 PIN 551: INST dut__GCB1 PIN 400 TYPE 5
INST dut__GCB4 PIN 552: INST dut__GCB1 PIN 401 TYPE 5
INST dut__GCB4 PIN 553: INST dut__GCB1 PIN 402 TYPE 5
INST dut__GCB4 PIN 554: INST dut__GCB1 PIN 403 TYPE 5
INST dut__GCB4 PIN 555: INST dut__GCB1 PIN 404 TYPE 5
INST dut__GCB4 PIN 556: INST dut__GCB0 PIN 0 TYPE 5
INST dut__GCB4 PIN 557: INST dut__GCB0 PIN 1 TYPE 5
INST dut__GCB4 PIN 558: INST dut__GCB0 PIN 2 TYPE 5
INST dut__GCB4 PIN 559: INST dut__GCB0 PIN 3 TYPE 5
INST dut__GCB4 PIN 560: INST dut__GCB1 PIN 201 TYPE 5
INST dut__GCB4 PIN 561: INST dut__GCB1 PIN 202 TYPE 5
INST dut__GCB4 PIN 562: INST dut__GCB1 PIN 203 TYPE 5
INST dut__GCB4 PIN 563: INST dut__GCB1 PIN 204 TYPE 5
INST dut__GCB4 PIN 564: INST dut__GCB1 PIN 205 TYPE 5
INST dut__GCB4 PIN 565: INST dut__GCB0 PIN 138 TYPE 5
INST dut__GCB4 PIN 566: INST dut__GCB0 PIN 139 TYPE 5
INST dut__GCB4 PIN 567: INST dut__GCB0 PIN 140 TYPE 5
INST dut__GCB4 PIN 568: INST dut__GCB0 PIN 141 TYPE 5
INST dut__GCB4 PIN 569: INST dut__GCB0 PIN 137 TYPE 5
INST dut__GCB4 PIN 570: INST dut__GCB1 PIN 196 TYPE 5
INST dut__GCB4 PIN 571: INST dut__GCB1 PIN 197 TYPE 5
INST dut__GCB4 PIN 572: INST dut__GCB1 PIN 198 TYPE 5
INST dut__GCB4 PIN 573: INST dut__GCB1 PIN 199 TYPE 5
INST dut__GCB4 PIN 574: INST dut__GCB1 PIN 200 TYPE 5
INST dut__GCB1 PIN 780: INST xillydemo__GC0 PIN 56 TYPE 5
INST dut_divide__GB0 PIN 353: INST dut__GCB2 PIN 177 TYPE 1 INST dut__GCB1 PIN 551 TYPE 1 GENOME dut_divide__GB0 PIN 353
INST dut_divide__GB0 PIN 350: INST dut_divide__GB0 PIN 356 TYPE 2 INST dut__GCB2 PIN 180 TYPE 4 INST dut__GCB1 PIN 575 TYPE 4
INST dut_divide__GB0 PIN 351: INST dut_divide__GB0 PIN 357 TYPE 2 INST dut__GCB2 PIN 181 TYPE 4 INST dut__GCB1 PIN 576 TYPE 4
INST dut_divide__GB0 PIN 352: INST dut_divide__GB0 PIN 358 TYPE 2 INST dut__GCB2 PIN 182 TYPE 4 INST dut__GCB1 PIN 577 TYPE 4
INST dut__GCB4 PIN 216: INST dut__GCB4 PIN 217 TYPE 2 INST dut__GCB3 PIN 840 TYPE 4
INST dut_divide__GB1 PIN 646: INST dut_divide__GB0 PIN 444 TYPE 5
INST dut_divide__GB0 PIN 128: INST dut_divide__GB1 PIN 378 TYPE 0 GENOME dut_divide__GB0 PIN 128
INST dut_divide__GB0 PIN 129: INST dut_divide__GB1 PIN 379 TYPE 0 GENOME dut_divide__GB0 PIN 129
INST dut_divide__GB0 PIN 130: INST dut_divide__GB1 PIN 380 TYPE 0 GENOME dut_divide__GB0 PIN 130
INST dut_divide__GB0 PIN 131: INST dut_divide__GB1 PIN 381 TYPE 0 GENOME dut_divide__GB0 PIN 131
INST dut_divide__GB0 PIN 132: INST dut_divide__GB1 PIN 382 TYPE 0 GENOME dut_divide__GB0 PIN 132
INST dut_divide__GB0 PIN 133: INST dut_divide__GB1 PIN 383 TYPE 0 GENOME dut_divide__GB0 PIN 133
INST dut_divide__GB0 PIN 134: INST dut_divide__GB1 PIN 384 TYPE 0 GENOME dut_divide__GB0 PIN 134
INST dut_divide__GB0 PIN 135: INST dut_divide__GB1 PIN 385 TYPE 0 GENOME dut_divide__GB0 PIN 135
INST dut_divide__GB0 PIN 136: INST dut_divide__GB1 PIN 386 TYPE 0 GENOME dut_divide__GB0 PIN 136
INST dut_divide__GB0 PIN 137: INST dut_divide__GB1 PIN 387 TYPE 0 GENOME dut_divide__GB0 PIN 137
INST dut_divide__GB0 PIN 138: INST dut_divide__GB1 PIN 388 TYPE 0 GENOME dut_divide__GB0 PIN 138
INST dut_divide__GB0 PIN 139: INST dut_divide__GB1 PIN 389 TYPE 0 GENOME dut_divide__GB0 PIN 139
INST dut_divide__GB0 PIN 140: INST dut_divide__GB1 PIN 390 TYPE 0 GENOME dut_divide__GB0 PIN 140
INST dut_divide__GB0 PIN 141: INST dut_divide__GB1 PIN 391 TYPE 0 GENOME dut_divide__GB0 PIN 141
INST dut_divide__GB0 PIN 142: INST dut_divide__GB1 PIN 392 TYPE 0 GENOME dut_divide__GB0 PIN 142
INST dut_divide__GB0 PIN 143: INST dut_divide__GB1 PIN 393 TYPE 0 GENOME dut_divide__GB0 PIN 143
INST dut_divide__GB0 PIN 144: INST dut_divide__GB1 PIN 394 TYPE 0 GENOME dut_divide__GB0 PIN 144
INST dut_divide__GB0 PIN 145: INST dut_divide__GB1 PIN 395 TYPE 0 GENOME dut_divide__GB0 PIN 145
INST dut_divide__GB0 PIN 146: INST dut_divide__GB1 PIN 396 TYPE 0 GENOME dut_divide__GB0 PIN 146
INST dut_divide__GB0 PIN 147: INST dut_divide__GB1 PIN 397 TYPE 0 GENOME dut_divide__GB0 PIN 147
INST dut_divide__GB0 PIN 148: INST dut_divide__GB1 PIN 398 TYPE 0 GENOME dut_divide__GB0 PIN 148
INST dut_divide__GB0 PIN 149: INST dut_divide__GB1 PIN 399 TYPE 0 GENOME dut_divide__GB0 PIN 149
INST dut_divide__GB0 PIN 150: INST dut_divide__GB1 PIN 400 TYPE 0 GENOME dut_divide__GB0 PIN 150
INST dut_divide__GB0 PIN 151: INST dut_divide__GB1 PIN 401 TYPE 0 GENOME dut_divide__GB0 PIN 151
INST dut_divide__GB0 PIN 152: INST dut_divide__GB1 PIN 402 TYPE 0 GENOME dut_divide__GB0 PIN 152
INST dut_divide__GB0 PIN 153: INST dut_divide__GB1 PIN 403 TYPE 0 GENOME dut_divide__GB0 PIN 153
INST dut_divide__GB0 PIN 154: INST dut_divide__GB1 PIN 404 TYPE 0 GENOME dut_divide__GB0 PIN 154
INST dut_divide__GB0 PIN 155: INST dut_divide__GB1 PIN 405 TYPE 0 GENOME dut_divide__GB0 PIN 155
INST dut_divide__GB0 PIN 156: INST dut_divide__GB1 PIN 406 TYPE 0 GENOME dut_divide__GB0 PIN 156
INST dut_divide__GB0 PIN 157: INST dut_divide__GB1 PIN 407 TYPE 0 GENOME dut_divide__GB0 PIN 157
INST dut_divide__GB0 PIN 158: INST dut_divide__GB1 PIN 408 TYPE 0 GENOME dut_divide__GB0 PIN 158
INST dut_divide__GB0 PIN 159: INST dut_divide__GB1 PIN 409 TYPE 0 GENOME dut_divide__GB0 PIN 159
INST dut_divide__GB0 PIN 160: INST dut_divide__GB1 PIN 410 TYPE 0 GENOME dut_divide__GB0 PIN 160
INST dut_divide__GB0 PIN 161: INST dut_divide__GB1 PIN 411 TYPE 0 GENOME dut_divide__GB0 PIN 161
INST dut_divide__GB0 PIN 162: INST dut_divide__GB1 PIN 412 TYPE 0 GENOME dut_divide__GB0 PIN 162
INST dut_divide__GB0 PIN 163: INST dut_divide__GB1 PIN 413 TYPE 0 GENOME dut_divide__GB0 PIN 163
INST dut_divide__GB0 PIN 164: INST dut_divide__GB1 PIN 414 TYPE 0 GENOME dut_divide__GB0 PIN 164
INST dut_divide__GB0 PIN 165: INST dut_divide__GB1 PIN 415 TYPE 0 GENOME dut_divide__GB0 PIN 165
INST dut_divide__GB0 PIN 166: INST dut_divide__GB1 PIN 416 TYPE 0 GENOME dut_divide__GB0 PIN 166
INST dut_divide__GB0 PIN 167: INST dut_divide__GB1 PIN 417 TYPE 0 GENOME dut_divide__GB0 PIN 167
INST dut_divide__GB0 PIN 168: INST dut_divide__GB1 PIN 418 TYPE 0 GENOME dut_divide__GB0 PIN 168
INST dut_divide__GB0 PIN 169: INST dut_divide__GB1 PIN 419 TYPE 0 GENOME dut_divide__GB0 PIN 169
INST dut_divide__GB0 PIN 170: INST dut_divide__GB1 PIN 420 TYPE 0 GENOME dut_divide__GB0 PIN 170
INST dut_divide__GB0 PIN 171: INST dut_divide__GB1 PIN 421 TYPE 0 GENOME dut_divide__GB0 PIN 171
INST dut_divide__GB0 PIN 172: INST dut_divide__GB1 PIN 422 TYPE 0 GENOME dut_divide__GB0 PIN 172
INST dut_divide__GB0 PIN 173: INST dut_divide__GB1 PIN 423 TYPE 0 GENOME dut_divide__GB0 PIN 173
INST dut_divide__GB0 PIN 174: INST dut_divide__GB1 PIN 424 TYPE 0 GENOME dut_divide__GB0 PIN 174
INST dut_divide__GB0 PIN 175: INST dut_divide__GB1 PIN 425 TYPE 0 GENOME dut_divide__GB0 PIN 175
INST dut_divide__GB0 PIN 176: INST dut_divide__GB1 PIN 426 TYPE 0 GENOME dut_divide__GB0 PIN 176
INST dut_divide__GB0 PIN 177: INST dut_divide__GB1 PIN 427 TYPE 0 GENOME dut_divide__GB0 PIN 177
INST dut_divide__GB0 PIN 178: INST dut_divide__GB1 PIN 428 TYPE 0 GENOME dut_divide__GB0 PIN 178
INST dut_divide__GB0 PIN 179: INST dut_divide__GB1 PIN 429 TYPE 0 GENOME dut_divide__GB0 PIN 179
INST dut_divide__GB0 PIN 180: INST dut_divide__GB1 PIN 430 TYPE 0 GENOME dut_divide__GB0 PIN 180
INST dut_divide__GB0 PIN 181: INST dut_divide__GB1 PIN 431 TYPE 0 GENOME dut_divide__GB0 PIN 181
INST dut_divide__GB0 PIN 182: INST dut_divide__GB1 PIN 432 TYPE 0 GENOME dut_divide__GB0 PIN 182
INST dut_divide__GB0 PIN 183: INST dut_divide__GB1 PIN 433 TYPE 0 GENOME dut_divide__GB0 PIN 183
INST dut_divide__GB0 PIN 184: INST dut_divide__GB1 PIN 434 TYPE 0 GENOME dut_divide__GB0 PIN 184
INST dut_divide__GB0 PIN 185: INST dut_divide__GB1 PIN 435 TYPE 0 GENOME dut_divide__GB0 PIN 185
INST dut_divide__GB0 PIN 186: INST dut_divide__GB1 PIN 436 TYPE 0 GENOME dut_divide__GB0 PIN 186
INST dut_divide__GB0 PIN 187: INST dut_divide__GB1 PIN 437 TYPE 0 GENOME dut_divide__GB0 PIN 187
INST dut_divide__GB0 PIN 188: INST dut_divide__GB1 PIN 438 TYPE 0 GENOME dut_divide__GB0 PIN 188
INST dut_divide__GB0 PIN 189: INST dut_divide__GB1 PIN 439 TYPE 0 GENOME dut_divide__GB0 PIN 189
INST dut_divide__GB0 PIN 190: INST dut_divide__GB1 PIN 440 TYPE 0 GENOME dut_divide__GB0 PIN 190
INST dut_divide__GB0 PIN 191: INST dut_divide__GB1 PIN 441 TYPE 0 GENOME dut_divide__GB0 PIN 191
INST dut_divide__GB1 PIN 248: INST dut_divide__GB0 PIN 1223 TYPE 0 GENOME dut_divide__GB1 PIN 248
INST dut_divide__GB0 PIN 434: INST dut__GCB0 PIN 901 TYPE 0 GENOME dut_divide__GB0 PIN 434
INST xillydemo__GC0 PIN 22: INST NON_GENOME PIN 21 TYPE 0 GENOME xillydemo__GC0 PIN 22
INST xillydemo__GC0 PIN 23: INST NON_GENOME PIN 22 TYPE 0 GENOME xillydemo__GC0 PIN 23
INST dut_divide__GB0 PIN 347: GENOME dut_divide__GB0 PIN 347
INST dut_divide__GB0 PIN 356: GENOME dut_divide__GB0 PIN 356
INST dut_divide__GB0 PIN 357: GENOME dut_divide__GB0 PIN 357
INST dut_divide__GB0 PIN 358: GENOME dut_divide__GB0 PIN 358
INST dut_divide__GB0 PIN 442: GENOME dut_divide__GB0 PIN 442
INST dut_divide__GB0 PIN 443: GENOME dut_divide__GB0 PIN 443
INST dut_divide__GB0 PIN 444: GENOME dut_divide__GB0 PIN 444
INST dut_divide__GB0 PIN 574: GENOME dut_divide__GB0 PIN 574
INST dut_divide__GB0 PIN 575: GENOME dut_divide__GB0 PIN 575
INST dut_divide__GB0 PIN 576: GENOME dut_divide__GB0 PIN 576
INST dut_divide__GB0 PIN 577: GENOME dut_divide__GB0 PIN 577
INST dut_divide__GB0 PIN 578: GENOME dut_divide__GB0 PIN 578
INST dut_divide__GB0 PIN 579: GENOME dut_divide__GB0 PIN 579
INST dut_divide__GB0 PIN 580: GENOME dut_divide__GB0 PIN 580
INST dut_divide__GB0 PIN 581: GENOME dut_divide__GB0 PIN 581
INST dut_divide__GB0 PIN 582: GENOME dut_divide__GB0 PIN 582
INST dut_divide__GB0 PIN 583: GENOME dut_divide__GB0 PIN 583
INST dut_divide__GB0 PIN 584: GENOME dut_divide__GB0 PIN 584
INST dut_divide__GB0 PIN 585: GENOME dut_divide__GB0 PIN 585
INST dut_divide__GB0 PIN 586: GENOME dut_divide__GB0 PIN 586
INST dut_divide__GB0 PIN 587: GENOME dut_divide__GB0 PIN 587
INST dut_divide__GB0 PIN 588: GENOME dut_divide__GB0 PIN 588
INST dut_divide__GB0 PIN 589: GENOME dut_divide__GB0 PIN 589
INST dut_divide__GB0 PIN 590: GENOME dut_divide__GB0 PIN 590
INST dut_divide__GB0 PIN 591: GENOME dut_divide__GB0 PIN 591
INST dut_divide__GB0 PIN 592: GENOME dut_divide__GB0 PIN 592
INST dut_divide__GB0 PIN 593: GENOME dut_divide__GB0 PIN 593
INST dut_divide__GB0 PIN 594: GENOME dut_divide__GB0 PIN 594
INST dut_divide__GB0 PIN 595: GENOME dut_divide__GB0 PIN 595
INST dut_divide__GB0 PIN 596: GENOME dut_divide__GB0 PIN 596
INST dut_divide__GB0 PIN 597: GENOME dut_divide__GB0 PIN 597
INST dut_divide__GB0 PIN 598: GENOME dut_divide__GB0 PIN 598
INST dut_divide__GB0 PIN 599: GENOME dut_divide__GB0 PIN 599
INST dut_divide__GB0 PIN 600: GENOME dut_divide__GB0 PIN 600
INST dut_divide__GB0 PIN 601: GENOME dut_divide__GB0 PIN 601
INST dut_divide__GB0 PIN 602: GENOME dut_divide__GB0 PIN 602
INST dut_divide__GB0 PIN 603: GENOME dut_divide__GB0 PIN 603
INST dut_divide__GB0 PIN 604: GENOME dut_divide__GB0 PIN 604
INST dut_divide__GB0 PIN 605: GENOME dut_divide__GB0 PIN 605
INST dut_divide__GB0 PIN 606: GENOME dut_divide__GB0 PIN 606
INST dut_divide__GB0 PIN 607: GENOME dut_divide__GB0 PIN 607
INST dut_divide__GB0 PIN 608: GENOME dut_divide__GB0 PIN 608
INST dut_divide__GB0 PIN 609: GENOME dut_divide__GB0 PIN 609
INST dut_divide__GB0 PIN 610: GENOME dut_divide__GB0 PIN 610
INST dut_divide__GB0 PIN 611: GENOME dut_divide__GB0 PIN 611
INST dut_divide__GB0 PIN 612: GENOME dut_divide__GB0 PIN 612
INST dut_divide__GB0 PIN 613: GENOME dut_divide__GB0 PIN 613
INST dut_divide__GB0 PIN 614: GENOME dut_divide__GB0 PIN 614
INST dut_divide__GB0 PIN 615: GENOME dut_divide__GB0 PIN 615
INST dut_divide__GB0 PIN 616: GENOME dut_divide__GB0 PIN 616
INST dut_divide__GB0 PIN 617: GENOME dut_divide__GB0 PIN 617
INST dut_divide__GB0 PIN 618: GENOME dut_divide__GB0 PIN 618
INST dut_divide__GB0 PIN 619: GENOME dut_divide__GB0 PIN 619
INST dut_divide__GB0 PIN 620: GENOME dut_divide__GB0 PIN 620
INST dut_divide__GB0 PIN 621: GENOME dut_divide__GB0 PIN 621
INST dut_divide__GB0 PIN 622: GENOME dut_divide__GB0 PIN 622
INST dut_divide__GB0 PIN 623: GENOME dut_divide__GB0 PIN 623
INST dut_divide__GB0 PIN 624: GENOME dut_divide__GB0 PIN 624
INST dut_divide__GB0 PIN 625: GENOME dut_divide__GB0 PIN 625
INST dut_divide__GB0 PIN 626: GENOME dut_divide__GB0 PIN 626
INST dut_divide__GB0 PIN 627: GENOME dut_divide__GB0 PIN 627
INST dut_divide__GB0 PIN 628: GENOME dut_divide__GB0 PIN 628
INST dut_divide__GB0 PIN 629: GENOME dut_divide__GB0 PIN 629
INST dut_divide__GB0 PIN 630: GENOME dut_divide__GB0 PIN 630
INST dut_divide__GB0 PIN 631: GENOME dut_divide__GB0 PIN 631
INST dut_divide__GB0 PIN 632: GENOME dut_divide__GB0 PIN 632
INST dut_divide__GB0 PIN 633: GENOME dut_divide__GB0 PIN 633
INST dut_divide__GB0 PIN 634: GENOME dut_divide__GB0 PIN 634
INST dut_divide__GB0 PIN 635: GENOME dut_divide__GB0 PIN 635
INST dut_divide__GB0 PIN 636: GENOME dut_divide__GB0 PIN 636
INST dut_divide__GB0 PIN 637: GENOME dut_divide__GB0 PIN 637
INST dut_divide__GB0 PIN 1223: GENOME dut_divide__GB0 PIN 1223
GENOME NON_GENOME PIN 350: GENOME NON_GENOME PIN 356
GENOME NON_GENOME PIN 356: GENOME NON_GENOME PIN 350
GENOME NON_GENOME PIN 351: GENOME NON_GENOME PIN 357
GENOME NON_GENOME PIN 357: GENOME NON_GENOME PIN 351
GENOME NON_GENOME PIN 352: GENOME NON_GENOME PIN 358
GENOME NON_GENOME PIN 358: GENOME NON_GENOME PIN 352
INST dut_divide__GB0 PIN 1224: INST dut_divide__GB1 PIN 65 TYPE 5
INST dut_divide__GB0 PIN 1225: INST dut_divide__GB1 PIN 66 TYPE 5
INST dut_divide__GB0 PIN 1226: INST dut_divide__GB1 PIN 67 TYPE 5
INST dut_divide__GB0 PIN 1227: INST dut_divide__GB1 PIN 68 TYPE 5
INST dut_divide__GB0 PIN 1228: INST dut_divide__GB1 PIN 69 TYPE 5
INST dut_divide__GB0 PIN 1229: INST dut_divide__GB1 PIN 70 TYPE 5
INST dut_divide__GB0 PIN 1230: INST dut_divide__GB1 PIN 71 TYPE 5
INST dut_divide__GB0 PIN 1231: INST dut_divide__GB1 PIN 72 TYPE 5
INST dut_divide__GB0 PIN 1232: INST dut_divide__GB1 PIN 73 TYPE 5
INST dut_divide__GB0 PIN 1233: INST dut_divide__GB1 PIN 74 TYPE 5
INST dut_divide__GB0 PIN 1234: INST dut_divide__GB1 PIN 75 TYPE 5
INST dut_divide__GB0 PIN 1235: INST dut_divide__GB1 PIN 76 TYPE 5
INST dut_divide__GB0 PIN 1236: INST dut_divide__GB1 PIN 77 TYPE 5
INST dut_divide__GB0 PIN 1237: INST dut_divide__GB1 PIN 78 TYPE 5
INST dut_divide__GB0 PIN 1238: INST dut_divide__GB1 PIN 79 TYPE 5
INST dut_divide__GB0 PIN 1239: INST dut_divide__GB1 PIN 80 TYPE 5
INST dut_divide__GB0 PIN 1240: INST dut_divide__GB1 PIN 81 TYPE 5
INST dut_divide__GB0 PIN 1241: INST dut_divide__GB1 PIN 82 TYPE 5
INST dut_divide__GB0 PIN 1242: INST dut_divide__GB1 PIN 83 TYPE 5
INST dut_divide__GB0 PIN 1243: INST dut_divide__GB1 PIN 84 TYPE 5
INST dut_divide__GB0 PIN 1244: INST dut_divide__GB1 PIN 85 TYPE 5
INST dut_divide__GB0 PIN 1245: INST dut_divide__GB1 PIN 86 TYPE 5
INST dut_divide__GB0 PIN 1246: INST dut_divide__GB1 PIN 87 TYPE 5
INST dut_divide__GB0 PIN 1247: INST dut_divide__GB1 PIN 88 TYPE 5
INST dut_divide__GB0 PIN 1248: INST dut_divide__GB1 PIN 89 TYPE 5
INST dut_divide__GB0 PIN 1249: INST dut_divide__GB1 PIN 90 TYPE 5
INST dut_divide__GB0 PIN 1250: INST dut_divide__GB1 PIN 91 TYPE 5
INST dut_divide__GB0 PIN 1251: INST dut_divide__GB1 PIN 92 TYPE 5
INST dut_divide__GB0 PIN 1252: INST dut_divide__GB1 PIN 93 TYPE 5
INST dut_divide__GB0 PIN 1253: INST dut_divide__GB1 PIN 94 TYPE 5
INST dut_divide__GB0 PIN 1254: INST dut_divide__GB1 PIN 95 TYPE 5
INST dut_divide__GB0 PIN 1255: INST dut_divide__GB1 PIN 96 TYPE 5
INST dut_divide__GB0 PIN 1256: INST dut_divide__GB1 PIN 97 TYPE 5
INST dut_divide__GB0 PIN 1257: INST dut_divide__GB1 PIN 98 TYPE 5
INST dut_divide__GB0 PIN 1258: INST dut_divide__GB1 PIN 99 TYPE 5
INST dut_divide__GB0 PIN 1259: INST dut_divide__GB1 PIN 100 TYPE 5
INST dut_divide__GB0 PIN 1260: INST dut_divide__GB1 PIN 101 TYPE 5
INST dut_divide__GB0 PIN 1261: INST dut_divide__GB1 PIN 102 TYPE 5
INST dut_divide__GB0 PIN 1262: INST dut_divide__GB1 PIN 103 TYPE 5
INST dut_divide__GB0 PIN 1263: INST dut_divide__GB1 PIN 104 TYPE 5
INST dut_divide__GB0 PIN 1264: INST dut_divide__GB1 PIN 105 TYPE 5
INST dut_divide__GB0 PIN 1265: INST dut_divide__GB1 PIN 106 TYPE 5
INST dut_divide__GB0 PIN 1266: INST dut_divide__GB1 PIN 107 TYPE 5
INST dut_divide__GB0 PIN 1267: INST dut_divide__GB1 PIN 108 TYPE 5
INST dut_divide__GB0 PIN 1268: INST dut_divide__GB1 PIN 109 TYPE 5
INST dut_divide__GB0 PIN 1269: INST dut_divide__GB1 PIN 110 TYPE 5
INST dut_divide__GB0 PIN 1270: INST dut_divide__GB1 PIN 111 TYPE 5
INST dut_divide__GB0 PIN 1271: INST dut_divide__GB1 PIN 112 TYPE 5
INST dut_divide__GB0 PIN 1272: INST dut_divide__GB1 PIN 113 TYPE 5
INST dut_divide__GB0 PIN 1273: INST dut_divide__GB1 PIN 114 TYPE 5
INST dut_divide__GB0 PIN 1274: INST dut_divide__GB1 PIN 115 TYPE 5
INST dut_divide__GB0 PIN 1275: INST dut_divide__GB1 PIN 116 TYPE 5
INST dut_divide__GB0 PIN 1276: INST dut_divide__GB1 PIN 117 TYPE 5
INST dut_divide__GB0 PIN 1277: INST dut_divide__GB1 PIN 118 TYPE 5
INST dut_divide__GB0 PIN 1278: INST dut_divide__GB1 PIN 119 TYPE 5
INST dut_divide__GB0 PIN 1279: INST dut_divide__GB1 PIN 120 TYPE 5
INST dut_divide__GB0 PIN 1280: INST dut_divide__GB1 PIN 121 TYPE 5
INST dut_divide__GB0 PIN 1281: INST dut_divide__GB1 PIN 122 TYPE 5
INST dut_divide__GB0 PIN 1282: INST dut_divide__GB1 PIN 123 TYPE 5
INST dut_divide__GB0 PIN 1283: INST dut_divide__GB1 PIN 124 TYPE 5
INST dut_divide__GB0 PIN 1284: INST dut_divide__GB1 PIN 125 TYPE 5
INST dut_divide__GB0 PIN 1285: INST dut_divide__GB1 PIN 126 TYPE 5
INST dut_divide__GB0 PIN 1286: INST dut_divide__GB1 PIN 127 TYPE 5
INST dut_divide__GB0 PIN 1287: INST dut_divide__GB1 PIN 128 TYPE 5
INST dut_divide__GB1 PIN 65: GENOME dut_divide__GB1 PIN 65
INST dut_divide__GB1 PIN 66: GENOME dut_divide__GB1 PIN 66
INST dut_divide__GB1 PIN 67: GENOME dut_divide__GB1 PIN 67
INST dut_divide__GB1 PIN 68: GENOME dut_divide__GB1 PIN 68
INST dut_divide__GB1 PIN 69: GENOME dut_divide__GB1 PIN 69
INST dut_divide__GB1 PIN 70: GENOME dut_divide__GB1 PIN 70
INST dut_divide__GB1 PIN 71: GENOME dut_divide__GB1 PIN 71
INST dut_divide__GB1 PIN 72: GENOME dut_divide__GB1 PIN 72
INST dut_divide__GB1 PIN 73: GENOME dut_divide__GB1 PIN 73
INST dut_divide__GB1 PIN 74: GENOME dut_divide__GB1 PIN 74
INST dut_divide__GB1 PIN 75: GENOME dut_divide__GB1 PIN 75
INST dut_divide__GB1 PIN 76: GENOME dut_divide__GB1 PIN 76
INST dut_divide__GB1 PIN 77: GENOME dut_divide__GB1 PIN 77
INST dut_divide__GB1 PIN 78: GENOME dut_divide__GB1 PIN 78
INST dut_divide__GB1 PIN 79: GENOME dut_divide__GB1 PIN 79
INST dut_divide__GB1 PIN 80: GENOME dut_divide__GB1 PIN 80
INST dut_divide__GB1 PIN 81: GENOME dut_divide__GB1 PIN 81
INST dut_divide__GB1 PIN 82: GENOME dut_divide__GB1 PIN 82
INST dut_divide__GB1 PIN 83: GENOME dut_divide__GB1 PIN 83
INST dut_divide__GB1 PIN 84: GENOME dut_divide__GB1 PIN 84
INST dut_divide__GB1 PIN 85: GENOME dut_divide__GB1 PIN 85
INST dut_divide__GB1 PIN 86: GENOME dut_divide__GB1 PIN 86
INST dut_divide__GB1 PIN 87: GENOME dut_divide__GB1 PIN 87
INST dut_divide__GB1 PIN 88: GENOME dut_divide__GB1 PIN 88
INST dut_divide__GB1 PIN 89: GENOME dut_divide__GB1 PIN 89
INST dut_divide__GB1 PIN 90: GENOME dut_divide__GB1 PIN 90
INST dut_divide__GB1 PIN 91: GENOME dut_divide__GB1 PIN 91
INST dut_divide__GB1 PIN 92: GENOME dut_divide__GB1 PIN 92
INST dut_divide__GB1 PIN 93: GENOME dut_divide__GB1 PIN 93
INST dut_divide__GB1 PIN 94: GENOME dut_divide__GB1 PIN 94
INST dut_divide__GB1 PIN 95: GENOME dut_divide__GB1 PIN 95
INST dut_divide__GB1 PIN 96: GENOME dut_divide__GB1 PIN 96
INST dut_divide__GB1 PIN 97: GENOME dut_divide__GB1 PIN 97
INST dut_divide__GB1 PIN 98: GENOME dut_divide__GB1 PIN 98
INST dut_divide__GB1 PIN 99: GENOME dut_divide__GB1 PIN 99
INST dut_divide__GB1 PIN 100: GENOME dut_divide__GB1 PIN 100
INST dut_divide__GB1 PIN 101: GENOME dut_divide__GB1 PIN 101
INST dut_divide__GB1 PIN 102: GENOME dut_divide__GB1 PIN 102
INST dut_divide__GB1 PIN 103: GENOME dut_divide__GB1 PIN 103
INST dut_divide__GB1 PIN 104: GENOME dut_divide__GB1 PIN 104
INST dut_divide__GB1 PIN 105: GENOME dut_divide__GB1 PIN 105
INST dut_divide__GB1 PIN 106: GENOME dut_divide__GB1 PIN 106
INST dut_divide__GB1 PIN 107: GENOME dut_divide__GB1 PIN 107
INST dut_divide__GB1 PIN 108: GENOME dut_divide__GB1 PIN 108
INST dut_divide__GB1 PIN 109: GENOME dut_divide__GB1 PIN 109
INST dut_divide__GB1 PIN 110: GENOME dut_divide__GB1 PIN 110
INST dut_divide__GB1 PIN 111: GENOME dut_divide__GB1 PIN 111
INST dut_divide__GB1 PIN 112: GENOME dut_divide__GB1 PIN 112
INST dut_divide__GB1 PIN 113: GENOME dut_divide__GB1 PIN 113
INST dut_divide__GB1 PIN 114: GENOME dut_divide__GB1 PIN 114
INST dut_divide__GB1 PIN 115: GENOME dut_divide__GB1 PIN 115
INST dut_divide__GB1 PIN 116: GENOME dut_divide__GB1 PIN 116
INST dut_divide__GB1 PIN 117: GENOME dut_divide__GB1 PIN 117
INST dut_divide__GB1 PIN 118: GENOME dut_divide__GB1 PIN 118
INST dut_divide__GB1 PIN 119: GENOME dut_divide__GB1 PIN 119
INST dut_divide__GB1 PIN 120: GENOME dut_divide__GB1 PIN 120
INST dut_divide__GB1 PIN 121: GENOME dut_divide__GB1 PIN 121
INST dut_divide__GB1 PIN 122: GENOME dut_divide__GB1 PIN 122
INST dut_divide__GB1 PIN 123: GENOME dut_divide__GB1 PIN 123
INST dut_divide__GB1 PIN 124: GENOME dut_divide__GB1 PIN 124
INST dut_divide__GB1 PIN 125: GENOME dut_divide__GB1 PIN 125
INST dut_divide__GB1 PIN 126: GENOME dut_divide__GB1 PIN 126
INST dut_divide__GB1 PIN 127: GENOME dut_divide__GB1 PIN 127
INST dut_divide__GB1 PIN 128: GENOME dut_divide__GB1 PIN 128
INST dut_divide__GB1 PIN 378: GENOME dut_divide__GB1 PIN 378
INST dut_divide__GB1 PIN 379: GENOME dut_divide__GB1 PIN 379
INST dut_divide__GB1 PIN 380: GENOME dut_divide__GB1 PIN 380
INST dut_divide__GB1 PIN 381: GENOME dut_divide__GB1 PIN 381
INST dut_divide__GB1 PIN 382: GENOME dut_divide__GB1 PIN 382
INST dut_divide__GB1 PIN 383: GENOME dut_divide__GB1 PIN 383
INST dut_divide__GB1 PIN 384: GENOME dut_divide__GB1 PIN 384
INST dut_divide__GB1 PIN 385: GENOME dut_divide__GB1 PIN 385
INST dut_divide__GB1 PIN 386: GENOME dut_divide__GB1 PIN 386
INST dut_divide__GB1 PIN 387: GENOME dut_divide__GB1 PIN 387
INST dut_divide__GB1 PIN 388: GENOME dut_divide__GB1 PIN 388
INST dut_divide__GB1 PIN 389: GENOME dut_divide__GB1 PIN 389
INST dut_divide__GB1 PIN 390: GENOME dut_divide__GB1 PIN 390
INST dut_divide__GB1 PIN 391: GENOME dut_divide__GB1 PIN 391
INST dut_divide__GB1 PIN 392: GENOME dut_divide__GB1 PIN 392
INST dut_divide__GB1 PIN 393: GENOME dut_divide__GB1 PIN 393
INST dut_divide__GB1 PIN 394: GENOME dut_divide__GB1 PIN 394
INST dut_divide__GB1 PIN 395: GENOME dut_divide__GB1 PIN 395
INST dut_divide__GB1 PIN 396: GENOME dut_divide__GB1 PIN 396
INST dut_divide__GB1 PIN 397: GENOME dut_divide__GB1 PIN 397
INST dut_divide__GB1 PIN 398: GENOME dut_divide__GB1 PIN 398
INST dut_divide__GB1 PIN 399: GENOME dut_divide__GB1 PIN 399
INST dut_divide__GB1 PIN 400: GENOME dut_divide__GB1 PIN 400
INST dut_divide__GB1 PIN 401: GENOME dut_divide__GB1 PIN 401
INST dut_divide__GB1 PIN 402: GENOME dut_divide__GB1 PIN 402
INST dut_divide__GB1 PIN 403: GENOME dut_divide__GB1 PIN 403
INST dut_divide__GB1 PIN 404: GENOME dut_divide__GB1 PIN 404
INST dut_divide__GB1 PIN 405: GENOME dut_divide__GB1 PIN 405
INST dut_divide__GB1 PIN 406: GENOME dut_divide__GB1 PIN 406
INST dut_divide__GB1 PIN 407: GENOME dut_divide__GB1 PIN 407
INST dut_divide__GB1 PIN 408: GENOME dut_divide__GB1 PIN 408
INST dut_divide__GB1 PIN 409: GENOME dut_divide__GB1 PIN 409
INST dut_divide__GB1 PIN 410: GENOME dut_divide__GB1 PIN 410
INST dut_divide__GB1 PIN 411: GENOME dut_divide__GB1 PIN 411
INST dut_divide__GB1 PIN 412: GENOME dut_divide__GB1 PIN 412
INST dut_divide__GB1 PIN 413: GENOME dut_divide__GB1 PIN 413
INST dut_divide__GB1 PIN 414: GENOME dut_divide__GB1 PIN 414
INST dut_divide__GB1 PIN 415: GENOME dut_divide__GB1 PIN 415
INST dut_divide__GB1 PIN 416: GENOME dut_divide__GB1 PIN 416
INST dut_divide__GB1 PIN 417: GENOME dut_divide__GB1 PIN 417
INST dut_divide__GB1 PIN 418: GENOME dut_divide__GB1 PIN 418
INST dut_divide__GB1 PIN 419: GENOME dut_divide__GB1 PIN 419
INST dut_divide__GB1 PIN 420: GENOME dut_divide__GB1 PIN 420
INST dut_divide__GB1 PIN 421: GENOME dut_divide__GB1 PIN 421
INST dut_divide__GB1 PIN 422: GENOME dut_divide__GB1 PIN 422
INST dut_divide__GB1 PIN 423: GENOME dut_divide__GB1 PIN 423
INST dut_divide__GB1 PIN 424: GENOME dut_divide__GB1 PIN 424
INST dut_divide__GB1 PIN 425: GENOME dut_divide__GB1 PIN 425
INST dut_divide__GB1 PIN 426: GENOME dut_divide__GB1 PIN 426
INST dut_divide__GB1 PIN 427: GENOME dut_divide__GB1 PIN 427
INST dut_divide__GB1 PIN 428: GENOME dut_divide__GB1 PIN 428
INST dut_divide__GB1 PIN 429: GENOME dut_divide__GB1 PIN 429
INST dut_divide__GB1 PIN 430: GENOME dut_divide__GB1 PIN 430
INST dut_divide__GB1 PIN 431: GENOME dut_divide__GB1 PIN 431
INST dut_divide__GB1 PIN 432: GENOME dut_divide__GB1 PIN 432
INST dut_divide__GB1 PIN 433: GENOME dut_divide__GB1 PIN 433
INST dut_divide__GB1 PIN 434: GENOME dut_divide__GB1 PIN 434
INST dut_divide__GB1 PIN 435: GENOME dut_divide__GB1 PIN 435
INST dut_divide__GB1 PIN 436: GENOME dut_divide__GB1 PIN 436
INST dut_divide__GB1 PIN 437: GENOME dut_divide__GB1 PIN 437
INST dut_divide__GB1 PIN 438: GENOME dut_divide__GB1 PIN 438
INST dut_divide__GB1 PIN 439: GENOME dut_divide__GB1 PIN 439
INST dut_divide__GB1 PIN 440: GENOME dut_divide__GB1 PIN 440
INST dut_divide__GB1 PIN 441: GENOME dut_divide__GB1 PIN 441
INST dut_divide__GB1 PIN 507: INST dut_divide__GB0 PIN 257 TYPE 5
INST dut_divide__GB1 PIN 508: INST dut_divide__GB0 PIN 258 TYPE 5
INST dut_divide__GB1 PIN 647: INST dut_divide__GB0 PIN 573 TYPE 5
INST dut__GCB1 PIN 196: GENOME dut__GCB1 PIN 196
INST dut__GCB1 PIN 197: GENOME dut__GCB1 PIN 197
INST dut__GCB1 PIN 198: GENOME dut__GCB1 PIN 198
INST dut__GCB1 PIN 199: GENOME dut__GCB1 PIN 199
INST dut__GCB1 PIN 200: GENOME dut__GCB1 PIN 200
INST dut__GCB1 PIN 201: GENOME dut__GCB1 PIN 201
INST dut__GCB1 PIN 202: GENOME dut__GCB1 PIN 202
INST dut__GCB1 PIN 203: GENOME dut__GCB1 PIN 203
INST dut__GCB1 PIN 204: GENOME dut__GCB1 PIN 204
INST dut__GCB1 PIN 205: GENOME dut__GCB1 PIN 205
INST dut__GCB1 PIN 206: GENOME dut__GCB1 PIN 206
INST dut__GCB1 PIN 271: GENOME dut__GCB1 PIN 271
INST dut__GCB1 PIN 400: GENOME dut__GCB1 PIN 400
INST dut__GCB1 PIN 401: GENOME dut__GCB1 PIN 401
INST dut__GCB1 PIN 402: GENOME dut__GCB1 PIN 402
INST dut__GCB1 PIN 403: GENOME dut__GCB1 PIN 403
INST dut__GCB1 PIN 404: GENOME dut__GCB1 PIN 404
INST dut__GCB1 PIN 551: GENOME dut__GCB1 PIN 551
INST dut__GCB1 PIN 575: GENOME dut__GCB1 PIN 575 INST dut_divide__GB0 PIN 350 TYPE 5
INST dut__GCB1 PIN 548: GENOME dut__GCB1 PIN 548
INST dut__GCB1 PIN 576: GENOME dut__GCB1 PIN 576 INST dut_divide__GB0 PIN 351 TYPE 5
INST dut__GCB1 PIN 549: GENOME dut__GCB1 PIN 549
INST dut__GCB1 PIN 577: GENOME dut__GCB1 PIN 577 INST dut_divide__GB0 PIN 352 TYPE 5
INST dut__GCB1 PIN 550: GENOME dut__GCB1 PIN 550
INST dut__GCB1 PIN 578: GENOME dut__GCB1 PIN 578
GENOME NON_GENOME PIN 548: GENOME NON_GENOME PIN 575
GENOME NON_GENOME PIN 575: GENOME NON_GENOME PIN 548
GENOME NON_GENOME PIN 549: GENOME NON_GENOME PIN 576
GENOME NON_GENOME PIN 576: GENOME NON_GENOME PIN 549
GENOME NON_GENOME PIN 550: GENOME NON_GENOME PIN 577
GENOME NON_GENOME PIN 577: GENOME NON_GENOME PIN 550
INST dut__GCB1 PIN 579: INST dut_divide__GB0 PIN 437 TYPE 5
INST dut__GCB1 PIN 580: INST dut_divide__GB0 PIN 438 TYPE 5
INST dut__GCB1 PIN 581: INST dut_divide__GB0 PIN 439 TYPE 5
INST dut__GCB1 PIN 582: INST dut_divide__GB0 PIN 440 TYPE 5
INST dut__GCB1 PIN 583: INST dut_divide__GB0 PIN 441 TYPE 5
INST dut__GCB0 PIN 0: GENOME dut__GCB0 PIN 0
INST dut__GCB0 PIN 1: GENOME dut__GCB0 PIN 1
INST dut__GCB0 PIN 2: GENOME dut__GCB0 PIN 2
INST dut__GCB0 PIN 3: GENOME dut__GCB0 PIN 3
INST dut__GCB0 PIN 137: GENOME dut__GCB0 PIN 137
INST dut__GCB0 PIN 138: GENOME dut__GCB0 PIN 138
INST dut__GCB0 PIN 139: GENOME dut__GCB0 PIN 139
INST dut__GCB0 PIN 140: GENOME dut__GCB0 PIN 140
INST dut__GCB0 PIN 141: GENOME dut__GCB0 PIN 141
INST dut__GCB0 PIN 160: GENOME dut__GCB0 PIN 160
INST dut__GCB0 PIN 161: GENOME dut__GCB0 PIN 161
INST dut__GCB0 PIN 901: GENOME dut__GCB0 PIN 901
INST dut__GCB0 PIN 925: GENOME dut__GCB0 PIN 925 INST dut__GCB2 PIN 144 TYPE 5
INST dut__GCB0 PIN 820: GENOME dut__GCB0 PIN 820
INST dut__GCB0 PIN 926: GENOME dut__GCB0 PIN 926 INST dut__GCB2 PIN 145 TYPE 5
INST dut__GCB0 PIN 821: GENOME dut__GCB0 PIN 821
INST dut__GCB0 PIN 927: GENOME dut__GCB0 PIN 927 INST dut__GCB2 PIN 146 TYPE 5
INST dut__GCB0 PIN 822: GENOME dut__GCB0 PIN 822
INST dut__GCB0 PIN 928: GENOME dut__GCB0 PIN 928 INST dut__GCB2 PIN 147 TYPE 5
INST dut__GCB0 PIN 823: GENOME dut__GCB0 PIN 823
INST dut__GCB0 PIN 929: GENOME dut__GCB0 PIN 929
GENOME NON_GENOME PIN 820: GENOME NON_GENOME PIN 925
GENOME NON_GENOME PIN 925: GENOME NON_GENOME PIN 820
GENOME NON_GENOME PIN 821: GENOME NON_GENOME PIN 926
GENOME NON_GENOME PIN 926: GENOME NON_GENOME PIN 821
GENOME NON_GENOME PIN 822: GENOME NON_GENOME PIN 927
GENOME NON_GENOME PIN 927: GENOME NON_GENOME PIN 822
GENOME NON_GENOME PIN 823: GENOME NON_GENOME PIN 928
GENOME NON_GENOME PIN 928: GENOME NON_GENOME PIN 823
INST dut__GCB2 PIN 177: GENOME dut__GCB2 PIN 177
INST dut__GCB2 PIN 180: GENOME dut__GCB2 PIN 180 INST dut_divide__GB0 PIN 350 TYPE 5
INST dut__GCB2 PIN 174: GENOME dut__GCB2 PIN 174
INST dut__GCB2 PIN 181: GENOME dut__GCB2 PIN 181 INST dut_divide__GB0 PIN 351 TYPE 5
INST dut__GCB2 PIN 175: GENOME dut__GCB2 PIN 175
INST dut__GCB2 PIN 182: GENOME dut__GCB2 PIN 182 INST dut_divide__GB0 PIN 352 TYPE 5
INST dut__GCB2 PIN 176: GENOME dut__GCB2 PIN 176
GENOME NON_GENOME PIN 174: GENOME NON_GENOME PIN 180
GENOME NON_GENOME PIN 180: GENOME NON_GENOME PIN 174
GENOME NON_GENOME PIN 175: GENOME NON_GENOME PIN 181
GENOME NON_GENOME PIN 181: GENOME NON_GENOME PIN 175
GENOME NON_GENOME PIN 176: GENOME NON_GENOME PIN 182
GENOME NON_GENOME PIN 182: GENOME NON_GENOME PIN 176
INST dut__GCB4 PIN 94: GENOME dut__GCB4 PIN 94
INST dut__GCB4 PIN 217: GENOME dut__GCB4 PIN 217
INST dut__GCB4 PIN 377: GENOME dut__GCB4 PIN 377
GENOME NON_GENOME PIN 216: GENOME NON_GENOME PIN 217
GENOME NON_GENOME PIN 217: GENOME NON_GENOME PIN 216
INST dut__GCB3 PIN 976: GENOME dut__GCB3 PIN 976 INST dut__GCB4 PIN 216 TYPE 5
INST dut__GCB3 PIN 840: GENOME dut__GCB3 PIN 840
GENOME NON_GENOME PIN 840: GENOME NON_GENOME PIN 976
GENOME NON_GENOME PIN 976: GENOME NON_GENOME PIN 840
INST dut_divide__GB0 PIN 257: GENOME dut_divide__GB0 PIN 257
INST dut_divide__GB0 PIN 258: GENOME dut_divide__GB0 PIN 258
INST dut_divide__GB0 PIN 437: GENOME dut_divide__GB0 PIN 437
INST dut_divide__GB0 PIN 438: GENOME dut_divide__GB0 PIN 438
INST dut_divide__GB0 PIN 439: GENOME dut_divide__GB0 PIN 439
INST dut_divide__GB0 PIN 440: GENOME dut_divide__GB0 PIN 440
INST dut_divide__GB0 PIN 441: GENOME dut_divide__GB0 PIN 441
INST dut_divide__GB0 PIN 573: GENOME dut_divide__GB0 PIN 573
GENOME NON_GENOME PIN 306: GENOME NON_GENOME PIN 92
GENOME NON_GENOME PIN 92: GENOME NON_GENOME PIN 306
INST dut__GCB0 PIN 136: INST dut__GCB4 PIN 92 TYPE 3 INST dut__GCB0 PIN 799 TYPE 4
