

================================================================
== Vitis HLS Report for 'dut_Pipeline_SHIFT'
================================================================
* Date:           Thu Dec 19 08:55:57 2024

* Version:        2021.2 (Build 3367213 on Tue Oct 19 02:48:09 MDT 2021)
* Project:        rsa.prj
* Solution:       solution1 (Vivado IP Flow Target)
* Product family: zynq
* Target device:  xc7z020-clg484-1


================================================================
== Performance Estimates
================================================================
+ Timing: 
    * Summary: 
    +--------+---------+----------+------------+
    |  Clock |  Target | Estimated| Uncertainty|
    +--------+---------+----------+------------+
    |ap_clk  |  8.50 ns|  5.124 ns|     2.30 ns|
    +--------+---------+----------+------------+

+ Latency: 
    * Summary: 
    +---------+---------+-----------+----------+-----+-----+---------+
    |  Latency (cycles) |  Latency (absolute)  |  Interval | Pipeline|
    |   min   |   max   |    min    |    max   | min | max |   Type  |
    +---------+---------+-----------+----------+-----+-----+---------+
    |        7|       52|  59.500 ns|  0.442 us|    7|   52|       no|
    +---------+---------+-----------+----------+-----+-----+---------+

    + Detail: 
        * Instance: 
        N/A

        * Loop: 
        +----------+---------+---------+----------+-----------+-----------+--------+----------+
        |          |  Latency (cycles) | Iteration|  Initiation Interval  |  Trip  |          |
        | Loop Name|   min   |   max   |  Latency |  achieved |   target  |  Count | Pipelined|
        +----------+---------+---------+----------+-----------+-----------+--------+----------+
        |- SHIFT   |        5|       50|         3|          3|          1|  1 ~ 16|       yes|
        +----------+---------+---------+----------+-----------+-----------+--------+----------+

============================================================
+ Verbose Summary: Synthesis Manager
============================================================
InlineROM: 1
ExposeGlobal: 0
============================================================
+ Verbose Summary: CDFG Model
============================================================
IsTopModel: 0
ResetActiveHigh: 1
IsCombinational: 0
IsDatapathOnly: 0
HasWiredReturn: 1
HasMFsm: 2
HasVarLatency: 1
IsPipeline: 0
IsRtlPipelined: 0
IsInstanceOverlapped: 0
IsDontTouch: 0
HasImplIP: 0
IsGatedGlobalClock: 0

+ Individual pipeline summary: 
  * Pipeline-0: initiation interval (II) = 3, depth = 3


============================================================
+ Verbose Summary: Schedule
============================================================
* Number of FSM states : 3
* Pipeline : 1
  Pipeline-0 : II = 3, D = 3, States = { 1 2 3 }
* Dataflow Pipeline: 0

* FSM state transitions: 
1 --> 2 
2 --> 3 
3 --> 

* FSM state operations: 

State 1 <SV = 0> <Delay = 5.12>
ST_1 : Operation 6 [1/1] (0.00ns)   --->   "%k_V = alloca i32 1"   --->   Operation 6 'alloca' 'k_V' <Predicate = true> <Delay = 0.00>
ST_1 : Operation 7 [1/1] (0.00ns)   --->   "%x = alloca i32 1"   --->   Operation 7 'alloca' 'x' <Predicate = true> <Delay = 0.00>
ST_1 : Operation 8 [1/1] (0.00ns)   --->   "%j = alloca i32 1"   --->   Operation 8 'alloca' 'j' <Predicate = true> <Delay = 0.00>
ST_1 : Operation 9 [1/1] (0.00ns)   --->   "%zext_ln238_read = read i6 @_ssdm_op_Read.ap_auto.i6, i6 %zext_ln238"   --->   Operation 9 'read' 'zext_ln238_read' <Predicate = true> <Delay = 0.00>
ST_1 : Operation 10 [1/1] (0.00ns)   --->   "%zext_ln238_cast = zext i6 %zext_ln238_read"   --->   Operation 10 'zext' 'zext_ln238_cast' <Predicate = true> <Delay = 0.00>
ST_1 : Operation 11 [1/1] (1.58ns)   --->   "%store_ln0 = store i7 %zext_ln238_cast, i7 %j"   --->   Operation 11 'store' 'store_ln0' <Predicate = true> <Delay = 1.58>
ST_1 : Operation 12 [1/1] (1.58ns)   --->   "%store_ln0 = store i6 0, i6 %x"   --->   Operation 12 'store' 'store_ln0' <Predicate = true> <Delay = 1.58>
ST_1 : Operation 13 [1/1] (1.58ns)   --->   "%store_ln0 = store i65 0, i65 %k_V"   --->   Operation 13 'store' 'store_ln0' <Predicate = true> <Delay = 1.58>
ST_1 : Operation 14 [1/1] (0.00ns)   --->   "%br_ln0 = br void"   --->   Operation 14 'br' 'br_ln0' <Predicate = true> <Delay = 0.00>
ST_1 : Operation 15 [1/1] (0.00ns)   --->   "%x_2 = load i6 %x" [./bignum.h:238]   --->   Operation 15 'load' 'x_2' <Predicate = true> <Delay = 0.00>
ST_1 : Operation 16 [1/1] (0.00ns)   --->   "%specpipeline_ln0 = specpipeline void @_ssdm_op_SpecPipeline, i32 4294967295, i32 0, i32 1, i32 0, void @p_str"   --->   Operation 16 'specpipeline' 'specpipeline_ln0' <Predicate = true> <Delay = 0.00>
ST_1 : Operation 17 [1/1] (0.00ns)   --->   "%tmp = bitselect i1 @_ssdm_op_BitSelect.i1.i6.i32, i6 %x_2, i32 5" [./bignum.h:238]   --->   Operation 17 'bitselect' 'tmp' <Predicate = true> <Delay = 0.00>
ST_1 : Operation 18 [1/1] (0.00ns)   --->   "%empty = speclooptripcount i32 @_ssdm_op_SpecLoopTripCount, i64 1, i64 16, i64 8"   --->   Operation 18 'speclooptripcount' 'empty' <Predicate = true> <Delay = 0.00>
ST_1 : Operation 19 [1/1] (0.00ns)   --->   "%br_ln238 = br i1 %tmp, void %.split8, void %_ZN6BignumILi32ELi64EE11rshift_safeEi.exit.i.loopexit.loopexit.exitStub" [./bignum.h:238]   --->   Operation 19 'br' 'br_ln238' <Predicate = true> <Delay = 0.00>
ST_1 : Operation 20 [1/1] (0.00ns)   --->   "%j_load = load i7 %j"   --->   Operation 20 'load' 'j_load' <Predicate = (!tmp)> <Delay = 0.00>
ST_1 : Operation 21 [1/1] (0.00ns)   --->   "%empty_32 = trunc i7 %j_load"   --->   Operation 21 'trunc' 'empty_32' <Predicate = (!tmp)> <Delay = 0.00>
ST_1 : Operation 22 [1/1] (0.00ns)   --->   "%specloopname_ln235 = specloopname void @_ssdm_op_SpecLoopName, void @empty_3" [./bignum.h:235]   --->   Operation 22 'specloopname' 'specloopname_ln235' <Predicate = (!tmp)> <Delay = 0.00>
ST_1 : Operation 23 [1/1] (1.48ns)   --->   "%icmp_ln240 = icmp_eq  i7 %j_load, i7 0" [./bignum.h:240]   --->   Operation 23 'icmp' 'icmp_ln240' <Predicate = (!tmp)> <Delay = 1.48> <CoreInst = "Cmp">   --->   Core 9 'Cmp' <Latency = 0> <II = 1> <Delay = 1.48> <FuncUnit> <Opcode : 'icmp'> <InPorts = 2> <OutPorts = 1>
ST_1 : Operation 24 [1/1] (0.00ns)   --->   "%br_ln240 = br i1 %icmp_ln240, void %_ZN6BignumILi32ELi64EE9set_blockEi7ap_uintILi64EE.exit.i28.i, void %_ZN6BignumILi32ELi64EE11rshift_safeEi.exit.i.loopexit.loopexit.exitStub" [./bignum.h:240]   --->   Operation 24 'br' 'br_ln240' <Predicate = (!tmp)> <Delay = 0.00>
ST_1 : Operation 25 [1/1] (1.78ns)   --->   "%add_ln241 = add i5 %empty_32, i5 31" [./bignum.h:241]   --->   Operation 25 'add' 'add_ln241' <Predicate = (!tmp & !icmp_ln240)> <Delay = 1.78> <CoreInst = "Adder">   --->   Core 1 'Adder' <Latency = 0> <II = 1> <Delay = 1.82> <FuncUnit> <Opcode : 'add' 'sub'> <InPorts = 2> <OutPorts = 1>
ST_1 : Operation 26 [1/1] (0.00ns)   --->   "%zext_ln1691 = zext i5 %add_ln241"   --->   Operation 26 'zext' 'zext_ln1691' <Predicate = (!tmp & !icmp_ln240)> <Delay = 0.00>
ST_1 : Operation 27 [1/1] (0.00ns)   --->   "%e_digits_data_V_addr = getelementptr i64 %e_digits_data_V, i64 0, i64 %zext_ln1691" [./bignum.h:67]   --->   Operation 27 'getelementptr' 'e_digits_data_V_addr' <Predicate = (!tmp & !icmp_ln240)> <Delay = 0.00>
ST_1 : Operation 28 [2/2] (3.25ns)   --->   "%e_digits_data_V_load = load i5 %e_digits_data_V_addr" [./bignum.h:67]   --->   Operation 28 'load' 'e_digits_data_V_load' <Predicate = (!tmp & !icmp_ln240)> <Delay = 3.25> <CoreInst = "RAM">   --->   Core 82 'RAM' <Latency = 1> <II = 1> <Delay = 3.25> <Storage> <Opcode : 'load' 'store'> <Ports = 2> <Width = 64> <Depth = 32> <RAM>
ST_1 : Operation 29 [1/1] (1.48ns)   --->   "%icmp_ln240_1 = icmp_eq  i7 %j_load, i7 1" [./bignum.h:240]   --->   Operation 29 'icmp' 'icmp_ln240_1' <Predicate = (!tmp & !icmp_ln240)> <Delay = 1.48> <CoreInst = "Cmp">   --->   Core 9 'Cmp' <Latency = 0> <II = 1> <Delay = 1.48> <FuncUnit> <Opcode : 'icmp'> <InPorts = 2> <OutPorts = 1>
ST_1 : Operation 30 [1/1] (1.87ns)   --->   "%add_ln241_1 = add i7 %j_load, i7 126" [./bignum.h:241]   --->   Operation 30 'add' 'add_ln241_1' <Predicate = (!tmp & !icmp_ln240 & !icmp_ln240_1)> <Delay = 1.87> <CoreInst = "Adder">   --->   Core 1 'Adder' <Latency = 0> <II = 1> <Delay = 1.82> <FuncUnit> <Opcode : 'add' 'sub'> <InPorts = 2> <OutPorts = 1>
ST_1 : Operation 31 [1/1] (0.00ns)   --->   "%zext_ln67 = zext i7 %add_ln241_1" [./bignum.h:67]   --->   Operation 31 'zext' 'zext_ln67' <Predicate = (!tmp & !icmp_ln240 & !icmp_ln240_1)> <Delay = 0.00>
ST_1 : Operation 32 [1/1] (0.00ns)   --->   "%e_digits_data_V_addr_1 = getelementptr i64 %e_digits_data_V, i64 0, i64 %zext_ln67" [./bignum.h:67]   --->   Operation 32 'getelementptr' 'e_digits_data_V_addr_1' <Predicate = (!tmp & !icmp_ln240 & !icmp_ln240_1)> <Delay = 0.00>
ST_1 : Operation 33 [2/2] (3.25ns)   --->   "%k_V_8 = load i5 %e_digits_data_V_addr_1" [./bignum.h:67]   --->   Operation 33 'load' 'k_V_8' <Predicate = (!tmp & !icmp_ln240 & !icmp_ln240_1)> <Delay = 3.25> <CoreInst = "RAM">   --->   Core 82 'RAM' <Latency = 1> <II = 1> <Delay = 3.25> <Storage> <Opcode : 'load' 'store'> <Ports = 2> <Width = 64> <Depth = 32> <RAM>
ST_1 : Operation 34 [1/1] (1.82ns)   --->   "%x_3 = add i6 %x_2, i6 2" [./bignum.h:238]   --->   Operation 34 'add' 'x_3' <Predicate = (!tmp & !icmp_ln240 & !icmp_ln240_1)> <Delay = 1.82> <CoreInst = "Adder">   --->   Core 1 'Adder' <Latency = 0> <II = 1> <Delay = 1.82> <FuncUnit> <Opcode : 'add' 'sub'> <InPorts = 2> <OutPorts = 1>
ST_1 : Operation 35 [1/1] (1.58ns)   --->   "%store_ln241 = store i7 %add_ln241_1, i7 %j" [./bignum.h:241]   --->   Operation 35 'store' 'store_ln241' <Predicate = (!tmp & !icmp_ln240 & !icmp_ln240_1)> <Delay = 1.58>
ST_1 : Operation 36 [1/1] (1.58ns)   --->   "%store_ln238 = store i6 %x_3, i6 %x" [./bignum.h:238]   --->   Operation 36 'store' 'store_ln238' <Predicate = (!tmp & !icmp_ln240 & !icmp_ln240_1)> <Delay = 1.58>

State 2 <SV = 1> <Delay = 4.84>
ST_2 : Operation 37 [1/1] (0.00ns)   --->   "%k_V_load = load i65 %k_V"   --->   Operation 37 'load' 'k_V_load' <Predicate = (!tmp & !icmp_ln240)> <Delay = 0.00>
ST_2 : Operation 38 [1/2] (3.25ns)   --->   "%e_digits_data_V_load = load i5 %e_digits_data_V_addr" [./bignum.h:67]   --->   Operation 38 'load' 'e_digits_data_V_load' <Predicate = (!tmp & !icmp_ln240)> <Delay = 3.25> <CoreInst = "RAM">   --->   Core 82 'RAM' <Latency = 1> <II = 1> <Delay = 3.25> <Storage> <Opcode : 'load' 'store'> <Ports = 2> <Width = 64> <Depth = 32> <RAM>
ST_2 : Operation 39 [1/1] (0.00ns)   --->   "%tmp_5 = bitselect i1 @_ssdm_op_BitSelect.i1.i65.i32, i65 %k_V_load, i32 64"   --->   Operation 39 'bitselect' 'tmp_5' <Predicate = (!tmp & !icmp_ln240)> <Delay = 0.00>
ST_2 : Operation 40 [1/1] (0.00ns)   --->   "%tmp_2 = partselect i63 @_ssdm_op_PartSelect.i63.i64.i32.i32, i64 %e_digits_data_V_load, i32 1, i32 63"   --->   Operation 40 'partselect' 'tmp_2' <Predicate = (!tmp & !icmp_ln240)> <Delay = 0.00>
ST_2 : Operation 41 [1/2] (3.25ns)   --->   "%k_V_8 = load i5 %e_digits_data_V_addr_1" [./bignum.h:67]   --->   Operation 41 'load' 'k_V_8' <Predicate = (!tmp & !icmp_ln240 & !icmp_ln240_1)> <Delay = 3.25> <CoreInst = "RAM">   --->   Core 82 'RAM' <Latency = 1> <II = 1> <Delay = 3.25> <Storage> <Opcode : 'load' 'store'> <Ports = 2> <Width = 64> <Depth = 32> <RAM>
ST_2 : Operation 42 [1/1] (0.00ns)   --->   "%tmp_3 = partselect i63 @_ssdm_op_PartSelect.i63.i64.i32.i32, i64 %k_V_8, i32 1, i32 63"   --->   Operation 42 'partselect' 'tmp_3' <Predicate = (!tmp & !icmp_ln240 & !icmp_ln240_1)> <Delay = 0.00>
ST_2 : Operation 43 [1/1] (0.00ns)   --->   "%empty_31 = trunc i64 %k_V_8" [./bignum.h:67]   --->   Operation 43 'trunc' 'empty_31' <Predicate = (!tmp & !icmp_ln240 & !icmp_ln240_1)> <Delay = 0.00>
ST_2 : Operation 44 [1/1] (0.00ns)   --->   "%phitmp_cast = bitconcatenate i65 @_ssdm_op_BitConcatenate.i65.i1.i64, i1 %empty_31, i64 0" [./bignum.h:67]   --->   Operation 44 'bitconcatenate' 'phitmp_cast' <Predicate = (!tmp & !icmp_ln240 & !icmp_ln240_1)> <Delay = 0.00>
ST_2 : Operation 45 [1/1] (1.58ns)   --->   "%store_ln67 = store i65 %phitmp_cast, i65 %k_V" [./bignum.h:67]   --->   Operation 45 'store' 'store_ln67' <Predicate = (!tmp & !icmp_ln240 & !icmp_ln240_1)> <Delay = 1.58>

State 3 <SV = 2> <Delay = 3.25>
ST_3 : Operation 46 [1/1] (0.00ns)   --->   "%trunc_ln3 = bitconcatenate i64 @_ssdm_op_BitConcatenate.i64.i1.i63, i1 %tmp_5, i63 %tmp_2"   --->   Operation 46 'bitconcatenate' 'trunc_ln3' <Predicate = (!tmp & !icmp_ln240)> <Delay = 0.00>
ST_3 : Operation 47 [1/1] (3.25ns)   --->   "%store_ln60 = store i64 %trunc_ln3, i5 %e_digits_data_V_addr" [./bignum.h:60]   --->   Operation 47 'store' 'store_ln60' <Predicate = (!tmp & !icmp_ln240)> <Delay = 3.25> <CoreInst = "RAM">   --->   Core 82 'RAM' <Latency = 1> <II = 1> <Delay = 3.25> <Storage> <Opcode : 'load' 'store'> <Ports = 2> <Width = 64> <Depth = 32> <RAM>
ST_3 : Operation 48 [1/1] (0.00ns)   --->   "%br_ln240 = br i1 %icmp_ln240_1, void %_ZN6BignumILi32ELi64EE9set_blockEi7ap_uintILi64EE.exit.i28.i.1, void %_ZN6BignumILi32ELi64EE11rshift_safeEi.exit.i.loopexit.loopexit.exitStub" [./bignum.h:240]   --->   Operation 48 'br' 'br_ln240' <Predicate = (!tmp & !icmp_ln240)> <Delay = 0.00>
ST_3 : Operation 49 [1/1] (0.00ns)   --->   "%trunc_ln1543 = trunc i64 %e_digits_data_V_load"   --->   Operation 49 'trunc' 'trunc_ln1543' <Predicate = (!tmp & !icmp_ln240 & !icmp_ln240_1)> <Delay = 0.00>
ST_3 : Operation 50 [1/1] (0.00ns)   --->   "%trunc_ln223_1 = bitconcatenate i64 @_ssdm_op_BitConcatenate.i64.i1.i63, i1 %trunc_ln1543, i63 %tmp_3"   --->   Operation 50 'bitconcatenate' 'trunc_ln223_1' <Predicate = (!tmp & !icmp_ln240 & !icmp_ln240_1)> <Delay = 0.00>
ST_3 : Operation 51 [1/1] (3.25ns)   --->   "%store_ln60 = store i64 %trunc_ln223_1, i5 %e_digits_data_V_addr_1" [./bignum.h:60]   --->   Operation 51 'store' 'store_ln60' <Predicate = (!tmp & !icmp_ln240 & !icmp_ln240_1)> <Delay = 3.25> <CoreInst = "RAM">   --->   Core 82 'RAM' <Latency = 1> <II = 1> <Delay = 3.25> <Storage> <Opcode : 'load' 'store'> <Ports = 2> <Width = 64> <Depth = 32> <RAM>
ST_3 : Operation 52 [1/1] (0.00ns)   --->   "%br_ln0 = br void"   --->   Operation 52 'br' 'br_ln0' <Predicate = (!tmp & !icmp_ln240 & !icmp_ln240_1)> <Delay = 0.00>
ST_3 : Operation 53 [1/1] (0.00ns)   --->   "%ret_ln0 = ret"   --->   Operation 53 'ret' 'ret_ln0' <Predicate = (icmp_ln240_1) | (icmp_ln240) | (tmp)> <Delay = 0.00>


============================================================
+ Verbose Summary: Binding
============================================================
STG Binding: 
---------------- STG Properties BEGIN ----------------
- Is combinational: 0
- Is one-state seq: 0
- Is datapath-only: 0
- Is pipelined: 0
- Is top level: 0
Port [ Return ] is wired: 1; IO mode=ap_ctrl_hs:ce=0
Port [ zext_ln238]:  wired=1; compound=0; hidden=0; nouse=0; global=0; static=0; extern=0; dir=0; type=0; pingpong=0; private_global=0; IO mode=ap_none:ce=0
Port [ e_digits_data_V]:  wired=1; compound=1; hidden=0; nouse=0; global=0; static=0; extern=0; dir=2; type=1; pingpong=0; private_global=0; MemPort=[22]; IO mode=ap_memory:ce=0
---------------- STG Properties END ------------------

---------------- Datapath Model BEGIN ----------------

<LifeTime>
<method=bitvector/>
k_V                    (alloca           ) [ 0110]
x                      (alloca           ) [ 0100]
j                      (alloca           ) [ 0100]
zext_ln238_read        (read             ) [ 0000]
zext_ln238_cast        (zext             ) [ 0000]
store_ln0              (store            ) [ 0000]
store_ln0              (store            ) [ 0000]
store_ln0              (store            ) [ 0000]
br_ln0                 (br               ) [ 0000]
x_2                    (load             ) [ 0000]
specpipeline_ln0       (specpipeline     ) [ 0000]
tmp                    (bitselect        ) [ 0111]
empty                  (speclooptripcount) [ 0000]
br_ln238               (br               ) [ 0000]
j_load                 (load             ) [ 0000]
empty_32               (trunc            ) [ 0000]
specloopname_ln235     (specloopname     ) [ 0000]
icmp_ln240             (icmp             ) [ 0111]
br_ln240               (br               ) [ 0000]
add_ln241              (add              ) [ 0000]
zext_ln1691            (zext             ) [ 0000]
e_digits_data_V_addr   (getelementptr    ) [ 0011]
icmp_ln240_1           (icmp             ) [ 0111]
add_ln241_1            (add              ) [ 0000]
zext_ln67              (zext             ) [ 0000]
e_digits_data_V_addr_1 (getelementptr    ) [ 0011]
x_3                    (add              ) [ 0000]
store_ln241            (store            ) [ 0000]
store_ln238            (store            ) [ 0000]
k_V_load               (load             ) [ 0000]
e_digits_data_V_load   (load             ) [ 0001]
tmp_5                  (bitselect        ) [ 0001]
tmp_2                  (partselect       ) [ 0001]
k_V_8                  (load             ) [ 0000]
tmp_3                  (partselect       ) [ 0001]
empty_31               (trunc            ) [ 0000]
phitmp_cast            (bitconcatenate   ) [ 0000]
store_ln67             (store            ) [ 0000]
trunc_ln3              (bitconcatenate   ) [ 0000]
store_ln60             (store            ) [ 0000]
br_ln240               (br               ) [ 0000]
trunc_ln1543           (trunc            ) [ 0000]
trunc_ln223_1          (bitconcatenate   ) [ 0000]
store_ln60             (store            ) [ 0000]
br_ln0                 (br               ) [ 0000]
ret_ln0                (ret              ) [ 0000]
</LifeTime>

<model>

<comp_list>
<comp id="0" class="1000" name="zext_ln238">
<pin_list>
<pin id="1" dir="1" index="0" bw="1" slack="0"/>
</pin_list>
<bind>
<StgValue><ssdm name="zext_ln238"/></StgValue>
</bind>
</comp>

<comp id="2" class="1000" name="e_digits_data_V">
<pin_list>
<pin id="3" dir="1" index="0" bw="1" slack="0"/>
</pin_list>
<bind>
<StgValue><ssdm name="e_digits_data_V"/><MemPortTyVec>2 2 </MemPortTyVec>
</StgValue>
</bind>
</comp>

<comp id="4" class="1001" name="const_4">
<pin_list>
<pin id="5" dir="1" index="0" bw="1" slack="0"/>
</pin_list>
<bind>
<StgValue><ssdm name=""/></StgValue>
</bind>
</comp>

<comp id="6" class="1001" name="const_6">
<pin_list>
<pin id="7" dir="1" index="0" bw="1" slack="0"/>
</pin_list>
<bind>
<StgValue><ssdm name="_ssdm_op_Read.ap_auto.i6"/></StgValue>
</bind>
</comp>

<comp id="8" class="1001" name="const_8">
<pin_list>
<pin id="9" dir="1" index="0" bw="1" slack="0"/>
</pin_list>
<bind>
<StgValue><ssdm name=""/></StgValue>
</bind>
</comp>

<comp id="10" class="1001" name="const_10">
<pin_list>
<pin id="11" dir="1" index="0" bw="1" slack="0"/>
</pin_list>
<bind>
<StgValue><ssdm name=""/></StgValue>
</bind>
</comp>

<comp id="12" class="1001" name="const_12">
<pin_list>
<pin id="13" dir="1" index="0" bw="1" slack="2147483647"/>
</pin_list>
<bind>
<StgValue><ssdm name="_ssdm_op_SpecPipeline"/></StgValue>
</bind>
</comp>

<comp id="14" class="1001" name="const_14">
<pin_list>
<pin id="15" dir="1" index="0" bw="1" slack="2147483647"/>
</pin_list>
<bind>
<StgValue><ssdm name=""/></StgValue>
</bind>
</comp>

<comp id="16" class="1001" name="const_16">
<pin_list>
<pin id="17" dir="1" index="0" bw="1" slack="2147483647"/>
</pin_list>
<bind>
<StgValue><ssdm name=""/></StgValue>
</bind>
</comp>

<comp id="18" class="1001" name="const_18">
<pin_list>
<pin id="19" dir="1" index="0" bw="1" slack="2147483647"/>
</pin_list>
<bind>
<StgValue><ssdm name="p_str"/></StgValue>
</bind>
</comp>

<comp id="20" class="1001" name="const_20">
<pin_list>
<pin id="21" dir="1" index="0" bw="1" slack="0"/>
</pin_list>
<bind>
<StgValue><ssdm name="_ssdm_op_BitSelect.i1.i6.i32"/></StgValue>
</bind>
</comp>

<comp id="22" class="1001" name="const_22">
<pin_list>
<pin id="23" dir="1" index="0" bw="1" slack="0"/>
</pin_list>
<bind>
<StgValue><ssdm name=""/></StgValue>
</bind>
</comp>

<comp id="24" class="1001" name="const_24">
<pin_list>
<pin id="25" dir="1" index="0" bw="1" slack="2147483647"/>
</pin_list>
<bind>
<StgValue><ssdm name="_ssdm_op_SpecLoopTripCount"/></StgValue>
</bind>
</comp>

<comp id="26" class="1001" name="const_26">
<pin_list>
<pin id="27" dir="1" index="0" bw="1" slack="2147483647"/>
</pin_list>
<bind>
<StgValue><ssdm name=""/></StgValue>
</bind>
</comp>

<comp id="28" class="1001" name="const_28">
<pin_list>
<pin id="29" dir="1" index="0" bw="1" slack="2147483647"/>
</pin_list>
<bind>
<StgValue><ssdm name=""/></StgValue>
</bind>
</comp>

<comp id="30" class="1001" name="const_30">
<pin_list>
<pin id="31" dir="1" index="0" bw="1" slack="2147483647"/>
</pin_list>
<bind>
<StgValue><ssdm name=""/></StgValue>
</bind>
</comp>

<comp id="32" class="1001" name="const_32">
<pin_list>
<pin id="33" dir="1" index="0" bw="1" slack="2147483647"/>
</pin_list>
<bind>
<StgValue><ssdm name="_ssdm_op_SpecLoopName"/></StgValue>
</bind>
</comp>

<comp id="34" class="1001" name="const_34">
<pin_list>
<pin id="35" dir="1" index="0" bw="1" slack="2147483647"/>
</pin_list>
<bind>
<StgValue><ssdm name="empty_3"/></StgValue>
</bind>
</comp>

<comp id="36" class="1001" name="const_36">
<pin_list>
<pin id="37" dir="1" index="0" bw="1" slack="0"/>
</pin_list>
<bind>
<StgValue><ssdm name=""/></StgValue>
</bind>
</comp>

<comp id="38" class="1001" name="const_38">
<pin_list>
<pin id="39" dir="1" index="0" bw="1" slack="0"/>
</pin_list>
<bind>
<StgValue><ssdm name=""/></StgValue>
</bind>
</comp>

<comp id="40" class="1001" name="const_40">
<pin_list>
<pin id="41" dir="1" index="0" bw="1" slack="0"/>
</pin_list>
<bind>
<StgValue><ssdm name=""/></StgValue>
</bind>
</comp>

<comp id="42" class="1001" name="const_42">
<pin_list>
<pin id="43" dir="1" index="0" bw="1" slack="0"/>
</pin_list>
<bind>
<StgValue><ssdm name=""/></StgValue>
</bind>
</comp>

<comp id="44" class="1001" name="const_44">
<pin_list>
<pin id="45" dir="1" index="0" bw="1" slack="0"/>
</pin_list>
<bind>
<StgValue><ssdm name=""/></StgValue>
</bind>
</comp>

<comp id="46" class="1001" name="const_46">
<pin_list>
<pin id="47" dir="1" index="0" bw="1" slack="0"/>
</pin_list>
<bind>
<StgValue><ssdm name=""/></StgValue>
</bind>
</comp>

<comp id="48" class="1001" name="const_48">
<pin_list>
<pin id="49" dir="1" index="0" bw="1" slack="0"/>
</pin_list>
<bind>
<StgValue><ssdm name="_ssdm_op_BitSelect.i1.i65.i32"/></StgValue>
</bind>
</comp>

<comp id="50" class="1001" name="const_50">
<pin_list>
<pin id="51" dir="1" index="0" bw="1" slack="0"/>
</pin_list>
<bind>
<StgValue><ssdm name=""/></StgValue>
</bind>
</comp>

<comp id="52" class="1001" name="const_52">
<pin_list>
<pin id="53" dir="1" index="0" bw="1" slack="0"/>
</pin_list>
<bind>
<StgValue><ssdm name="_ssdm_op_PartSelect.i63.i64.i32.i32"/></StgValue>
</bind>
</comp>

<comp id="54" class="1001" name="const_54">
<pin_list>
<pin id="55" dir="1" index="0" bw="1" slack="0"/>
</pin_list>
<bind>
<StgValue><ssdm name=""/></StgValue>
</bind>
</comp>

<comp id="56" class="1001" name="const_56">
<pin_list>
<pin id="57" dir="1" index="0" bw="1" slack="0"/>
</pin_list>
<bind>
<StgValue><ssdm name="_ssdm_op_BitConcatenate.i65.i1.i64"/></StgValue>
</bind>
</comp>

<comp id="58" class="1001" name="const_58">
<pin_list>
<pin id="59" dir="1" index="0" bw="1" slack="0"/>
</pin_list>
<bind>
<StgValue><ssdm name="_ssdm_op_BitConcatenate.i64.i1.i63"/></StgValue>
</bind>
</comp>

<comp id="60" class="1004" name="k_V_fu_60">
<pin_list>
<pin id="61" dir="0" index="0" bw="1" slack="0"/>
<pin id="62" dir="1" index="1" bw="65" slack="0"/>
</pin_list>
<bind>
<opcode="alloca(26) " fcode="alloca"/>
<opset="k_V/1 "/>
</bind>
</comp>

<comp id="64" class="1004" name="x_fu_64">
<pin_list>
<pin id="65" dir="0" index="0" bw="1" slack="0"/>
<pin id="66" dir="1" index="1" bw="6" slack="0"/>
</pin_list>
<bind>
<opcode="alloca(26) " fcode="alloca"/>
<opset="x/1 "/>
</bind>
</comp>

<comp id="68" class="1004" name="j_fu_68">
<pin_list>
<pin id="69" dir="0" index="0" bw="1" slack="0"/>
<pin id="70" dir="1" index="1" bw="7" slack="0"/>
</pin_list>
<bind>
<opcode="alloca(26) " fcode="alloca"/>
<opset="j/1 "/>
</bind>
</comp>

<comp id="72" class="1004" name="zext_ln238_read_read_fu_72">
<pin_list>
<pin id="73" dir="0" index="0" bw="6" slack="0"/>
<pin id="74" dir="0" index="1" bw="6" slack="0"/>
<pin id="75" dir="1" index="2" bw="6" slack="0"/>
</pin_list>
<bind>
<opcode="read(1150) " fcode="read"/>
<opset="zext_ln238_read/1 "/>
</bind>
</comp>

<comp id="78" class="1004" name="e_digits_data_V_addr_gep_fu_78">
<pin_list>
<pin id="79" dir="0" index="0" bw="64" slack="0"/>
<pin id="80" dir="0" index="1" bw="1" slack="0"/>
<pin id="81" dir="0" index="2" bw="5" slack="0"/>
<pin id="82" dir="1" index="3" bw="5" slack="0"/>
</pin_list>
<bind>
<opcode="getelementptr(29) " fcode="getelementptr"/>
<opset="e_digits_data_V_addr/1 "/>
</bind>
</comp>

<comp id="85" class="1004" name="grp_access_fu_85">
<pin_list>
<pin id="86" dir="0" index="0" bw="5" slack="0"/>
<pin id="87" dir="0" index="1" bw="64" slack="0"/>
<pin id="88" dir="0" index="2" bw="0" slack="0"/>
<pin id="90" dir="0" index="4" bw="5" slack="0"/>
<pin id="91" dir="0" index="5" bw="64" slack="2147483647"/>
<pin id="92" dir="0" index="6" bw="0" slack="2147483647"/>
<pin id="89" dir="1" index="3" bw="64" slack="0"/>
<pin id="93" dir="1" index="7" bw="64" slack="0"/>
</pin_list>
<bind>
<opcode="load(27) store(28) " fcode="store"/>
<opset="e_digits_data_V_load/1 k_V_8/1 store_ln60/3 store_ln60/3 "/>
</bind>
</comp>

<comp id="95" class="1004" name="e_digits_data_V_addr_1_gep_fu_95">
<pin_list>
<pin id="96" dir="0" index="0" bw="64" slack="0"/>
<pin id="97" dir="0" index="1" bw="1" slack="0"/>
<pin id="98" dir="0" index="2" bw="7" slack="0"/>
<pin id="99" dir="1" index="3" bw="5" slack="0"/>
</pin_list>
<bind>
<opcode="getelementptr(29) " fcode="getelementptr"/>
<opset="e_digits_data_V_addr_1/1 "/>
</bind>
</comp>

<comp id="103" class="1004" name="zext_ln238_cast_fu_103">
<pin_list>
<pin id="104" dir="0" index="0" bw="6" slack="0"/>
<pin id="105" dir="1" index="1" bw="7" slack="0"/>
</pin_list>
<bind>
<opcode="zext(34) " fcode="zext"/>
<opset="zext_ln238_cast/1 "/>
</bind>
</comp>

<comp id="107" class="1004" name="store_ln0_store_fu_107">
<pin_list>
<pin id="108" dir="0" index="0" bw="6" slack="0"/>
<pin id="109" dir="0" index="1" bw="7" slack="0"/>
<pin id="110" dir="1" index="2" bw="0" slack="2147483647"/>
</pin_list>
<bind>
<opcode="store(28) " fcode="store"/>
<opset="store_ln0/1 "/>
</bind>
</comp>

<comp id="112" class="1004" name="store_ln0_store_fu_112">
<pin_list>
<pin id="113" dir="0" index="0" bw="1" slack="0"/>
<pin id="114" dir="0" index="1" bw="6" slack="0"/>
<pin id="115" dir="1" index="2" bw="0" slack="2147483647"/>
</pin_list>
<bind>
<opcode="store(28) " fcode="store"/>
<opset="store_ln0/1 "/>
</bind>
</comp>

<comp id="117" class="1004" name="store_ln0_store_fu_117">
<pin_list>
<pin id="118" dir="0" index="0" bw="1" slack="0"/>
<pin id="119" dir="0" index="1" bw="65" slack="0"/>
<pin id="120" dir="1" index="2" bw="0" slack="2147483647"/>
</pin_list>
<bind>
<opcode="store(28) " fcode="store"/>
<opset="store_ln0/1 "/>
</bind>
</comp>

<comp id="122" class="1004" name="x_2_load_fu_122">
<pin_list>
<pin id="123" dir="0" index="0" bw="6" slack="0"/>
<pin id="124" dir="1" index="1" bw="6" slack="0"/>
</pin_list>
<bind>
<opcode="load(27) " fcode="load"/>
<opset="x_2/1 "/>
</bind>
</comp>

<comp id="125" class="1004" name="tmp_fu_125">
<pin_list>
<pin id="126" dir="0" index="0" bw="1" slack="0"/>
<pin id="127" dir="0" index="1" bw="6" slack="0"/>
<pin id="128" dir="0" index="2" bw="4" slack="0"/>
<pin id="129" dir="1" index="3" bw="1" slack="1"/>
</pin_list>
<bind>
<opcode="bitselect(1000) " fcode="bitselect"/>
<opset="tmp/1 "/>
</bind>
</comp>

<comp id="133" class="1004" name="j_load_load_fu_133">
<pin_list>
<pin id="134" dir="0" index="0" bw="7" slack="0"/>
<pin id="135" dir="1" index="1" bw="7" slack="0"/>
</pin_list>
<bind>
<opcode="load(27) " fcode="load"/>
<opset="j_load/1 "/>
</bind>
</comp>

<comp id="136" class="1004" name="empty_32_fu_136">
<pin_list>
<pin id="137" dir="0" index="0" bw="7" slack="0"/>
<pin id="138" dir="1" index="1" bw="5" slack="0"/>
</pin_list>
<bind>
<opcode="trunc(33) " fcode="trunc"/>
<opset="empty_32/1 "/>
</bind>
</comp>

<comp id="140" class="1004" name="icmp_ln240_fu_140">
<pin_list>
<pin id="141" dir="0" index="0" bw="7" slack="0"/>
<pin id="142" dir="0" index="1" bw="1" slack="0"/>
<pin id="143" dir="1" index="2" bw="1" slack="1"/>
</pin_list>
<bind>
<opcode="icmp(45) " fcode="icmp"/>
<opset="icmp_ln240/1 "/>
</bind>
</comp>

<comp id="146" class="1004" name="add_ln241_fu_146">
<pin_list>
<pin id="147" dir="0" index="0" bw="5" slack="0"/>
<pin id="148" dir="0" index="1" bw="1" slack="0"/>
<pin id="149" dir="1" index="2" bw="5" slack="0"/>
</pin_list>
<bind>
<opcode="add(8) " fcode="add"/>
<opset="add_ln241/1 "/>
</bind>
</comp>

<comp id="152" class="1004" name="zext_ln1691_fu_152">
<pin_list>
<pin id="153" dir="0" index="0" bw="5" slack="0"/>
<pin id="154" dir="1" index="1" bw="64" slack="0"/>
</pin_list>
<bind>
<opcode="zext(34) " fcode="zext"/>
<opset="zext_ln1691/1 "/>
</bind>
</comp>

<comp id="157" class="1004" name="icmp_ln240_1_fu_157">
<pin_list>
<pin id="158" dir="0" index="0" bw="7" slack="0"/>
<pin id="159" dir="0" index="1" bw="1" slack="0"/>
<pin id="160" dir="1" index="2" bw="1" slack="1"/>
</pin_list>
<bind>
<opcode="icmp(45) " fcode="icmp"/>
<opset="icmp_ln240_1/1 "/>
</bind>
</comp>

<comp id="163" class="1004" name="add_ln241_1_fu_163">
<pin_list>
<pin id="164" dir="0" index="0" bw="7" slack="0"/>
<pin id="165" dir="0" index="1" bw="2" slack="0"/>
<pin id="166" dir="1" index="2" bw="7" slack="0"/>
</pin_list>
<bind>
<opcode="add(8) " fcode="add"/>
<opset="add_ln241_1/1 "/>
</bind>
</comp>

<comp id="169" class="1004" name="zext_ln67_fu_169">
<pin_list>
<pin id="170" dir="0" index="0" bw="7" slack="0"/>
<pin id="171" dir="1" index="1" bw="64" slack="0"/>
</pin_list>
<bind>
<opcode="zext(34) " fcode="zext"/>
<opset="zext_ln67/1 "/>
</bind>
</comp>

<comp id="174" class="1004" name="x_3_fu_174">
<pin_list>
<pin id="175" dir="0" index="0" bw="6" slack="0"/>
<pin id="176" dir="0" index="1" bw="3" slack="0"/>
<pin id="177" dir="1" index="2" bw="6" slack="0"/>
</pin_list>
<bind>
<opcode="add(8) " fcode="add"/>
<opset="x_3/1 "/>
</bind>
</comp>

<comp id="180" class="1004" name="store_ln241_store_fu_180">
<pin_list>
<pin id="181" dir="0" index="0" bw="7" slack="0"/>
<pin id="182" dir="0" index="1" bw="7" slack="0"/>
<pin id="183" dir="1" index="2" bw="0" slack="2147483647"/>
</pin_list>
<bind>
<opcode="store(28) " fcode="store"/>
<opset="store_ln241/1 "/>
</bind>
</comp>

<comp id="185" class="1004" name="store_ln238_store_fu_185">
<pin_list>
<pin id="186" dir="0" index="0" bw="6" slack="0"/>
<pin id="187" dir="0" index="1" bw="6" slack="0"/>
<pin id="188" dir="1" index="2" bw="0" slack="2147483647"/>
</pin_list>
<bind>
<opcode="store(28) " fcode="store"/>
<opset="store_ln238/1 "/>
</bind>
</comp>

<comp id="190" class="1004" name="k_V_load_load_fu_190">
<pin_list>
<pin id="191" dir="0" index="0" bw="65" slack="1"/>
<pin id="192" dir="1" index="1" bw="65" slack="0"/>
</pin_list>
<bind>
<opcode="load(27) " fcode="load"/>
<opset="k_V_load/2 "/>
</bind>
</comp>

<comp id="193" class="1004" name="tmp_5_fu_193">
<pin_list>
<pin id="194" dir="0" index="0" bw="1" slack="0"/>
<pin id="195" dir="0" index="1" bw="65" slack="0"/>
<pin id="196" dir="0" index="2" bw="8" slack="0"/>
<pin id="197" dir="1" index="3" bw="1" slack="1"/>
</pin_list>
<bind>
<opcode="bitselect(1000) " fcode="bitselect"/>
<opset="tmp_5/2 "/>
</bind>
</comp>

<comp id="201" class="1004" name="tmp_2_fu_201">
<pin_list>
<pin id="202" dir="0" index="0" bw="63" slack="0"/>
<pin id="203" dir="0" index="1" bw="64" slack="0"/>
<pin id="204" dir="0" index="2" bw="1" slack="0"/>
<pin id="205" dir="0" index="3" bw="7" slack="0"/>
<pin id="206" dir="1" index="4" bw="63" slack="1"/>
</pin_list>
<bind>
<opcode="partselect(1002) " fcode="partselect"/>
<opset="tmp_2/2 "/>
</bind>
</comp>

<comp id="211" class="1004" name="tmp_3_fu_211">
<pin_list>
<pin id="212" dir="0" index="0" bw="63" slack="0"/>
<pin id="213" dir="0" index="1" bw="64" slack="0"/>
<pin id="214" dir="0" index="2" bw="1" slack="0"/>
<pin id="215" dir="0" index="3" bw="7" slack="0"/>
<pin id="216" dir="1" index="4" bw="63" slack="1"/>
</pin_list>
<bind>
<opcode="partselect(1002) " fcode="partselect"/>
<opset="tmp_3/2 "/>
</bind>
</comp>

<comp id="221" class="1004" name="empty_31_fu_221">
<pin_list>
<pin id="222" dir="0" index="0" bw="64" slack="0"/>
<pin id="223" dir="1" index="1" bw="1" slack="0"/>
</pin_list>
<bind>
<opcode="trunc(33) " fcode="trunc"/>
<opset="empty_31/2 "/>
</bind>
</comp>

<comp id="225" class="1004" name="phitmp_cast_fu_225">
<pin_list>
<pin id="226" dir="0" index="0" bw="65" slack="0"/>
<pin id="227" dir="0" index="1" bw="1" slack="0"/>
<pin id="228" dir="0" index="2" bw="1" slack="0"/>
<pin id="229" dir="1" index="3" bw="65" slack="0"/>
</pin_list>
<bind>
<opcode="bitconcatenate(1004) " fcode="bitconcatenate"/>
<opset="phitmp_cast/2 "/>
</bind>
</comp>

<comp id="233" class="1004" name="store_ln67_store_fu_233">
<pin_list>
<pin id="234" dir="0" index="0" bw="65" slack="0"/>
<pin id="235" dir="0" index="1" bw="65" slack="1"/>
<pin id="236" dir="1" index="2" bw="0" slack="2147483647"/>
</pin_list>
<bind>
<opcode="store(28) " fcode="store"/>
<opset="store_ln67/2 "/>
</bind>
</comp>

<comp id="238" class="1004" name="trunc_ln3_fu_238">
<pin_list>
<pin id="239" dir="0" index="0" bw="64" slack="0"/>
<pin id="240" dir="0" index="1" bw="1" slack="1"/>
<pin id="241" dir="0" index="2" bw="63" slack="1"/>
<pin id="242" dir="1" index="3" bw="64" slack="0"/>
</pin_list>
<bind>
<opcode="bitconcatenate(1004) " fcode="bitconcatenate"/>
<opset="trunc_ln3/3 "/>
</bind>
</comp>

<comp id="245" class="1004" name="trunc_ln1543_fu_245">
<pin_list>
<pin id="246" dir="0" index="0" bw="64" slack="1"/>
<pin id="247" dir="1" index="1" bw="1" slack="0"/>
</pin_list>
<bind>
<opcode="trunc(33) " fcode="trunc"/>
<opset="trunc_ln1543/3 "/>
</bind>
</comp>

<comp id="248" class="1004" name="trunc_ln223_1_fu_248">
<pin_list>
<pin id="249" dir="0" index="0" bw="64" slack="0"/>
<pin id="250" dir="0" index="1" bw="1" slack="0"/>
<pin id="251" dir="0" index="2" bw="63" slack="1"/>
<pin id="252" dir="1" index="3" bw="64" slack="0"/>
</pin_list>
<bind>
<opcode="bitconcatenate(1004) " fcode="bitconcatenate"/>
<opset="trunc_ln223_1/3 "/>
</bind>
</comp>

<comp id="256" class="1005" name="k_V_reg_256">
<pin_list>
<pin id="257" dir="0" index="0" bw="65" slack="0"/>
<pin id="258" dir="1" index="1" bw="65" slack="0"/>
</pin_list>
<bind>
<opset="k_V "/>
</bind>
</comp>

<comp id="263" class="1005" name="x_reg_263">
<pin_list>
<pin id="264" dir="0" index="0" bw="6" slack="0"/>
<pin id="265" dir="1" index="1" bw="6" slack="0"/>
</pin_list>
<bind>
<opset="x "/>
</bind>
</comp>

<comp id="270" class="1005" name="j_reg_270">
<pin_list>
<pin id="271" dir="0" index="0" bw="7" slack="0"/>
<pin id="272" dir="1" index="1" bw="7" slack="0"/>
</pin_list>
<bind>
<opset="j "/>
</bind>
</comp>

<comp id="277" class="1005" name="tmp_reg_277">
<pin_list>
<pin id="278" dir="0" index="0" bw="1" slack="1"/>
<pin id="279" dir="1" index="1" bw="1" slack="2147483647"/>
</pin_list>
<bind>
<opset="tmp "/>
</bind>
</comp>

<comp id="281" class="1005" name="icmp_ln240_reg_281">
<pin_list>
<pin id="282" dir="0" index="0" bw="1" slack="1"/>
<pin id="283" dir="1" index="1" bw="1" slack="2147483647"/>
</pin_list>
<bind>
<opset="icmp_ln240 "/>
</bind>
</comp>

<comp id="285" class="1005" name="e_digits_data_V_addr_reg_285">
<pin_list>
<pin id="286" dir="0" index="0" bw="5" slack="1"/>
<pin id="287" dir="1" index="1" bw="5" slack="1"/>
</pin_list>
<bind>
<opset="e_digits_data_V_addr "/>
</bind>
</comp>

<comp id="290" class="1005" name="icmp_ln240_1_reg_290">
<pin_list>
<pin id="291" dir="0" index="0" bw="1" slack="1"/>
<pin id="292" dir="1" index="1" bw="1" slack="2147483647"/>
</pin_list>
<bind>
<opset="icmp_ln240_1 "/>
</bind>
</comp>

<comp id="294" class="1005" name="e_digits_data_V_addr_1_reg_294">
<pin_list>
<pin id="295" dir="0" index="0" bw="5" slack="1"/>
<pin id="296" dir="1" index="1" bw="5" slack="1"/>
</pin_list>
<bind>
<opset="e_digits_data_V_addr_1 "/>
</bind>
</comp>

<comp id="299" class="1005" name="e_digits_data_V_load_reg_299">
<pin_list>
<pin id="300" dir="0" index="0" bw="64" slack="1"/>
<pin id="301" dir="1" index="1" bw="64" slack="1"/>
</pin_list>
<bind>
<opset="e_digits_data_V_load "/>
</bind>
</comp>

<comp id="304" class="1005" name="tmp_5_reg_304">
<pin_list>
<pin id="305" dir="0" index="0" bw="1" slack="1"/>
<pin id="306" dir="1" index="1" bw="1" slack="1"/>
</pin_list>
<bind>
<opset="tmp_5 "/>
</bind>
</comp>

<comp id="309" class="1005" name="tmp_2_reg_309">
<pin_list>
<pin id="310" dir="0" index="0" bw="63" slack="1"/>
<pin id="311" dir="1" index="1" bw="63" slack="1"/>
</pin_list>
<bind>
<opset="tmp_2 "/>
</bind>
</comp>

<comp id="314" class="1005" name="tmp_3_reg_314">
<pin_list>
<pin id="315" dir="0" index="0" bw="63" slack="1"/>
<pin id="316" dir="1" index="1" bw="63" slack="1"/>
</pin_list>
<bind>
<opset="tmp_3 "/>
</bind>
</comp>

</comp_list>

<net_list>
<net id="63"><net_src comp="4" pin="0"/><net_sink comp="60" pin=0"/></net>

<net id="67"><net_src comp="4" pin="0"/><net_sink comp="64" pin=0"/></net>

<net id="71"><net_src comp="4" pin="0"/><net_sink comp="68" pin=0"/></net>

<net id="76"><net_src comp="6" pin="0"/><net_sink comp="72" pin=0"/></net>

<net id="77"><net_src comp="0" pin="0"/><net_sink comp="72" pin=1"/></net>

<net id="83"><net_src comp="2" pin="0"/><net_sink comp="78" pin=0"/></net>

<net id="84"><net_src comp="40" pin="0"/><net_sink comp="78" pin=1"/></net>

<net id="94"><net_src comp="78" pin="3"/><net_sink comp="85" pin=2"/></net>

<net id="100"><net_src comp="2" pin="0"/><net_sink comp="95" pin=0"/></net>

<net id="101"><net_src comp="40" pin="0"/><net_sink comp="95" pin=1"/></net>

<net id="102"><net_src comp="95" pin="3"/><net_sink comp="85" pin=0"/></net>

<net id="106"><net_src comp="72" pin="2"/><net_sink comp="103" pin=0"/></net>

<net id="111"><net_src comp="103" pin="1"/><net_sink comp="107" pin=0"/></net>

<net id="116"><net_src comp="8" pin="0"/><net_sink comp="112" pin=0"/></net>

<net id="121"><net_src comp="10" pin="0"/><net_sink comp="117" pin=0"/></net>

<net id="130"><net_src comp="20" pin="0"/><net_sink comp="125" pin=0"/></net>

<net id="131"><net_src comp="122" pin="1"/><net_sink comp="125" pin=1"/></net>

<net id="132"><net_src comp="22" pin="0"/><net_sink comp="125" pin=2"/></net>

<net id="139"><net_src comp="133" pin="1"/><net_sink comp="136" pin=0"/></net>

<net id="144"><net_src comp="133" pin="1"/><net_sink comp="140" pin=0"/></net>

<net id="145"><net_src comp="36" pin="0"/><net_sink comp="140" pin=1"/></net>

<net id="150"><net_src comp="136" pin="1"/><net_sink comp="146" pin=0"/></net>

<net id="151"><net_src comp="38" pin="0"/><net_sink comp="146" pin=1"/></net>

<net id="155"><net_src comp="146" pin="2"/><net_sink comp="152" pin=0"/></net>

<net id="156"><net_src comp="152" pin="1"/><net_sink comp="78" pin=2"/></net>

<net id="161"><net_src comp="133" pin="1"/><net_sink comp="157" pin=0"/></net>

<net id="162"><net_src comp="42" pin="0"/><net_sink comp="157" pin=1"/></net>

<net id="167"><net_src comp="133" pin="1"/><net_sink comp="163" pin=0"/></net>

<net id="168"><net_src comp="44" pin="0"/><net_sink comp="163" pin=1"/></net>

<net id="172"><net_src comp="163" pin="2"/><net_sink comp="169" pin=0"/></net>

<net id="173"><net_src comp="169" pin="1"/><net_sink comp="95" pin=2"/></net>

<net id="178"><net_src comp="122" pin="1"/><net_sink comp="174" pin=0"/></net>

<net id="179"><net_src comp="46" pin="0"/><net_sink comp="174" pin=1"/></net>

<net id="184"><net_src comp="163" pin="2"/><net_sink comp="180" pin=0"/></net>

<net id="189"><net_src comp="174" pin="2"/><net_sink comp="185" pin=0"/></net>

<net id="198"><net_src comp="48" pin="0"/><net_sink comp="193" pin=0"/></net>

<net id="199"><net_src comp="190" pin="1"/><net_sink comp="193" pin=1"/></net>

<net id="200"><net_src comp="50" pin="0"/><net_sink comp="193" pin=2"/></net>

<net id="207"><net_src comp="52" pin="0"/><net_sink comp="201" pin=0"/></net>

<net id="208"><net_src comp="85" pin="7"/><net_sink comp="201" pin=1"/></net>

<net id="209"><net_src comp="4" pin="0"/><net_sink comp="201" pin=2"/></net>

<net id="210"><net_src comp="54" pin="0"/><net_sink comp="201" pin=3"/></net>

<net id="217"><net_src comp="52" pin="0"/><net_sink comp="211" pin=0"/></net>

<net id="218"><net_src comp="85" pin="3"/><net_sink comp="211" pin=1"/></net>

<net id="219"><net_src comp="4" pin="0"/><net_sink comp="211" pin=2"/></net>

<net id="220"><net_src comp="54" pin="0"/><net_sink comp="211" pin=3"/></net>

<net id="224"><net_src comp="85" pin="3"/><net_sink comp="221" pin=0"/></net>

<net id="230"><net_src comp="56" pin="0"/><net_sink comp="225" pin=0"/></net>

<net id="231"><net_src comp="221" pin="1"/><net_sink comp="225" pin=1"/></net>

<net id="232"><net_src comp="40" pin="0"/><net_sink comp="225" pin=2"/></net>

<net id="237"><net_src comp="225" pin="3"/><net_sink comp="233" pin=0"/></net>

<net id="243"><net_src comp="58" pin="0"/><net_sink comp="238" pin=0"/></net>

<net id="244"><net_src comp="238" pin="3"/><net_sink comp="85" pin=4"/></net>

<net id="253"><net_src comp="58" pin="0"/><net_sink comp="248" pin=0"/></net>

<net id="254"><net_src comp="245" pin="1"/><net_sink comp="248" pin=1"/></net>

<net id="255"><net_src comp="248" pin="3"/><net_sink comp="85" pin=1"/></net>

<net id="259"><net_src comp="60" pin="1"/><net_sink comp="256" pin=0"/></net>

<net id="260"><net_src comp="256" pin="1"/><net_sink comp="117" pin=1"/></net>

<net id="261"><net_src comp="256" pin="1"/><net_sink comp="190" pin=0"/></net>

<net id="262"><net_src comp="256" pin="1"/><net_sink comp="233" pin=1"/></net>

<net id="266"><net_src comp="64" pin="1"/><net_sink comp="263" pin=0"/></net>

<net id="267"><net_src comp="263" pin="1"/><net_sink comp="112" pin=1"/></net>

<net id="268"><net_src comp="263" pin="1"/><net_sink comp="122" pin=0"/></net>

<net id="269"><net_src comp="263" pin="1"/><net_sink comp="185" pin=1"/></net>

<net id="273"><net_src comp="68" pin="1"/><net_sink comp="270" pin=0"/></net>

<net id="274"><net_src comp="270" pin="1"/><net_sink comp="107" pin=1"/></net>

<net id="275"><net_src comp="270" pin="1"/><net_sink comp="133" pin=0"/></net>

<net id="276"><net_src comp="270" pin="1"/><net_sink comp="180" pin=1"/></net>

<net id="280"><net_src comp="125" pin="3"/><net_sink comp="277" pin=0"/></net>

<net id="284"><net_src comp="140" pin="2"/><net_sink comp="281" pin=0"/></net>

<net id="288"><net_src comp="78" pin="3"/><net_sink comp="285" pin=0"/></net>

<net id="289"><net_src comp="285" pin="1"/><net_sink comp="85" pin=2"/></net>

<net id="293"><net_src comp="157" pin="2"/><net_sink comp="290" pin=0"/></net>

<net id="297"><net_src comp="95" pin="3"/><net_sink comp="294" pin=0"/></net>

<net id="298"><net_src comp="294" pin="1"/><net_sink comp="85" pin=0"/></net>

<net id="302"><net_src comp="85" pin="7"/><net_sink comp="299" pin=0"/></net>

<net id="303"><net_src comp="299" pin="1"/><net_sink comp="245" pin=0"/></net>

<net id="307"><net_src comp="193" pin="3"/><net_sink comp="304" pin=0"/></net>

<net id="308"><net_src comp="304" pin="1"/><net_sink comp="238" pin=1"/></net>

<net id="312"><net_src comp="201" pin="4"/><net_sink comp="309" pin=0"/></net>

<net id="313"><net_src comp="309" pin="1"/><net_sink comp="238" pin=2"/></net>

<net id="317"><net_src comp="211" pin="4"/><net_sink comp="314" pin=0"/></net>

<net id="318"><net_src comp="314" pin="1"/><net_sink comp="248" pin=2"/></net>

</net_list>

</model> 
---------------- Datapath Model END ------------------

* FSMD analyzer results:
  - Output states:
	Port: e_digits_data_V | {3 }
 - Input state : 
	Port: dut_Pipeline_SHIFT : zext_ln238 | {1 }
	Port: dut_Pipeline_SHIFT : e_digits_data_V | {1 2 }
  - Chain level:
	State 1
		store_ln0 : 1
		store_ln0 : 1
		store_ln0 : 1
		x_2 : 1
		tmp : 2
		br_ln238 : 3
		j_load : 1
		empty_32 : 2
		icmp_ln240 : 2
		br_ln240 : 3
		add_ln241 : 3
		zext_ln1691 : 4
		e_digits_data_V_addr : 5
		e_digits_data_V_load : 6
		icmp_ln240_1 : 2
		add_ln241_1 : 2
		zext_ln67 : 3
		e_digits_data_V_addr_1 : 4
		k_V_8 : 5
		x_3 : 2
		store_ln241 : 3
		store_ln238 : 3
	State 2
		tmp_5 : 1
		tmp_2 : 1
		tmp_3 : 1
		empty_31 : 1
		phitmp_cast : 2
		store_ln67 : 3
	State 3
		store_ln60 : 1
		trunc_ln223_1 : 1
		store_ln60 : 2


============================================================
+ Verbose Summary: Datapath Resource usage 
============================================================

* Functional unit list:
|----------|----------------------------|---------|---------|
| Operation|       Functional Unit      |    FF   |   LUT   |
|----------|----------------------------|---------|---------|
|          |      add_ln241_fu_146      |    0    |    13   |
|    add   |     add_ln241_1_fu_163     |    0    |    14   |
|          |         x_3_fu_174         |    0    |    14   |
|----------|----------------------------|---------|---------|
|   icmp   |      icmp_ln240_fu_140     |    0    |    10   |
|          |     icmp_ln240_1_fu_157    |    0    |    10   |
|----------|----------------------------|---------|---------|
|   read   | zext_ln238_read_read_fu_72 |    0    |    0    |
|----------|----------------------------|---------|---------|
|          |   zext_ln238_cast_fu_103   |    0    |    0    |
|   zext   |     zext_ln1691_fu_152     |    0    |    0    |
|          |      zext_ln67_fu_169      |    0    |    0    |
|----------|----------------------------|---------|---------|
| bitselect|         tmp_fu_125         |    0    |    0    |
|          |        tmp_5_fu_193        |    0    |    0    |
|----------|----------------------------|---------|---------|
|          |       empty_32_fu_136      |    0    |    0    |
|   trunc  |       empty_31_fu_221      |    0    |    0    |
|          |     trunc_ln1543_fu_245    |    0    |    0    |
|----------|----------------------------|---------|---------|
|partselect|        tmp_2_fu_201        |    0    |    0    |
|          |        tmp_3_fu_211        |    0    |    0    |
|----------|----------------------------|---------|---------|
|          |     phitmp_cast_fu_225     |    0    |    0    |
|bitconcatenate|      trunc_ln3_fu_238      |    0    |    0    |
|          |    trunc_ln223_1_fu_248    |    0    |    0    |
|----------|----------------------------|---------|---------|
|   Total  |                            |    0    |    61   |
|----------|----------------------------|---------|---------|

Memories:
N/A

* Register list:
+------------------------------+--------+
|                              |   FF   |
+------------------------------+--------+
|e_digits_data_V_addr_1_reg_294|    5   |
| e_digits_data_V_addr_reg_285 |    5   |
| e_digits_data_V_load_reg_299 |   64   |
|     icmp_ln240_1_reg_290     |    1   |
|      icmp_ln240_reg_281      |    1   |
|           j_reg_270          |    7   |
|          k_V_reg_256         |   65   |
|         tmp_2_reg_309        |   63   |
|         tmp_3_reg_314        |   63   |
|         tmp_5_reg_304        |    1   |
|          tmp_reg_277         |    1   |
|           x_reg_263          |    6   |
+------------------------------+--------+
|             Total            |   282  |
+------------------------------+--------+

* Multiplexer (MUX) list: 
|------------------|------|------|------|--------||---------||---------|
|       Comp       |  Pin | Size |  BW  | S x BW ||  Delay  ||   LUT   |
|------------------|------|------|------|--------||---------||---------|
| grp_access_fu_85 |  p0  |   2  |   5  |   10   ||    9    |
| grp_access_fu_85 |  p2  |   2  |   0  |    0   ||    9    |
|------------------|------|------|------|--------||---------||---------|
|       Total      |      |      |      |   10   ||  3.176  ||    18   |
|------------------|------|------|------|--------||---------||---------|



* Summary:
+-----------+--------+--------+--------+
|           |  Delay |   FF   |   LUT  |
+-----------+--------+--------+--------+
|  Function |    -   |    0   |   61   |
|   Memory  |    -   |    -   |    -   |
|Multiplexer|    3   |    -   |   18   |
|  Register |    -   |   282  |    -   |
+-----------+--------+--------+--------+
|   Total   |    3   |   282  |   79   |
+-----------+--------+--------+--------+
