

================================================================
== Vitis HLS Report for 'operator_mul'
================================================================
* Date:           Thu Dec 19 08:56:13 2024

* Version:        2021.2 (Build 3367213 on Tue Oct 19 02:48:09 MDT 2021)
* Project:        rsa.prj
* Solution:       solution1 (Vivado IP Flow Target)
* Product family: zynq
* Target device:  xc7z020-clg484-1


================================================================
== Performance Estimates
================================================================
+ Timing: 
    * Summary: 
    +--------+---------+----------+------------+
    |  Clock |  Target | Estimated| Uncertainty|
    +--------+---------+----------+------------+
    |ap_clk  |  8.50 ns|  5.352 ns|     2.30 ns|
    +--------+---------+----------+------------+

+ Latency: 
    * Summary: 
    +---------+---------+-----------+-----------+------+------+---------+
    |  Latency (cycles) |   Latency (absolute)  |   Interval  | Pipeline|
    |   min   |   max   |    min    |    max    |  min |  max |   Type  |
    +---------+---------+-----------+-----------+------+------+---------+
    |     4119|     4119|  35.011 us|  35.011 us|  4119|  4119|       no|
    +---------+---------+-----------+-----------+------+------+---------+

    + Detail: 
        * Instance: 
        +------------------------------------------+-------------------------------+---------+---------+-----------+-----------+------+------+---------+
        |                                          |                               |  Latency (cycles) |   Latency (absolute)  |   Interval  | Pipeline|
        |                 Instance                 |             Module            |   min   |   max   |    min    |    max    |  min |  max |   Type  |
        +------------------------------------------+-------------------------------+---------+---------+-----------+-----------+------+------+---------+
        |grp_operator_Pipeline_OUTER_INNER_fu_371  |operator_Pipeline_OUTER_INNER  |     4102|     4102|  34.867 us|  34.867 us|  4102|  4102|       no|
        +------------------------------------------+-------------------------------+---------+---------+-----------+-----------+------+------+---------+

        * Loop: 
        N/A



================================================================
== Utilization Estimates
================================================================
* Summary: 
+-----------------+---------+-----+--------+-------+-----+
|       Name      | BRAM_18K| DSP |   FF   |  LUT  | URAM|
+-----------------+---------+-----+--------+-------+-----+
|DSP              |        -|    -|       -|      -|    -|
|Expression       |        -|    -|       -|      -|    -|
|FIFO             |        -|    -|       -|      -|    -|
|Instance         |        -|    -|    1413|   1154|    -|
|Memory           |        -|    -|       -|      -|    -|
|Multiplexer      |        -|    -|       -|    321|    -|
|Register         |        -|    -|      19|      -|    -|
+-----------------+---------+-----+--------+-------+-----+
|Total            |        0|    0|    1432|   1475|    0|
+-----------------+---------+-----+--------+-------+-----+
|Available        |      280|  220|  106400|  53200|    0|
+-----------------+---------+-----+--------+-------+-----+
|Utilization (%)  |        0|    0|       1|      2|    0|
+-----------------+---------+-----+--------+-------+-----+

+ Detail: 
    * Instance: 
    +------------------------------------------+-------------------------------+---------+----+------+------+-----+
    |                 Instance                 |             Module            | BRAM_18K| DSP|  FF  |  LUT | URAM|
    +------------------------------------------+-------------------------------+---------+----+------+------+-----+
    |grp_operator_Pipeline_OUTER_INNER_fu_371  |operator_Pipeline_OUTER_INNER  |        0|   0|  1413|  1154|    0|
    +------------------------------------------+-------------------------------+---------+----+------+------+-----+
    |Total                                     |                               |        0|   0|  1413|  1154|    0|
    +------------------------------------------+-------------------------------+---------+----+------+------+-----+

    * DSP: 
    N/A

    * Memory: 
    N/A

    * FIFO: 
    N/A

    * Expression: 
    N/A

    * Multiplexer: 
    +---------------------+----+-----------+-----+-----------+
    |         Name        | LUT| Input Size| Bits| Total Bits|
    +---------------------+----+-----------+-----+-----------+
    |agg_result_address0  |  87|         18|    5|         90|
    |agg_result_address1  |  81|         17|    5|         85|
    |agg_result_ce0       |  14|          3|    1|          3|
    |agg_result_d0        |  14|          3|   64|        192|
    |agg_result_we0       |  14|          3|    1|          3|
    |ap_NS_fsm            |  93|         19|    1|         19|
    |grp_fu_381_ce        |   9|          2|    1|          2|
    |grp_fu_385_ce        |   9|          2|    1|          2|
    +---------------------+----+-----------+-----+-----------+
    |Total                | 321|         67|   79|        396|
    +---------------------+----+-----------+-----+-----------+

    * Register: 
    +-------------------------------------------------------+----+----+-----+-----------+
    |                          Name                         | FF | LUT| Bits| Const Bits|
    +-------------------------------------------------------+----+----+-----+-----------+
    |ap_CS_fsm                                              |  18|   0|   18|          0|
    |grp_operator_Pipeline_OUTER_INNER_fu_371_ap_start_reg  |   1|   0|    1|          0|
    +-------------------------------------------------------+----+----+-----+-----------+
    |Total                                                  |  19|   0|   19|          0|
    +-------------------------------------------------------+----+----+-----+-----------+



================================================================
== Interface
================================================================
* Summary: 
+---------------------+-----+-----+------------+--------------+--------------+
|      RTL Ports      | Dir | Bits|  Protocol  | Source Object|    C Type    |
+---------------------+-----+-----+------------+--------------+--------------+
|ap_clk               |   in|    1|  ap_ctrl_hs|     operator*|  return value|
|ap_rst               |   in|    1|  ap_ctrl_hs|     operator*|  return value|
|ap_start             |   in|    1|  ap_ctrl_hs|     operator*|  return value|
|ap_done              |  out|    1|  ap_ctrl_hs|     operator*|  return value|
|ap_idle              |  out|    1|  ap_ctrl_hs|     operator*|  return value|
|ap_ready             |  out|    1|  ap_ctrl_hs|     operator*|  return value|
|grp_fu_8482_p_din0   |  out|   64|  ap_ctrl_hs|     operator*|  return value|
|grp_fu_8482_p_din1   |  out|   64|  ap_ctrl_hs|     operator*|  return value|
|grp_fu_8482_p_dout0  |   in|  128|  ap_ctrl_hs|     operator*|  return value|
|grp_fu_8482_p_ce     |  out|    1|  ap_ctrl_hs|     operator*|  return value|
|grp_fu_8486_p_din0   |  out|   64|  ap_ctrl_hs|     operator*|  return value|
|grp_fu_8486_p_din1   |  out|   64|  ap_ctrl_hs|     operator*|  return value|
|grp_fu_8486_p_dout0  |   in|  128|  ap_ctrl_hs|     operator*|  return value|
|grp_fu_8486_p_ce     |  out|    1|  ap_ctrl_hs|     operator*|  return value|
|agg_result_address0  |  out|    5|   ap_memory|    agg_result|         array|
|agg_result_ce0       |  out|    1|   ap_memory|    agg_result|         array|
|agg_result_we0       |  out|    1|   ap_memory|    agg_result|         array|
|agg_result_d0        |  out|   64|   ap_memory|    agg_result|         array|
|agg_result_q0        |   in|   64|   ap_memory|    agg_result|         array|
|agg_result_address1  |  out|    5|   ap_memory|    agg_result|         array|
|agg_result_ce1       |  out|    1|   ap_memory|    agg_result|         array|
|agg_result_we1       |  out|    1|   ap_memory|    agg_result|         array|
|agg_result_d1        |  out|   64|   ap_memory|    agg_result|         array|
|u_address0           |  out|    5|   ap_memory|             u|         array|
|u_ce0                |  out|    1|   ap_memory|             u|         array|
|u_q0                 |   in|   64|   ap_memory|             u|         array|
|u_address1           |  out|    5|   ap_memory|             u|         array|
|u_ce1                |  out|    1|   ap_memory|             u|         array|
|u_q1                 |   in|   64|   ap_memory|             u|         array|
|v_address0           |  out|    5|   ap_memory|             v|         array|
|v_ce0                |  out|    1|   ap_memory|             v|         array|
|v_q0                 |   in|   64|   ap_memory|             v|         array|
+---------------------+-----+-----+------------+--------------+--------------+

============================================================
+ Verbose Summary: Synthesis Manager
============================================================
InlineROM: 1
ExposeGlobal: 0
============================================================
+ Verbose Summary: CDFG Model
============================================================
IsTopModel: 0
ResetActiveHigh: 1
IsCombinational: 2
IsDatapathOnly: 2
HasWiredReturn: 1
HasMFsm: 0
HasVarLatency: 1
IsPipeline: 0
IsRtlPipelined: 0
IsInstanceOverlapped: 0
IsDontTouch: 0
HasImplIP: 0
IsGatedGlobalClock: 0


============================================================
+ Verbose Summary: Schedule
============================================================
* Number of FSM states : 18
* Pipeline : 0
* Dataflow Pipeline: 0

* FSM state transitions: 
1 --> 2 
2 --> 3 
3 --> 4 
4 --> 5 
5 --> 6 
6 --> 7 
7 --> 8 
8 --> 9 
9 --> 10 
10 --> 11 
11 --> 12 
12 --> 13 
13 --> 14 
14 --> 15 
15 --> 16 
16 --> 17 
17 --> 18 
18 --> 

* FSM state operations: 

State 1 <SV = 0> <Delay = 3.25>
ST_1 : Operation 19 [1/1] (0.00ns)   --->   "%agg_result_addr = getelementptr i64 %agg_result, i64 0, i64 0" [./bignum.h:60]   --->   Operation 19 'getelementptr' 'agg_result_addr' <Predicate = true> <Delay = 0.00>
ST_1 : Operation 20 [1/1] (3.25ns)   --->   "%store_ln60 = store i64 0, i5 %agg_result_addr" [./bignum.h:60]   --->   Operation 20 'store' 'store_ln60' <Predicate = true> <Delay = 3.25> <CoreInst = "RAM">   --->   Core 82 'RAM' <Latency = 1> <II = 1> <Delay = 3.25> <Storage> <Opcode : 'load' 'store'> <Ports = 2> <Width = 64> <Depth = 32> <RAM>
ST_1 : Operation 21 [1/1] (0.00ns)   --->   "%agg_result_addr_1 = getelementptr i64 %agg_result, i64 0, i64 1" [./bignum.h:60]   --->   Operation 21 'getelementptr' 'agg_result_addr_1' <Predicate = true> <Delay = 0.00>
ST_1 : Operation 22 [1/1] (3.25ns)   --->   "%store_ln60 = store i64 0, i5 %agg_result_addr_1" [./bignum.h:60]   --->   Operation 22 'store' 'store_ln60' <Predicate = true> <Delay = 3.25> <CoreInst = "RAM">   --->   Core 82 'RAM' <Latency = 1> <II = 1> <Delay = 3.25> <Storage> <Opcode : 'load' 'store'> <Ports = 2> <Width = 64> <Depth = 32> <RAM>

State 2 <SV = 1> <Delay = 3.25>
ST_2 : Operation 23 [1/1] (0.00ns)   --->   "%agg_result_addr_2 = getelementptr i64 %agg_result, i64 0, i64 2" [./bignum.h:60]   --->   Operation 23 'getelementptr' 'agg_result_addr_2' <Predicate = true> <Delay = 0.00>
ST_2 : Operation 24 [1/1] (3.25ns)   --->   "%store_ln60 = store i64 0, i5 %agg_result_addr_2" [./bignum.h:60]   --->   Operation 24 'store' 'store_ln60' <Predicate = true> <Delay = 3.25> <CoreInst = "RAM">   --->   Core 82 'RAM' <Latency = 1> <II = 1> <Delay = 3.25> <Storage> <Opcode : 'load' 'store'> <Ports = 2> <Width = 64> <Depth = 32> <RAM>
ST_2 : Operation 25 [1/1] (0.00ns)   --->   "%agg_result_addr_3 = getelementptr i64 %agg_result, i64 0, i64 3" [./bignum.h:60]   --->   Operation 25 'getelementptr' 'agg_result_addr_3' <Predicate = true> <Delay = 0.00>
ST_2 : Operation 26 [1/1] (3.25ns)   --->   "%store_ln60 = store i64 0, i5 %agg_result_addr_3" [./bignum.h:60]   --->   Operation 26 'store' 'store_ln60' <Predicate = true> <Delay = 3.25> <CoreInst = "RAM">   --->   Core 82 'RAM' <Latency = 1> <II = 1> <Delay = 3.25> <Storage> <Opcode : 'load' 'store'> <Ports = 2> <Width = 64> <Depth = 32> <RAM>

State 3 <SV = 2> <Delay = 3.25>
ST_3 : Operation 27 [1/1] (0.00ns)   --->   "%agg_result_addr_4 = getelementptr i64 %agg_result, i64 0, i64 4" [./bignum.h:60]   --->   Operation 27 'getelementptr' 'agg_result_addr_4' <Predicate = true> <Delay = 0.00>
ST_3 : Operation 28 [1/1] (3.25ns)   --->   "%store_ln60 = store i64 0, i5 %agg_result_addr_4" [./bignum.h:60]   --->   Operation 28 'store' 'store_ln60' <Predicate = true> <Delay = 3.25> <CoreInst = "RAM">   --->   Core 82 'RAM' <Latency = 1> <II = 1> <Delay = 3.25> <Storage> <Opcode : 'load' 'store'> <Ports = 2> <Width = 64> <Depth = 32> <RAM>
ST_3 : Operation 29 [1/1] (0.00ns)   --->   "%agg_result_addr_5 = getelementptr i64 %agg_result, i64 0, i64 5" [./bignum.h:60]   --->   Operation 29 'getelementptr' 'agg_result_addr_5' <Predicate = true> <Delay = 0.00>
ST_3 : Operation 30 [1/1] (3.25ns)   --->   "%store_ln60 = store i64 0, i5 %agg_result_addr_5" [./bignum.h:60]   --->   Operation 30 'store' 'store_ln60' <Predicate = true> <Delay = 3.25> <CoreInst = "RAM">   --->   Core 82 'RAM' <Latency = 1> <II = 1> <Delay = 3.25> <Storage> <Opcode : 'load' 'store'> <Ports = 2> <Width = 64> <Depth = 32> <RAM>

State 4 <SV = 3> <Delay = 3.25>
ST_4 : Operation 31 [1/1] (0.00ns)   --->   "%agg_result_addr_6 = getelementptr i64 %agg_result, i64 0, i64 6" [./bignum.h:60]   --->   Operation 31 'getelementptr' 'agg_result_addr_6' <Predicate = true> <Delay = 0.00>
ST_4 : Operation 32 [1/1] (3.25ns)   --->   "%store_ln60 = store i64 0, i5 %agg_result_addr_6" [./bignum.h:60]   --->   Operation 32 'store' 'store_ln60' <Predicate = true> <Delay = 3.25> <CoreInst = "RAM">   --->   Core 82 'RAM' <Latency = 1> <II = 1> <Delay = 3.25> <Storage> <Opcode : 'load' 'store'> <Ports = 2> <Width = 64> <Depth = 32> <RAM>
ST_4 : Operation 33 [1/1] (0.00ns)   --->   "%agg_result_addr_7 = getelementptr i64 %agg_result, i64 0, i64 7" [./bignum.h:60]   --->   Operation 33 'getelementptr' 'agg_result_addr_7' <Predicate = true> <Delay = 0.00>
ST_4 : Operation 34 [1/1] (3.25ns)   --->   "%store_ln60 = store i64 0, i5 %agg_result_addr_7" [./bignum.h:60]   --->   Operation 34 'store' 'store_ln60' <Predicate = true> <Delay = 3.25> <CoreInst = "RAM">   --->   Core 82 'RAM' <Latency = 1> <II = 1> <Delay = 3.25> <Storage> <Opcode : 'load' 'store'> <Ports = 2> <Width = 64> <Depth = 32> <RAM>

State 5 <SV = 4> <Delay = 3.25>
ST_5 : Operation 35 [1/1] (0.00ns)   --->   "%agg_result_addr_8 = getelementptr i64 %agg_result, i64 0, i64 8" [./bignum.h:60]   --->   Operation 35 'getelementptr' 'agg_result_addr_8' <Predicate = true> <Delay = 0.00>
ST_5 : Operation 36 [1/1] (3.25ns)   --->   "%store_ln60 = store i64 0, i5 %agg_result_addr_8" [./bignum.h:60]   --->   Operation 36 'store' 'store_ln60' <Predicate = true> <Delay = 3.25> <CoreInst = "RAM">   --->   Core 82 'RAM' <Latency = 1> <II = 1> <Delay = 3.25> <Storage> <Opcode : 'load' 'store'> <Ports = 2> <Width = 64> <Depth = 32> <RAM>
ST_5 : Operation 37 [1/1] (0.00ns)   --->   "%agg_result_addr_9 = getelementptr i64 %agg_result, i64 0, i64 9" [./bignum.h:60]   --->   Operation 37 'getelementptr' 'agg_result_addr_9' <Predicate = true> <Delay = 0.00>
ST_5 : Operation 38 [1/1] (3.25ns)   --->   "%store_ln60 = store i64 0, i5 %agg_result_addr_9" [./bignum.h:60]   --->   Operation 38 'store' 'store_ln60' <Predicate = true> <Delay = 3.25> <CoreInst = "RAM">   --->   Core 82 'RAM' <Latency = 1> <II = 1> <Delay = 3.25> <Storage> <Opcode : 'load' 'store'> <Ports = 2> <Width = 64> <Depth = 32> <RAM>

State 6 <SV = 5> <Delay = 3.25>
ST_6 : Operation 39 [1/1] (0.00ns)   --->   "%agg_result_addr_10 = getelementptr i64 %agg_result, i64 0, i64 10" [./bignum.h:60]   --->   Operation 39 'getelementptr' 'agg_result_addr_10' <Predicate = true> <Delay = 0.00>
ST_6 : Operation 40 [1/1] (3.25ns)   --->   "%store_ln60 = store i64 0, i5 %agg_result_addr_10" [./bignum.h:60]   --->   Operation 40 'store' 'store_ln60' <Predicate = true> <Delay = 3.25> <CoreInst = "RAM">   --->   Core 82 'RAM' <Latency = 1> <II = 1> <Delay = 3.25> <Storage> <Opcode : 'load' 'store'> <Ports = 2> <Width = 64> <Depth = 32> <RAM>
ST_6 : Operation 41 [1/1] (0.00ns)   --->   "%agg_result_addr_11 = getelementptr i64 %agg_result, i64 0, i64 11" [./bignum.h:60]   --->   Operation 41 'getelementptr' 'agg_result_addr_11' <Predicate = true> <Delay = 0.00>
ST_6 : Operation 42 [1/1] (3.25ns)   --->   "%store_ln60 = store i64 0, i5 %agg_result_addr_11" [./bignum.h:60]   --->   Operation 42 'store' 'store_ln60' <Predicate = true> <Delay = 3.25> <CoreInst = "RAM">   --->   Core 82 'RAM' <Latency = 1> <II = 1> <Delay = 3.25> <Storage> <Opcode : 'load' 'store'> <Ports = 2> <Width = 64> <Depth = 32> <RAM>

State 7 <SV = 6> <Delay = 3.25>
ST_7 : Operation 43 [1/1] (0.00ns)   --->   "%agg_result_addr_12 = getelementptr i64 %agg_result, i64 0, i64 12" [./bignum.h:60]   --->   Operation 43 'getelementptr' 'agg_result_addr_12' <Predicate = true> <Delay = 0.00>
ST_7 : Operation 44 [1/1] (3.25ns)   --->   "%store_ln60 = store i64 0, i5 %agg_result_addr_12" [./bignum.h:60]   --->   Operation 44 'store' 'store_ln60' <Predicate = true> <Delay = 3.25> <CoreInst = "RAM">   --->   Core 82 'RAM' <Latency = 1> <II = 1> <Delay = 3.25> <Storage> <Opcode : 'load' 'store'> <Ports = 2> <Width = 64> <Depth = 32> <RAM>
ST_7 : Operation 45 [1/1] (0.00ns)   --->   "%agg_result_addr_13 = getelementptr i64 %agg_result, i64 0, i64 13" [./bignum.h:60]   --->   Operation 45 'getelementptr' 'agg_result_addr_13' <Predicate = true> <Delay = 0.00>
ST_7 : Operation 46 [1/1] (3.25ns)   --->   "%store_ln60 = store i64 0, i5 %agg_result_addr_13" [./bignum.h:60]   --->   Operation 46 'store' 'store_ln60' <Predicate = true> <Delay = 3.25> <CoreInst = "RAM">   --->   Core 82 'RAM' <Latency = 1> <II = 1> <Delay = 3.25> <Storage> <Opcode : 'load' 'store'> <Ports = 2> <Width = 64> <Depth = 32> <RAM>

State 8 <SV = 7> <Delay = 3.25>
ST_8 : Operation 47 [1/1] (0.00ns)   --->   "%agg_result_addr_14 = getelementptr i64 %agg_result, i64 0, i64 14" [./bignum.h:60]   --->   Operation 47 'getelementptr' 'agg_result_addr_14' <Predicate = true> <Delay = 0.00>
ST_8 : Operation 48 [1/1] (3.25ns)   --->   "%store_ln60 = store i64 0, i5 %agg_result_addr_14" [./bignum.h:60]   --->   Operation 48 'store' 'store_ln60' <Predicate = true> <Delay = 3.25> <CoreInst = "RAM">   --->   Core 82 'RAM' <Latency = 1> <II = 1> <Delay = 3.25> <Storage> <Opcode : 'load' 'store'> <Ports = 2> <Width = 64> <Depth = 32> <RAM>
ST_8 : Operation 49 [1/1] (0.00ns)   --->   "%agg_result_addr_15 = getelementptr i64 %agg_result, i64 0, i64 15" [./bignum.h:60]   --->   Operation 49 'getelementptr' 'agg_result_addr_15' <Predicate = true> <Delay = 0.00>
ST_8 : Operation 50 [1/1] (3.25ns)   --->   "%store_ln60 = store i64 0, i5 %agg_result_addr_15" [./bignum.h:60]   --->   Operation 50 'store' 'store_ln60' <Predicate = true> <Delay = 3.25> <CoreInst = "RAM">   --->   Core 82 'RAM' <Latency = 1> <II = 1> <Delay = 3.25> <Storage> <Opcode : 'load' 'store'> <Ports = 2> <Width = 64> <Depth = 32> <RAM>

State 9 <SV = 8> <Delay = 3.25>
ST_9 : Operation 51 [1/1] (0.00ns)   --->   "%agg_result_addr_16 = getelementptr i64 %agg_result, i64 0, i64 16" [./bignum.h:60]   --->   Operation 51 'getelementptr' 'agg_result_addr_16' <Predicate = true> <Delay = 0.00>
ST_9 : Operation 52 [1/1] (3.25ns)   --->   "%store_ln60 = store i64 0, i5 %agg_result_addr_16" [./bignum.h:60]   --->   Operation 52 'store' 'store_ln60' <Predicate = true> <Delay = 3.25> <CoreInst = "RAM">   --->   Core 82 'RAM' <Latency = 1> <II = 1> <Delay = 3.25> <Storage> <Opcode : 'load' 'store'> <Ports = 2> <Width = 64> <Depth = 32> <RAM>
ST_9 : Operation 53 [1/1] (0.00ns)   --->   "%agg_result_addr_17 = getelementptr i64 %agg_result, i64 0, i64 17" [./bignum.h:60]   --->   Operation 53 'getelementptr' 'agg_result_addr_17' <Predicate = true> <Delay = 0.00>
ST_9 : Operation 54 [1/1] (3.25ns)   --->   "%store_ln60 = store i64 0, i5 %agg_result_addr_17" [./bignum.h:60]   --->   Operation 54 'store' 'store_ln60' <Predicate = true> <Delay = 3.25> <CoreInst = "RAM">   --->   Core 82 'RAM' <Latency = 1> <II = 1> <Delay = 3.25> <Storage> <Opcode : 'load' 'store'> <Ports = 2> <Width = 64> <Depth = 32> <RAM>

State 10 <SV = 9> <Delay = 3.25>
ST_10 : Operation 55 [1/1] (0.00ns)   --->   "%agg_result_addr_18 = getelementptr i64 %agg_result, i64 0, i64 18" [./bignum.h:60]   --->   Operation 55 'getelementptr' 'agg_result_addr_18' <Predicate = true> <Delay = 0.00>
ST_10 : Operation 56 [1/1] (3.25ns)   --->   "%store_ln60 = store i64 0, i5 %agg_result_addr_18" [./bignum.h:60]   --->   Operation 56 'store' 'store_ln60' <Predicate = true> <Delay = 3.25> <CoreInst = "RAM">   --->   Core 82 'RAM' <Latency = 1> <II = 1> <Delay = 3.25> <Storage> <Opcode : 'load' 'store'> <Ports = 2> <Width = 64> <Depth = 32> <RAM>
ST_10 : Operation 57 [1/1] (0.00ns)   --->   "%agg_result_addr_19 = getelementptr i64 %agg_result, i64 0, i64 19" [./bignum.h:60]   --->   Operation 57 'getelementptr' 'agg_result_addr_19' <Predicate = true> <Delay = 0.00>
ST_10 : Operation 58 [1/1] (3.25ns)   --->   "%store_ln60 = store i64 0, i5 %agg_result_addr_19" [./bignum.h:60]   --->   Operation 58 'store' 'store_ln60' <Predicate = true> <Delay = 3.25> <CoreInst = "RAM">   --->   Core 82 'RAM' <Latency = 1> <II = 1> <Delay = 3.25> <Storage> <Opcode : 'load' 'store'> <Ports = 2> <Width = 64> <Depth = 32> <RAM>

State 11 <SV = 10> <Delay = 3.25>
ST_11 : Operation 59 [1/1] (0.00ns)   --->   "%agg_result_addr_20 = getelementptr i64 %agg_result, i64 0, i64 20" [./bignum.h:60]   --->   Operation 59 'getelementptr' 'agg_result_addr_20' <Predicate = true> <Delay = 0.00>
ST_11 : Operation 60 [1/1] (3.25ns)   --->   "%store_ln60 = store i64 0, i5 %agg_result_addr_20" [./bignum.h:60]   --->   Operation 60 'store' 'store_ln60' <Predicate = true> <Delay = 3.25> <CoreInst = "RAM">   --->   Core 82 'RAM' <Latency = 1> <II = 1> <Delay = 3.25> <Storage> <Opcode : 'load' 'store'> <Ports = 2> <Width = 64> <Depth = 32> <RAM>
ST_11 : Operation 61 [1/1] (0.00ns)   --->   "%agg_result_addr_21 = getelementptr i64 %agg_result, i64 0, i64 21" [./bignum.h:60]   --->   Operation 61 'getelementptr' 'agg_result_addr_21' <Predicate = true> <Delay = 0.00>
ST_11 : Operation 62 [1/1] (3.25ns)   --->   "%store_ln60 = store i64 0, i5 %agg_result_addr_21" [./bignum.h:60]   --->   Operation 62 'store' 'store_ln60' <Predicate = true> <Delay = 3.25> <CoreInst = "RAM">   --->   Core 82 'RAM' <Latency = 1> <II = 1> <Delay = 3.25> <Storage> <Opcode : 'load' 'store'> <Ports = 2> <Width = 64> <Depth = 32> <RAM>

State 12 <SV = 11> <Delay = 3.25>
ST_12 : Operation 63 [1/1] (0.00ns)   --->   "%agg_result_addr_22 = getelementptr i64 %agg_result, i64 0, i64 22" [./bignum.h:60]   --->   Operation 63 'getelementptr' 'agg_result_addr_22' <Predicate = true> <Delay = 0.00>
ST_12 : Operation 64 [1/1] (3.25ns)   --->   "%store_ln60 = store i64 0, i5 %agg_result_addr_22" [./bignum.h:60]   --->   Operation 64 'store' 'store_ln60' <Predicate = true> <Delay = 3.25> <CoreInst = "RAM">   --->   Core 82 'RAM' <Latency = 1> <II = 1> <Delay = 3.25> <Storage> <Opcode : 'load' 'store'> <Ports = 2> <Width = 64> <Depth = 32> <RAM>
ST_12 : Operation 65 [1/1] (0.00ns)   --->   "%agg_result_addr_23 = getelementptr i64 %agg_result, i64 0, i64 23" [./bignum.h:60]   --->   Operation 65 'getelementptr' 'agg_result_addr_23' <Predicate = true> <Delay = 0.00>
ST_12 : Operation 66 [1/1] (3.25ns)   --->   "%store_ln60 = store i64 0, i5 %agg_result_addr_23" [./bignum.h:60]   --->   Operation 66 'store' 'store_ln60' <Predicate = true> <Delay = 3.25> <CoreInst = "RAM">   --->   Core 82 'RAM' <Latency = 1> <II = 1> <Delay = 3.25> <Storage> <Opcode : 'load' 'store'> <Ports = 2> <Width = 64> <Depth = 32> <RAM>

State 13 <SV = 12> <Delay = 3.25>
ST_13 : Operation 67 [1/1] (0.00ns)   --->   "%agg_result_addr_24 = getelementptr i64 %agg_result, i64 0, i64 24" [./bignum.h:60]   --->   Operation 67 'getelementptr' 'agg_result_addr_24' <Predicate = true> <Delay = 0.00>
ST_13 : Operation 68 [1/1] (3.25ns)   --->   "%store_ln60 = store i64 0, i5 %agg_result_addr_24" [./bignum.h:60]   --->   Operation 68 'store' 'store_ln60' <Predicate = true> <Delay = 3.25> <CoreInst = "RAM">   --->   Core 82 'RAM' <Latency = 1> <II = 1> <Delay = 3.25> <Storage> <Opcode : 'load' 'store'> <Ports = 2> <Width = 64> <Depth = 32> <RAM>
ST_13 : Operation 69 [1/1] (0.00ns)   --->   "%agg_result_addr_25 = getelementptr i64 %agg_result, i64 0, i64 25" [./bignum.h:60]   --->   Operation 69 'getelementptr' 'agg_result_addr_25' <Predicate = true> <Delay = 0.00>
ST_13 : Operation 70 [1/1] (3.25ns)   --->   "%store_ln60 = store i64 0, i5 %agg_result_addr_25" [./bignum.h:60]   --->   Operation 70 'store' 'store_ln60' <Predicate = true> <Delay = 3.25> <CoreInst = "RAM">   --->   Core 82 'RAM' <Latency = 1> <II = 1> <Delay = 3.25> <Storage> <Opcode : 'load' 'store'> <Ports = 2> <Width = 64> <Depth = 32> <RAM>

State 14 <SV = 13> <Delay = 3.25>
ST_14 : Operation 71 [1/1] (0.00ns)   --->   "%agg_result_addr_26 = getelementptr i64 %agg_result, i64 0, i64 26" [./bignum.h:60]   --->   Operation 71 'getelementptr' 'agg_result_addr_26' <Predicate = true> <Delay = 0.00>
ST_14 : Operation 72 [1/1] (3.25ns)   --->   "%store_ln60 = store i64 0, i5 %agg_result_addr_26" [./bignum.h:60]   --->   Operation 72 'store' 'store_ln60' <Predicate = true> <Delay = 3.25> <CoreInst = "RAM">   --->   Core 82 'RAM' <Latency = 1> <II = 1> <Delay = 3.25> <Storage> <Opcode : 'load' 'store'> <Ports = 2> <Width = 64> <Depth = 32> <RAM>
ST_14 : Operation 73 [1/1] (0.00ns)   --->   "%agg_result_addr_27 = getelementptr i64 %agg_result, i64 0, i64 27" [./bignum.h:60]   --->   Operation 73 'getelementptr' 'agg_result_addr_27' <Predicate = true> <Delay = 0.00>
ST_14 : Operation 74 [1/1] (3.25ns)   --->   "%store_ln60 = store i64 0, i5 %agg_result_addr_27" [./bignum.h:60]   --->   Operation 74 'store' 'store_ln60' <Predicate = true> <Delay = 3.25> <CoreInst = "RAM">   --->   Core 82 'RAM' <Latency = 1> <II = 1> <Delay = 3.25> <Storage> <Opcode : 'load' 'store'> <Ports = 2> <Width = 64> <Depth = 32> <RAM>

State 15 <SV = 14> <Delay = 3.25>
ST_15 : Operation 75 [1/1] (0.00ns)   --->   "%agg_result_addr_28 = getelementptr i64 %agg_result, i64 0, i64 28" [./bignum.h:60]   --->   Operation 75 'getelementptr' 'agg_result_addr_28' <Predicate = true> <Delay = 0.00>
ST_15 : Operation 76 [1/1] (3.25ns)   --->   "%store_ln60 = store i64 0, i5 %agg_result_addr_28" [./bignum.h:60]   --->   Operation 76 'store' 'store_ln60' <Predicate = true> <Delay = 3.25> <CoreInst = "RAM">   --->   Core 82 'RAM' <Latency = 1> <II = 1> <Delay = 3.25> <Storage> <Opcode : 'load' 'store'> <Ports = 2> <Width = 64> <Depth = 32> <RAM>
ST_15 : Operation 77 [1/1] (0.00ns)   --->   "%agg_result_addr_29 = getelementptr i64 %agg_result, i64 0, i64 29" [./bignum.h:60]   --->   Operation 77 'getelementptr' 'agg_result_addr_29' <Predicate = true> <Delay = 0.00>
ST_15 : Operation 78 [1/1] (3.25ns)   --->   "%store_ln60 = store i64 0, i5 %agg_result_addr_29" [./bignum.h:60]   --->   Operation 78 'store' 'store_ln60' <Predicate = true> <Delay = 3.25> <CoreInst = "RAM">   --->   Core 82 'RAM' <Latency = 1> <II = 1> <Delay = 3.25> <Storage> <Opcode : 'load' 'store'> <Ports = 2> <Width = 64> <Depth = 32> <RAM>

State 16 <SV = 15> <Delay = 3.25>
ST_16 : Operation 79 [1/1] (0.00ns)   --->   "%agg_result_addr_30 = getelementptr i64 %agg_result, i64 0, i64 30" [./bignum.h:60]   --->   Operation 79 'getelementptr' 'agg_result_addr_30' <Predicate = true> <Delay = 0.00>
ST_16 : Operation 80 [1/1] (3.25ns)   --->   "%store_ln60 = store i64 0, i5 %agg_result_addr_30" [./bignum.h:60]   --->   Operation 80 'store' 'store_ln60' <Predicate = true> <Delay = 3.25> <CoreInst = "RAM">   --->   Core 82 'RAM' <Latency = 1> <II = 1> <Delay = 3.25> <Storage> <Opcode : 'load' 'store'> <Ports = 2> <Width = 64> <Depth = 32> <RAM>
ST_16 : Operation 81 [1/1] (0.00ns)   --->   "%agg_result_addr_31 = getelementptr i64 %agg_result, i64 0, i64 31" [./bignum.h:60]   --->   Operation 81 'getelementptr' 'agg_result_addr_31' <Predicate = true> <Delay = 0.00>
ST_16 : Operation 82 [1/1] (3.25ns)   --->   "%store_ln60 = store i64 0, i5 %agg_result_addr_31" [./bignum.h:60]   --->   Operation 82 'store' 'store_ln60' <Predicate = true> <Delay = 3.25> <CoreInst = "RAM">   --->   Core 82 'RAM' <Latency = 1> <II = 1> <Delay = 3.25> <Storage> <Opcode : 'load' 'store'> <Ports = 2> <Width = 64> <Depth = 32> <RAM>

State 17 <SV = 16> <Delay = 0.00>
ST_17 : Operation 83 [2/2] (0.00ns)   --->   "%call_ln0 = call void @operator*_Pipeline_OUTER_INNER, i64 %u, i64 %agg_result, i64 %v"   --->   Operation 83 'call' 'call_ln0' <Predicate = true> <Delay = 0.00> <CoreType = "Generic">   --->   Core 0 '' <Latency = 0> <II = 1> <Delay = 1.00> <Generic> <Opcode : >

State 18 <SV = 17> <Delay = 0.00>
ST_18 : Operation 84 [1/2] (0.00ns)   --->   "%call_ln0 = call void @operator*_Pipeline_OUTER_INNER, i64 %u, i64 %agg_result, i64 %v"   --->   Operation 84 'call' 'call_ln0' <Predicate = true> <Delay = 0.00> <CoreType = "Generic">   --->   Core 0 '' <Latency = 0> <II = 1> <Delay = 1.00> <Generic> <Opcode : >
ST_18 : Operation 85 [1/1] (0.00ns)   --->   "%ret_ln98 = ret" [./bignum.h:98]   --->   Operation 85 'ret' 'ret_ln98' <Predicate = true> <Delay = 0.00>


============================================================
+ Verbose Summary: Binding
============================================================
STG Binding: 
---------------- STG Properties BEGIN ----------------
- Is combinational: 0
- Is one-state seq: 0
- Is datapath-only: 0
- Is pipelined: 0
- Is top level: 0
Port [ Return ] is wired: 1; IO mode=ap_ctrl_hs:ce=0
Port [ agg_result]:  wired=1; compound=1; hidden=0; nouse=0; global=0; static=0; extern=0; dir=2; type=1; pingpong=0; private_global=0; MemPort=[20]; IO mode=ap_memory:ce=0
Port [ u]:  wired=1; compound=1; hidden=0; nouse=0; global=0; static=0; extern=0; dir=0; type=1; pingpong=0; private_global=0; MemPort=[11]; IO mode=ap_memory:ce=0
Port [ v]:  wired=1; compound=1; hidden=0; nouse=0; global=0; static=0; extern=0; dir=0; type=1; pingpong=0; private_global=0; MemPort=[13]; IO mode=ap_memory:ce=0
---------------- STG Properties END ------------------

---------------- Datapath Model BEGIN ----------------

<LifeTime>
<method=bitvector/>
agg_result_addr    (getelementptr) [ 0000000000000000000]
store_ln60         (store        ) [ 0000000000000000000]
agg_result_addr_1  (getelementptr) [ 0000000000000000000]
store_ln60         (store        ) [ 0000000000000000000]
agg_result_addr_2  (getelementptr) [ 0000000000000000000]
store_ln60         (store        ) [ 0000000000000000000]
agg_result_addr_3  (getelementptr) [ 0000000000000000000]
store_ln60         (store        ) [ 0000000000000000000]
agg_result_addr_4  (getelementptr) [ 0000000000000000000]
store_ln60         (store        ) [ 0000000000000000000]
agg_result_addr_5  (getelementptr) [ 0000000000000000000]
store_ln60         (store        ) [ 0000000000000000000]
agg_result_addr_6  (getelementptr) [ 0000000000000000000]
store_ln60         (store        ) [ 0000000000000000000]
agg_result_addr_7  (getelementptr) [ 0000000000000000000]
store_ln60         (store        ) [ 0000000000000000000]
agg_result_addr_8  (getelementptr) [ 0000000000000000000]
store_ln60         (store        ) [ 0000000000000000000]
agg_result_addr_9  (getelementptr) [ 0000000000000000000]
store_ln60         (store        ) [ 0000000000000000000]
agg_result_addr_10 (getelementptr) [ 0000000000000000000]
store_ln60         (store        ) [ 0000000000000000000]
agg_result_addr_11 (getelementptr) [ 0000000000000000000]
store_ln60         (store        ) [ 0000000000000000000]
agg_result_addr_12 (getelementptr) [ 0000000000000000000]
store_ln60         (store        ) [ 0000000000000000000]
agg_result_addr_13 (getelementptr) [ 0000000000000000000]
store_ln60         (store        ) [ 0000000000000000000]
agg_result_addr_14 (getelementptr) [ 0000000000000000000]
store_ln60         (store        ) [ 0000000000000000000]
agg_result_addr_15 (getelementptr) [ 0000000000000000000]
store_ln60         (store        ) [ 0000000000000000000]
agg_result_addr_16 (getelementptr) [ 0000000000000000000]
store_ln60         (store        ) [ 0000000000000000000]
agg_result_addr_17 (getelementptr) [ 0000000000000000000]
store_ln60         (store        ) [ 0000000000000000000]
agg_result_addr_18 (getelementptr) [ 0000000000000000000]
store_ln60         (store        ) [ 0000000000000000000]
agg_result_addr_19 (getelementptr) [ 0000000000000000000]
store_ln60         (store        ) [ 0000000000000000000]
agg_result_addr_20 (getelementptr) [ 0000000000000000000]
store_ln60         (store        ) [ 0000000000000000000]
agg_result_addr_21 (getelementptr) [ 0000000000000000000]
store_ln60         (store        ) [ 0000000000000000000]
agg_result_addr_22 (getelementptr) [ 0000000000000000000]
store_ln60         (store        ) [ 0000000000000000000]
agg_result_addr_23 (getelementptr) [ 0000000000000000000]
store_ln60         (store        ) [ 0000000000000000000]
agg_result_addr_24 (getelementptr) [ 0000000000000000000]
store_ln60         (store        ) [ 0000000000000000000]
agg_result_addr_25 (getelementptr) [ 0000000000000000000]
store_ln60         (store        ) [ 0000000000000000000]
agg_result_addr_26 (getelementptr) [ 0000000000000000000]
store_ln60         (store        ) [ 0000000000000000000]
agg_result_addr_27 (getelementptr) [ 0000000000000000000]
store_ln60         (store        ) [ 0000000000000000000]
agg_result_addr_28 (getelementptr) [ 0000000000000000000]
store_ln60         (store        ) [ 0000000000000000000]
agg_result_addr_29 (getelementptr) [ 0000000000000000000]
store_ln60         (store        ) [ 0000000000000000000]
agg_result_addr_30 (getelementptr) [ 0000000000000000000]
store_ln60         (store        ) [ 0000000000000000000]
agg_result_addr_31 (getelementptr) [ 0000000000000000000]
store_ln60         (store        ) [ 0000000000000000000]
call_ln0           (call         ) [ 0000000000000000000]
ret_ln98           (ret          ) [ 0000000000000000000]
</LifeTime>

<model>

<comp_list>
<comp id="0" class="1000" name="agg_result">
<pin_list>
<pin id="1" dir="1" index="0" bw="1" slack="0"/>
</pin_list>
<bind>
<StgValue><ssdm name="agg_result"/><MemPortTyVec>2 0 </MemPortTyVec>
</StgValue>
</bind>
</comp>

<comp id="2" class="1000" name="u">
<pin_list>
<pin id="3" dir="1" index="0" bw="1" slack="0"/>
</pin_list>
<bind>
<StgValue><ssdm name="u"/><MemPortTyVec>1 1 </MemPortTyVec>
</StgValue>
</bind>
</comp>

<comp id="4" class="1000" name="v">
<pin_list>
<pin id="5" dir="1" index="0" bw="1" slack="0"/>
</pin_list>
<bind>
<StgValue><ssdm name="v"/><MemPortTyVec>1 3 </MemPortTyVec>
</StgValue>
</bind>
</comp>

<comp id="6" class="1001" name="const_6">
<pin_list>
<pin id="7" dir="1" index="0" bw="1" slack="0"/>
</pin_list>
<bind>
<StgValue><ssdm name=""/></StgValue>
</bind>
</comp>

<comp id="8" class="1001" name="const_8">
<pin_list>
<pin id="9" dir="1" index="0" bw="1" slack="0"/>
</pin_list>
<bind>
<StgValue><ssdm name=""/></StgValue>
</bind>
</comp>

<comp id="10" class="1001" name="const_10">
<pin_list>
<pin id="11" dir="1" index="0" bw="1" slack="0"/>
</pin_list>
<bind>
<StgValue><ssdm name=""/></StgValue>
</bind>
</comp>

<comp id="12" class="1001" name="const_12">
<pin_list>
<pin id="13" dir="1" index="0" bw="1" slack="0"/>
</pin_list>
<bind>
<StgValue><ssdm name=""/></StgValue>
</bind>
</comp>

<comp id="14" class="1001" name="const_14">
<pin_list>
<pin id="15" dir="1" index="0" bw="1" slack="0"/>
</pin_list>
<bind>
<StgValue><ssdm name=""/></StgValue>
</bind>
</comp>

<comp id="16" class="1001" name="const_16">
<pin_list>
<pin id="17" dir="1" index="0" bw="1" slack="0"/>
</pin_list>
<bind>
<StgValue><ssdm name=""/></StgValue>
</bind>
</comp>

<comp id="18" class="1001" name="const_18">
<pin_list>
<pin id="19" dir="1" index="0" bw="1" slack="0"/>
</pin_list>
<bind>
<StgValue><ssdm name=""/></StgValue>
</bind>
</comp>

<comp id="20" class="1001" name="const_20">
<pin_list>
<pin id="21" dir="1" index="0" bw="1" slack="0"/>
</pin_list>
<bind>
<StgValue><ssdm name=""/></StgValue>
</bind>
</comp>

<comp id="22" class="1001" name="const_22">
<pin_list>
<pin id="23" dir="1" index="0" bw="1" slack="0"/>
</pin_list>
<bind>
<StgValue><ssdm name=""/></StgValue>
</bind>
</comp>

<comp id="24" class="1001" name="const_24">
<pin_list>
<pin id="25" dir="1" index="0" bw="1" slack="0"/>
</pin_list>
<bind>
<StgValue><ssdm name=""/></StgValue>
</bind>
</comp>

<comp id="26" class="1001" name="const_26">
<pin_list>
<pin id="27" dir="1" index="0" bw="1" slack="0"/>
</pin_list>
<bind>
<StgValue><ssdm name=""/></StgValue>
</bind>
</comp>

<comp id="28" class="1001" name="const_28">
<pin_list>
<pin id="29" dir="1" index="0" bw="1" slack="0"/>
</pin_list>
<bind>
<StgValue><ssdm name=""/></StgValue>
</bind>
</comp>

<comp id="30" class="1001" name="const_30">
<pin_list>
<pin id="31" dir="1" index="0" bw="1" slack="0"/>
</pin_list>
<bind>
<StgValue><ssdm name=""/></StgValue>
</bind>
</comp>

<comp id="32" class="1001" name="const_32">
<pin_list>
<pin id="33" dir="1" index="0" bw="1" slack="0"/>
</pin_list>
<bind>
<StgValue><ssdm name=""/></StgValue>
</bind>
</comp>

<comp id="34" class="1001" name="const_34">
<pin_list>
<pin id="35" dir="1" index="0" bw="1" slack="0"/>
</pin_list>
<bind>
<StgValue><ssdm name=""/></StgValue>
</bind>
</comp>

<comp id="36" class="1001" name="const_36">
<pin_list>
<pin id="37" dir="1" index="0" bw="1" slack="0"/>
</pin_list>
<bind>
<StgValue><ssdm name=""/></StgValue>
</bind>
</comp>

<comp id="38" class="1001" name="const_38">
<pin_list>
<pin id="39" dir="1" index="0" bw="1" slack="0"/>
</pin_list>
<bind>
<StgValue><ssdm name=""/></StgValue>
</bind>
</comp>

<comp id="40" class="1001" name="const_40">
<pin_list>
<pin id="41" dir="1" index="0" bw="1" slack="0"/>
</pin_list>
<bind>
<StgValue><ssdm name=""/></StgValue>
</bind>
</comp>

<comp id="42" class="1001" name="const_42">
<pin_list>
<pin id="43" dir="1" index="0" bw="1" slack="0"/>
</pin_list>
<bind>
<StgValue><ssdm name=""/></StgValue>
</bind>
</comp>

<comp id="44" class="1001" name="const_44">
<pin_list>
<pin id="45" dir="1" index="0" bw="1" slack="0"/>
</pin_list>
<bind>
<StgValue><ssdm name=""/></StgValue>
</bind>
</comp>

<comp id="46" class="1001" name="const_46">
<pin_list>
<pin id="47" dir="1" index="0" bw="1" slack="0"/>
</pin_list>
<bind>
<StgValue><ssdm name=""/></StgValue>
</bind>
</comp>

<comp id="48" class="1001" name="const_48">
<pin_list>
<pin id="49" dir="1" index="0" bw="1" slack="0"/>
</pin_list>
<bind>
<StgValue><ssdm name=""/></StgValue>
</bind>
</comp>

<comp id="50" class="1001" name="const_50">
<pin_list>
<pin id="51" dir="1" index="0" bw="1" slack="0"/>
</pin_list>
<bind>
<StgValue><ssdm name=""/></StgValue>
</bind>
</comp>

<comp id="52" class="1001" name="const_52">
<pin_list>
<pin id="53" dir="1" index="0" bw="1" slack="0"/>
</pin_list>
<bind>
<StgValue><ssdm name=""/></StgValue>
</bind>
</comp>

<comp id="54" class="1001" name="const_54">
<pin_list>
<pin id="55" dir="1" index="0" bw="1" slack="0"/>
</pin_list>
<bind>
<StgValue><ssdm name=""/></StgValue>
</bind>
</comp>

<comp id="56" class="1001" name="const_56">
<pin_list>
<pin id="57" dir="1" index="0" bw="1" slack="0"/>
</pin_list>
<bind>
<StgValue><ssdm name=""/></StgValue>
</bind>
</comp>

<comp id="58" class="1001" name="const_58">
<pin_list>
<pin id="59" dir="1" index="0" bw="1" slack="0"/>
</pin_list>
<bind>
<StgValue><ssdm name=""/></StgValue>
</bind>
</comp>

<comp id="60" class="1001" name="const_60">
<pin_list>
<pin id="61" dir="1" index="0" bw="1" slack="0"/>
</pin_list>
<bind>
<StgValue><ssdm name=""/></StgValue>
</bind>
</comp>

<comp id="62" class="1001" name="const_62">
<pin_list>
<pin id="63" dir="1" index="0" bw="1" slack="0"/>
</pin_list>
<bind>
<StgValue><ssdm name=""/></StgValue>
</bind>
</comp>

<comp id="64" class="1001" name="const_64">
<pin_list>
<pin id="65" dir="1" index="0" bw="1" slack="0"/>
</pin_list>
<bind>
<StgValue><ssdm name=""/></StgValue>
</bind>
</comp>

<comp id="66" class="1001" name="const_66">
<pin_list>
<pin id="67" dir="1" index="0" bw="1" slack="0"/>
</pin_list>
<bind>
<StgValue><ssdm name=""/></StgValue>
</bind>
</comp>

<comp id="68" class="1001" name="const_68">
<pin_list>
<pin id="69" dir="1" index="0" bw="1" slack="0"/>
</pin_list>
<bind>
<StgValue><ssdm name=""/></StgValue>
</bind>
</comp>

<comp id="70" class="1001" name="const_70">
<pin_list>
<pin id="71" dir="1" index="0" bw="1" slack="0"/>
</pin_list>
<bind>
<StgValue><ssdm name="operator*_Pipeline_OUTER_INNER"/></StgValue>
</bind>
</comp>

<comp id="72" class="1004" name="agg_result_addr_gep_fu_72">
<pin_list>
<pin id="73" dir="0" index="0" bw="64" slack="0"/>
<pin id="74" dir="0" index="1" bw="1" slack="0"/>
<pin id="75" dir="0" index="2" bw="1" slack="0"/>
<pin id="76" dir="1" index="3" bw="5" slack="0"/>
</pin_list>
<bind>
<opcode="getelementptr(29) " fcode="getelementptr"/>
<opset="agg_result_addr/1 "/>
</bind>
</comp>

<comp id="80" class="1004" name="grp_access_fu_80">
<pin_list>
<pin id="81" dir="0" index="0" bw="5" slack="0"/>
<pin id="82" dir="0" index="1" bw="64" slack="0"/>
<pin id="83" dir="0" index="2" bw="0" slack="0"/>
<pin id="85" dir="0" index="4" bw="5" slack="0"/>
<pin id="86" dir="0" index="5" bw="64" slack="2147483647"/>
<pin id="87" dir="0" index="6" bw="0" slack="2147483647"/>
<pin id="84" dir="1" index="3" bw="64" slack="2147483647"/>
<pin id="88" dir="1" index="7" bw="64" slack="2147483647"/>
</pin_list>
<bind>
<opcode="store(28) " fcode="store"/>
<opset="store_ln60/1 store_ln60/1 store_ln60/2 store_ln60/2 store_ln60/3 store_ln60/3 store_ln60/4 store_ln60/4 store_ln60/5 store_ln60/5 store_ln60/6 store_ln60/6 store_ln60/7 store_ln60/7 store_ln60/8 store_ln60/8 store_ln60/9 store_ln60/9 store_ln60/10 store_ln60/10 store_ln60/11 store_ln60/11 store_ln60/12 store_ln60/12 store_ln60/13 store_ln60/13 store_ln60/14 store_ln60/14 store_ln60/15 store_ln60/15 store_ln60/16 store_ln60/16 "/>
</bind>
</comp>

<comp id="91" class="1004" name="agg_result_addr_1_gep_fu_91">
<pin_list>
<pin id="92" dir="0" index="0" bw="64" slack="0"/>
<pin id="93" dir="0" index="1" bw="1" slack="0"/>
<pin id="94" dir="0" index="2" bw="1" slack="0"/>
<pin id="95" dir="1" index="3" bw="5" slack="0"/>
</pin_list>
<bind>
<opcode="getelementptr(29) " fcode="getelementptr"/>
<opset="agg_result_addr_1/1 "/>
</bind>
</comp>

<comp id="101" class="1004" name="agg_result_addr_2_gep_fu_101">
<pin_list>
<pin id="102" dir="0" index="0" bw="64" slack="0"/>
<pin id="103" dir="0" index="1" bw="1" slack="0"/>
<pin id="104" dir="0" index="2" bw="3" slack="0"/>
<pin id="105" dir="1" index="3" bw="5" slack="0"/>
</pin_list>
<bind>
<opcode="getelementptr(29) " fcode="getelementptr"/>
<opset="agg_result_addr_2/2 "/>
</bind>
</comp>

<comp id="110" class="1004" name="agg_result_addr_3_gep_fu_110">
<pin_list>
<pin id="111" dir="0" index="0" bw="64" slack="0"/>
<pin id="112" dir="0" index="1" bw="1" slack="0"/>
<pin id="113" dir="0" index="2" bw="3" slack="0"/>
<pin id="114" dir="1" index="3" bw="5" slack="0"/>
</pin_list>
<bind>
<opcode="getelementptr(29) " fcode="getelementptr"/>
<opset="agg_result_addr_3/2 "/>
</bind>
</comp>

<comp id="119" class="1004" name="agg_result_addr_4_gep_fu_119">
<pin_list>
<pin id="120" dir="0" index="0" bw="64" slack="0"/>
<pin id="121" dir="0" index="1" bw="1" slack="0"/>
<pin id="122" dir="0" index="2" bw="4" slack="0"/>
<pin id="123" dir="1" index="3" bw="5" slack="0"/>
</pin_list>
<bind>
<opcode="getelementptr(29) " fcode="getelementptr"/>
<opset="agg_result_addr_4/3 "/>
</bind>
</comp>

<comp id="128" class="1004" name="agg_result_addr_5_gep_fu_128">
<pin_list>
<pin id="129" dir="0" index="0" bw="64" slack="0"/>
<pin id="130" dir="0" index="1" bw="1" slack="0"/>
<pin id="131" dir="0" index="2" bw="4" slack="0"/>
<pin id="132" dir="1" index="3" bw="5" slack="0"/>
</pin_list>
<bind>
<opcode="getelementptr(29) " fcode="getelementptr"/>
<opset="agg_result_addr_5/3 "/>
</bind>
</comp>

<comp id="137" class="1004" name="agg_result_addr_6_gep_fu_137">
<pin_list>
<pin id="138" dir="0" index="0" bw="64" slack="0"/>
<pin id="139" dir="0" index="1" bw="1" slack="0"/>
<pin id="140" dir="0" index="2" bw="4" slack="0"/>
<pin id="141" dir="1" index="3" bw="5" slack="0"/>
</pin_list>
<bind>
<opcode="getelementptr(29) " fcode="getelementptr"/>
<opset="agg_result_addr_6/4 "/>
</bind>
</comp>

<comp id="146" class="1004" name="agg_result_addr_7_gep_fu_146">
<pin_list>
<pin id="147" dir="0" index="0" bw="64" slack="0"/>
<pin id="148" dir="0" index="1" bw="1" slack="0"/>
<pin id="149" dir="0" index="2" bw="4" slack="0"/>
<pin id="150" dir="1" index="3" bw="5" slack="0"/>
</pin_list>
<bind>
<opcode="getelementptr(29) " fcode="getelementptr"/>
<opset="agg_result_addr_7/4 "/>
</bind>
</comp>

<comp id="155" class="1004" name="agg_result_addr_8_gep_fu_155">
<pin_list>
<pin id="156" dir="0" index="0" bw="64" slack="0"/>
<pin id="157" dir="0" index="1" bw="1" slack="0"/>
<pin id="158" dir="0" index="2" bw="5" slack="0"/>
<pin id="159" dir="1" index="3" bw="5" slack="0"/>
</pin_list>
<bind>
<opcode="getelementptr(29) " fcode="getelementptr"/>
<opset="agg_result_addr_8/5 "/>
</bind>
</comp>

<comp id="164" class="1004" name="agg_result_addr_9_gep_fu_164">
<pin_list>
<pin id="165" dir="0" index="0" bw="64" slack="0"/>
<pin id="166" dir="0" index="1" bw="1" slack="0"/>
<pin id="167" dir="0" index="2" bw="5" slack="0"/>
<pin id="168" dir="1" index="3" bw="5" slack="0"/>
</pin_list>
<bind>
<opcode="getelementptr(29) " fcode="getelementptr"/>
<opset="agg_result_addr_9/5 "/>
</bind>
</comp>

<comp id="173" class="1004" name="agg_result_addr_10_gep_fu_173">
<pin_list>
<pin id="174" dir="0" index="0" bw="64" slack="0"/>
<pin id="175" dir="0" index="1" bw="1" slack="0"/>
<pin id="176" dir="0" index="2" bw="5" slack="0"/>
<pin id="177" dir="1" index="3" bw="5" slack="0"/>
</pin_list>
<bind>
<opcode="getelementptr(29) " fcode="getelementptr"/>
<opset="agg_result_addr_10/6 "/>
</bind>
</comp>

<comp id="182" class="1004" name="agg_result_addr_11_gep_fu_182">
<pin_list>
<pin id="183" dir="0" index="0" bw="64" slack="0"/>
<pin id="184" dir="0" index="1" bw="1" slack="0"/>
<pin id="185" dir="0" index="2" bw="5" slack="0"/>
<pin id="186" dir="1" index="3" bw="5" slack="0"/>
</pin_list>
<bind>
<opcode="getelementptr(29) " fcode="getelementptr"/>
<opset="agg_result_addr_11/6 "/>
</bind>
</comp>

<comp id="191" class="1004" name="agg_result_addr_12_gep_fu_191">
<pin_list>
<pin id="192" dir="0" index="0" bw="64" slack="0"/>
<pin id="193" dir="0" index="1" bw="1" slack="0"/>
<pin id="194" dir="0" index="2" bw="5" slack="0"/>
<pin id="195" dir="1" index="3" bw="5" slack="0"/>
</pin_list>
<bind>
<opcode="getelementptr(29) " fcode="getelementptr"/>
<opset="agg_result_addr_12/7 "/>
</bind>
</comp>

<comp id="200" class="1004" name="agg_result_addr_13_gep_fu_200">
<pin_list>
<pin id="201" dir="0" index="0" bw="64" slack="0"/>
<pin id="202" dir="0" index="1" bw="1" slack="0"/>
<pin id="203" dir="0" index="2" bw="5" slack="0"/>
<pin id="204" dir="1" index="3" bw="5" slack="0"/>
</pin_list>
<bind>
<opcode="getelementptr(29) " fcode="getelementptr"/>
<opset="agg_result_addr_13/7 "/>
</bind>
</comp>

<comp id="209" class="1004" name="agg_result_addr_14_gep_fu_209">
<pin_list>
<pin id="210" dir="0" index="0" bw="64" slack="0"/>
<pin id="211" dir="0" index="1" bw="1" slack="0"/>
<pin id="212" dir="0" index="2" bw="5" slack="0"/>
<pin id="213" dir="1" index="3" bw="5" slack="0"/>
</pin_list>
<bind>
<opcode="getelementptr(29) " fcode="getelementptr"/>
<opset="agg_result_addr_14/8 "/>
</bind>
</comp>

<comp id="218" class="1004" name="agg_result_addr_15_gep_fu_218">
<pin_list>
<pin id="219" dir="0" index="0" bw="64" slack="0"/>
<pin id="220" dir="0" index="1" bw="1" slack="0"/>
<pin id="221" dir="0" index="2" bw="5" slack="0"/>
<pin id="222" dir="1" index="3" bw="5" slack="0"/>
</pin_list>
<bind>
<opcode="getelementptr(29) " fcode="getelementptr"/>
<opset="agg_result_addr_15/8 "/>
</bind>
</comp>

<comp id="227" class="1004" name="agg_result_addr_16_gep_fu_227">
<pin_list>
<pin id="228" dir="0" index="0" bw="64" slack="0"/>
<pin id="229" dir="0" index="1" bw="1" slack="0"/>
<pin id="230" dir="0" index="2" bw="6" slack="0"/>
<pin id="231" dir="1" index="3" bw="5" slack="0"/>
</pin_list>
<bind>
<opcode="getelementptr(29) " fcode="getelementptr"/>
<opset="agg_result_addr_16/9 "/>
</bind>
</comp>

<comp id="236" class="1004" name="agg_result_addr_17_gep_fu_236">
<pin_list>
<pin id="237" dir="0" index="0" bw="64" slack="0"/>
<pin id="238" dir="0" index="1" bw="1" slack="0"/>
<pin id="239" dir="0" index="2" bw="6" slack="0"/>
<pin id="240" dir="1" index="3" bw="5" slack="0"/>
</pin_list>
<bind>
<opcode="getelementptr(29) " fcode="getelementptr"/>
<opset="agg_result_addr_17/9 "/>
</bind>
</comp>

<comp id="245" class="1004" name="agg_result_addr_18_gep_fu_245">
<pin_list>
<pin id="246" dir="0" index="0" bw="64" slack="0"/>
<pin id="247" dir="0" index="1" bw="1" slack="0"/>
<pin id="248" dir="0" index="2" bw="6" slack="0"/>
<pin id="249" dir="1" index="3" bw="5" slack="0"/>
</pin_list>
<bind>
<opcode="getelementptr(29) " fcode="getelementptr"/>
<opset="agg_result_addr_18/10 "/>
</bind>
</comp>

<comp id="254" class="1004" name="agg_result_addr_19_gep_fu_254">
<pin_list>
<pin id="255" dir="0" index="0" bw="64" slack="0"/>
<pin id="256" dir="0" index="1" bw="1" slack="0"/>
<pin id="257" dir="0" index="2" bw="6" slack="0"/>
<pin id="258" dir="1" index="3" bw="5" slack="0"/>
</pin_list>
<bind>
<opcode="getelementptr(29) " fcode="getelementptr"/>
<opset="agg_result_addr_19/10 "/>
</bind>
</comp>

<comp id="263" class="1004" name="agg_result_addr_20_gep_fu_263">
<pin_list>
<pin id="264" dir="0" index="0" bw="64" slack="0"/>
<pin id="265" dir="0" index="1" bw="1" slack="0"/>
<pin id="266" dir="0" index="2" bw="6" slack="0"/>
<pin id="267" dir="1" index="3" bw="5" slack="0"/>
</pin_list>
<bind>
<opcode="getelementptr(29) " fcode="getelementptr"/>
<opset="agg_result_addr_20/11 "/>
</bind>
</comp>

<comp id="272" class="1004" name="agg_result_addr_21_gep_fu_272">
<pin_list>
<pin id="273" dir="0" index="0" bw="64" slack="0"/>
<pin id="274" dir="0" index="1" bw="1" slack="0"/>
<pin id="275" dir="0" index="2" bw="6" slack="0"/>
<pin id="276" dir="1" index="3" bw="5" slack="0"/>
</pin_list>
<bind>
<opcode="getelementptr(29) " fcode="getelementptr"/>
<opset="agg_result_addr_21/11 "/>
</bind>
</comp>

<comp id="281" class="1004" name="agg_result_addr_22_gep_fu_281">
<pin_list>
<pin id="282" dir="0" index="0" bw="64" slack="0"/>
<pin id="283" dir="0" index="1" bw="1" slack="0"/>
<pin id="284" dir="0" index="2" bw="6" slack="0"/>
<pin id="285" dir="1" index="3" bw="5" slack="0"/>
</pin_list>
<bind>
<opcode="getelementptr(29) " fcode="getelementptr"/>
<opset="agg_result_addr_22/12 "/>
</bind>
</comp>

<comp id="290" class="1004" name="agg_result_addr_23_gep_fu_290">
<pin_list>
<pin id="291" dir="0" index="0" bw="64" slack="0"/>
<pin id="292" dir="0" index="1" bw="1" slack="0"/>
<pin id="293" dir="0" index="2" bw="6" slack="0"/>
<pin id="294" dir="1" index="3" bw="5" slack="0"/>
</pin_list>
<bind>
<opcode="getelementptr(29) " fcode="getelementptr"/>
<opset="agg_result_addr_23/12 "/>
</bind>
</comp>

<comp id="299" class="1004" name="agg_result_addr_24_gep_fu_299">
<pin_list>
<pin id="300" dir="0" index="0" bw="64" slack="0"/>
<pin id="301" dir="0" index="1" bw="1" slack="0"/>
<pin id="302" dir="0" index="2" bw="6" slack="0"/>
<pin id="303" dir="1" index="3" bw="5" slack="0"/>
</pin_list>
<bind>
<opcode="getelementptr(29) " fcode="getelementptr"/>
<opset="agg_result_addr_24/13 "/>
</bind>
</comp>

<comp id="308" class="1004" name="agg_result_addr_25_gep_fu_308">
<pin_list>
<pin id="309" dir="0" index="0" bw="64" slack="0"/>
<pin id="310" dir="0" index="1" bw="1" slack="0"/>
<pin id="311" dir="0" index="2" bw="6" slack="0"/>
<pin id="312" dir="1" index="3" bw="5" slack="0"/>
</pin_list>
<bind>
<opcode="getelementptr(29) " fcode="getelementptr"/>
<opset="agg_result_addr_25/13 "/>
</bind>
</comp>

<comp id="317" class="1004" name="agg_result_addr_26_gep_fu_317">
<pin_list>
<pin id="318" dir="0" index="0" bw="64" slack="0"/>
<pin id="319" dir="0" index="1" bw="1" slack="0"/>
<pin id="320" dir="0" index="2" bw="6" slack="0"/>
<pin id="321" dir="1" index="3" bw="5" slack="0"/>
</pin_list>
<bind>
<opcode="getelementptr(29) " fcode="getelementptr"/>
<opset="agg_result_addr_26/14 "/>
</bind>
</comp>

<comp id="326" class="1004" name="agg_result_addr_27_gep_fu_326">
<pin_list>
<pin id="327" dir="0" index="0" bw="64" slack="0"/>
<pin id="328" dir="0" index="1" bw="1" slack="0"/>
<pin id="329" dir="0" index="2" bw="6" slack="0"/>
<pin id="330" dir="1" index="3" bw="5" slack="0"/>
</pin_list>
<bind>
<opcode="getelementptr(29) " fcode="getelementptr"/>
<opset="agg_result_addr_27/14 "/>
</bind>
</comp>

<comp id="335" class="1004" name="agg_result_addr_28_gep_fu_335">
<pin_list>
<pin id="336" dir="0" index="0" bw="64" slack="0"/>
<pin id="337" dir="0" index="1" bw="1" slack="0"/>
<pin id="338" dir="0" index="2" bw="6" slack="0"/>
<pin id="339" dir="1" index="3" bw="5" slack="0"/>
</pin_list>
<bind>
<opcode="getelementptr(29) " fcode="getelementptr"/>
<opset="agg_result_addr_28/15 "/>
</bind>
</comp>

<comp id="344" class="1004" name="agg_result_addr_29_gep_fu_344">
<pin_list>
<pin id="345" dir="0" index="0" bw="64" slack="0"/>
<pin id="346" dir="0" index="1" bw="1" slack="0"/>
<pin id="347" dir="0" index="2" bw="6" slack="0"/>
<pin id="348" dir="1" index="3" bw="5" slack="0"/>
</pin_list>
<bind>
<opcode="getelementptr(29) " fcode="getelementptr"/>
<opset="agg_result_addr_29/15 "/>
</bind>
</comp>

<comp id="353" class="1004" name="agg_result_addr_30_gep_fu_353">
<pin_list>
<pin id="354" dir="0" index="0" bw="64" slack="0"/>
<pin id="355" dir="0" index="1" bw="1" slack="0"/>
<pin id="356" dir="0" index="2" bw="6" slack="0"/>
<pin id="357" dir="1" index="3" bw="5" slack="0"/>
</pin_list>
<bind>
<opcode="getelementptr(29) " fcode="getelementptr"/>
<opset="agg_result_addr_30/16 "/>
</bind>
</comp>

<comp id="362" class="1004" name="agg_result_addr_31_gep_fu_362">
<pin_list>
<pin id="363" dir="0" index="0" bw="64" slack="0"/>
<pin id="364" dir="0" index="1" bw="1" slack="0"/>
<pin id="365" dir="0" index="2" bw="6" slack="0"/>
<pin id="366" dir="1" index="3" bw="5" slack="0"/>
</pin_list>
<bind>
<opcode="getelementptr(29) " fcode="getelementptr"/>
<opset="agg_result_addr_31/16 "/>
</bind>
</comp>

<comp id="371" class="1004" name="grp_operator_Pipeline_OUTER_INNER_fu_371">
<pin_list>
<pin id="372" dir="0" index="0" bw="0" slack="0"/>
<pin id="373" dir="0" index="1" bw="64" slack="0"/>
<pin id="374" dir="0" index="2" bw="64" slack="0"/>
<pin id="375" dir="0" index="3" bw="64" slack="0"/>
<pin id="376" dir="1" index="4" bw="0" slack="2147483647"/>
</pin_list>
<bind>
<opcode="call(48) " fcode="call"/>
<opset="call_ln0/17 "/>
</bind>
</comp>

<comp id="381" class="1004" name="grp_fu_381">
<pin_list>
<pin id="382" dir="0" index="0" bw="64" slack="2147483647"/>
<pin id="383" dir="0" index="1" bw="64" slack="2147483647"/>
<pin id="384" dir="1" index="2" bw="128" slack="2147483647"/>
</pin_list>
<bind>
<opcode="mul(12) " fcode="mul"/>
<opset="mul_ln885/4 "/>
</bind>
</comp>

<comp id="385" class="1004" name="grp_fu_385">
<pin_list>
<pin id="386" dir="0" index="0" bw="64" slack="2147483647"/>
<pin id="387" dir="0" index="1" bw="64" slack="2147483647"/>
<pin id="388" dir="1" index="2" bw="128" slack="2147483647"/>
</pin_list>
<bind>
<opcode="mul(12) " fcode="mul"/>
<opset="mul_ln885_1/5 "/>
</bind>
</comp>

</comp_list>

<net_list>
<net id="77"><net_src comp="0" pin="0"/><net_sink comp="72" pin=0"/></net>

<net id="78"><net_src comp="6" pin="0"/><net_sink comp="72" pin=1"/></net>

<net id="79"><net_src comp="6" pin="0"/><net_sink comp="72" pin=2"/></net>

<net id="89"><net_src comp="6" pin="0"/><net_sink comp="80" pin=4"/></net>

<net id="90"><net_src comp="72" pin="3"/><net_sink comp="80" pin=2"/></net>

<net id="96"><net_src comp="0" pin="0"/><net_sink comp="91" pin=0"/></net>

<net id="97"><net_src comp="6" pin="0"/><net_sink comp="91" pin=1"/></net>

<net id="98"><net_src comp="8" pin="0"/><net_sink comp="91" pin=2"/></net>

<net id="99"><net_src comp="6" pin="0"/><net_sink comp="80" pin=1"/></net>

<net id="100"><net_src comp="91" pin="3"/><net_sink comp="80" pin=0"/></net>

<net id="106"><net_src comp="0" pin="0"/><net_sink comp="101" pin=0"/></net>

<net id="107"><net_src comp="6" pin="0"/><net_sink comp="101" pin=1"/></net>

<net id="108"><net_src comp="10" pin="0"/><net_sink comp="101" pin=2"/></net>

<net id="109"><net_src comp="101" pin="3"/><net_sink comp="80" pin=2"/></net>

<net id="115"><net_src comp="0" pin="0"/><net_sink comp="110" pin=0"/></net>

<net id="116"><net_src comp="6" pin="0"/><net_sink comp="110" pin=1"/></net>

<net id="117"><net_src comp="12" pin="0"/><net_sink comp="110" pin=2"/></net>

<net id="118"><net_src comp="110" pin="3"/><net_sink comp="80" pin=0"/></net>

<net id="124"><net_src comp="0" pin="0"/><net_sink comp="119" pin=0"/></net>

<net id="125"><net_src comp="6" pin="0"/><net_sink comp="119" pin=1"/></net>

<net id="126"><net_src comp="14" pin="0"/><net_sink comp="119" pin=2"/></net>

<net id="127"><net_src comp="119" pin="3"/><net_sink comp="80" pin=2"/></net>

<net id="133"><net_src comp="0" pin="0"/><net_sink comp="128" pin=0"/></net>

<net id="134"><net_src comp="6" pin="0"/><net_sink comp="128" pin=1"/></net>

<net id="135"><net_src comp="16" pin="0"/><net_sink comp="128" pin=2"/></net>

<net id="136"><net_src comp="128" pin="3"/><net_sink comp="80" pin=0"/></net>

<net id="142"><net_src comp="0" pin="0"/><net_sink comp="137" pin=0"/></net>

<net id="143"><net_src comp="6" pin="0"/><net_sink comp="137" pin=1"/></net>

<net id="144"><net_src comp="18" pin="0"/><net_sink comp="137" pin=2"/></net>

<net id="145"><net_src comp="137" pin="3"/><net_sink comp="80" pin=2"/></net>

<net id="151"><net_src comp="0" pin="0"/><net_sink comp="146" pin=0"/></net>

<net id="152"><net_src comp="6" pin="0"/><net_sink comp="146" pin=1"/></net>

<net id="153"><net_src comp="20" pin="0"/><net_sink comp="146" pin=2"/></net>

<net id="154"><net_src comp="146" pin="3"/><net_sink comp="80" pin=0"/></net>

<net id="160"><net_src comp="0" pin="0"/><net_sink comp="155" pin=0"/></net>

<net id="161"><net_src comp="6" pin="0"/><net_sink comp="155" pin=1"/></net>

<net id="162"><net_src comp="22" pin="0"/><net_sink comp="155" pin=2"/></net>

<net id="163"><net_src comp="155" pin="3"/><net_sink comp="80" pin=2"/></net>

<net id="169"><net_src comp="0" pin="0"/><net_sink comp="164" pin=0"/></net>

<net id="170"><net_src comp="6" pin="0"/><net_sink comp="164" pin=1"/></net>

<net id="171"><net_src comp="24" pin="0"/><net_sink comp="164" pin=2"/></net>

<net id="172"><net_src comp="164" pin="3"/><net_sink comp="80" pin=0"/></net>

<net id="178"><net_src comp="0" pin="0"/><net_sink comp="173" pin=0"/></net>

<net id="179"><net_src comp="6" pin="0"/><net_sink comp="173" pin=1"/></net>

<net id="180"><net_src comp="26" pin="0"/><net_sink comp="173" pin=2"/></net>

<net id="181"><net_src comp="173" pin="3"/><net_sink comp="80" pin=2"/></net>

<net id="187"><net_src comp="0" pin="0"/><net_sink comp="182" pin=0"/></net>

<net id="188"><net_src comp="6" pin="0"/><net_sink comp="182" pin=1"/></net>

<net id="189"><net_src comp="28" pin="0"/><net_sink comp="182" pin=2"/></net>

<net id="190"><net_src comp="182" pin="3"/><net_sink comp="80" pin=0"/></net>

<net id="196"><net_src comp="0" pin="0"/><net_sink comp="191" pin=0"/></net>

<net id="197"><net_src comp="6" pin="0"/><net_sink comp="191" pin=1"/></net>

<net id="198"><net_src comp="30" pin="0"/><net_sink comp="191" pin=2"/></net>

<net id="199"><net_src comp="191" pin="3"/><net_sink comp="80" pin=2"/></net>

<net id="205"><net_src comp="0" pin="0"/><net_sink comp="200" pin=0"/></net>

<net id="206"><net_src comp="6" pin="0"/><net_sink comp="200" pin=1"/></net>

<net id="207"><net_src comp="32" pin="0"/><net_sink comp="200" pin=2"/></net>

<net id="208"><net_src comp="200" pin="3"/><net_sink comp="80" pin=0"/></net>

<net id="214"><net_src comp="0" pin="0"/><net_sink comp="209" pin=0"/></net>

<net id="215"><net_src comp="6" pin="0"/><net_sink comp="209" pin=1"/></net>

<net id="216"><net_src comp="34" pin="0"/><net_sink comp="209" pin=2"/></net>

<net id="217"><net_src comp="209" pin="3"/><net_sink comp="80" pin=2"/></net>

<net id="223"><net_src comp="0" pin="0"/><net_sink comp="218" pin=0"/></net>

<net id="224"><net_src comp="6" pin="0"/><net_sink comp="218" pin=1"/></net>

<net id="225"><net_src comp="36" pin="0"/><net_sink comp="218" pin=2"/></net>

<net id="226"><net_src comp="218" pin="3"/><net_sink comp="80" pin=0"/></net>

<net id="232"><net_src comp="0" pin="0"/><net_sink comp="227" pin=0"/></net>

<net id="233"><net_src comp="6" pin="0"/><net_sink comp="227" pin=1"/></net>

<net id="234"><net_src comp="38" pin="0"/><net_sink comp="227" pin=2"/></net>

<net id="235"><net_src comp="227" pin="3"/><net_sink comp="80" pin=2"/></net>

<net id="241"><net_src comp="0" pin="0"/><net_sink comp="236" pin=0"/></net>

<net id="242"><net_src comp="6" pin="0"/><net_sink comp="236" pin=1"/></net>

<net id="243"><net_src comp="40" pin="0"/><net_sink comp="236" pin=2"/></net>

<net id="244"><net_src comp="236" pin="3"/><net_sink comp="80" pin=0"/></net>

<net id="250"><net_src comp="0" pin="0"/><net_sink comp="245" pin=0"/></net>

<net id="251"><net_src comp="6" pin="0"/><net_sink comp="245" pin=1"/></net>

<net id="252"><net_src comp="42" pin="0"/><net_sink comp="245" pin=2"/></net>

<net id="253"><net_src comp="245" pin="3"/><net_sink comp="80" pin=2"/></net>

<net id="259"><net_src comp="0" pin="0"/><net_sink comp="254" pin=0"/></net>

<net id="260"><net_src comp="6" pin="0"/><net_sink comp="254" pin=1"/></net>

<net id="261"><net_src comp="44" pin="0"/><net_sink comp="254" pin=2"/></net>

<net id="262"><net_src comp="254" pin="3"/><net_sink comp="80" pin=0"/></net>

<net id="268"><net_src comp="0" pin="0"/><net_sink comp="263" pin=0"/></net>

<net id="269"><net_src comp="6" pin="0"/><net_sink comp="263" pin=1"/></net>

<net id="270"><net_src comp="46" pin="0"/><net_sink comp="263" pin=2"/></net>

<net id="271"><net_src comp="263" pin="3"/><net_sink comp="80" pin=2"/></net>

<net id="277"><net_src comp="0" pin="0"/><net_sink comp="272" pin=0"/></net>

<net id="278"><net_src comp="6" pin="0"/><net_sink comp="272" pin=1"/></net>

<net id="279"><net_src comp="48" pin="0"/><net_sink comp="272" pin=2"/></net>

<net id="280"><net_src comp="272" pin="3"/><net_sink comp="80" pin=0"/></net>

<net id="286"><net_src comp="0" pin="0"/><net_sink comp="281" pin=0"/></net>

<net id="287"><net_src comp="6" pin="0"/><net_sink comp="281" pin=1"/></net>

<net id="288"><net_src comp="50" pin="0"/><net_sink comp="281" pin=2"/></net>

<net id="289"><net_src comp="281" pin="3"/><net_sink comp="80" pin=2"/></net>

<net id="295"><net_src comp="0" pin="0"/><net_sink comp="290" pin=0"/></net>

<net id="296"><net_src comp="6" pin="0"/><net_sink comp="290" pin=1"/></net>

<net id="297"><net_src comp="52" pin="0"/><net_sink comp="290" pin=2"/></net>

<net id="298"><net_src comp="290" pin="3"/><net_sink comp="80" pin=0"/></net>

<net id="304"><net_src comp="0" pin="0"/><net_sink comp="299" pin=0"/></net>

<net id="305"><net_src comp="6" pin="0"/><net_sink comp="299" pin=1"/></net>

<net id="306"><net_src comp="54" pin="0"/><net_sink comp="299" pin=2"/></net>

<net id="307"><net_src comp="299" pin="3"/><net_sink comp="80" pin=2"/></net>

<net id="313"><net_src comp="0" pin="0"/><net_sink comp="308" pin=0"/></net>

<net id="314"><net_src comp="6" pin="0"/><net_sink comp="308" pin=1"/></net>

<net id="315"><net_src comp="56" pin="0"/><net_sink comp="308" pin=2"/></net>

<net id="316"><net_src comp="308" pin="3"/><net_sink comp="80" pin=0"/></net>

<net id="322"><net_src comp="0" pin="0"/><net_sink comp="317" pin=0"/></net>

<net id="323"><net_src comp="6" pin="0"/><net_sink comp="317" pin=1"/></net>

<net id="324"><net_src comp="58" pin="0"/><net_sink comp="317" pin=2"/></net>

<net id="325"><net_src comp="317" pin="3"/><net_sink comp="80" pin=2"/></net>

<net id="331"><net_src comp="0" pin="0"/><net_sink comp="326" pin=0"/></net>

<net id="332"><net_src comp="6" pin="0"/><net_sink comp="326" pin=1"/></net>

<net id="333"><net_src comp="60" pin="0"/><net_sink comp="326" pin=2"/></net>

<net id="334"><net_src comp="326" pin="3"/><net_sink comp="80" pin=0"/></net>

<net id="340"><net_src comp="0" pin="0"/><net_sink comp="335" pin=0"/></net>

<net id="341"><net_src comp="6" pin="0"/><net_sink comp="335" pin=1"/></net>

<net id="342"><net_src comp="62" pin="0"/><net_sink comp="335" pin=2"/></net>

<net id="343"><net_src comp="335" pin="3"/><net_sink comp="80" pin=2"/></net>

<net id="349"><net_src comp="0" pin="0"/><net_sink comp="344" pin=0"/></net>

<net id="350"><net_src comp="6" pin="0"/><net_sink comp="344" pin=1"/></net>

<net id="351"><net_src comp="64" pin="0"/><net_sink comp="344" pin=2"/></net>

<net id="352"><net_src comp="344" pin="3"/><net_sink comp="80" pin=0"/></net>

<net id="358"><net_src comp="0" pin="0"/><net_sink comp="353" pin=0"/></net>

<net id="359"><net_src comp="6" pin="0"/><net_sink comp="353" pin=1"/></net>

<net id="360"><net_src comp="66" pin="0"/><net_sink comp="353" pin=2"/></net>

<net id="361"><net_src comp="353" pin="3"/><net_sink comp="80" pin=2"/></net>

<net id="367"><net_src comp="0" pin="0"/><net_sink comp="362" pin=0"/></net>

<net id="368"><net_src comp="6" pin="0"/><net_sink comp="362" pin=1"/></net>

<net id="369"><net_src comp="68" pin="0"/><net_sink comp="362" pin=2"/></net>

<net id="370"><net_src comp="362" pin="3"/><net_sink comp="80" pin=0"/></net>

<net id="377"><net_src comp="70" pin="0"/><net_sink comp="371" pin=0"/></net>

<net id="378"><net_src comp="2" pin="0"/><net_sink comp="371" pin=1"/></net>

<net id="379"><net_src comp="0" pin="0"/><net_sink comp="371" pin=2"/></net>

<net id="380"><net_src comp="4" pin="0"/><net_sink comp="371" pin=3"/></net>

</net_list>

</model> 
---------------- Datapath Model END ------------------

* FSMD analyzer results:
  - Output states:
	Port: agg_result | {1 2 3 4 5 6 7 8 9 10 11 12 13 14 15 16 17 18 }
 - Input state : 
	Port: operator* : agg_result | {17 18 }
	Port: operator* : u | {17 18 }
	Port: operator* : v | {17 18 }
  - Chain level:
	State 1
		store_ln60 : 1
		store_ln60 : 1
	State 2
		store_ln60 : 1
		store_ln60 : 1
	State 3
		store_ln60 : 1
		store_ln60 : 1
	State 4
		store_ln60 : 1
		store_ln60 : 1
	State 5
		store_ln60 : 1
		store_ln60 : 1
	State 6
		store_ln60 : 1
		store_ln60 : 1
	State 7
		store_ln60 : 1
		store_ln60 : 1
	State 8
		store_ln60 : 1
		store_ln60 : 1
	State 9
		store_ln60 : 1
		store_ln60 : 1
	State 10
		store_ln60 : 1
		store_ln60 : 1
	State 11
		store_ln60 : 1
		store_ln60 : 1
	State 12
		store_ln60 : 1
		store_ln60 : 1
	State 13
		store_ln60 : 1
		store_ln60 : 1
	State 14
		store_ln60 : 1
		store_ln60 : 1
	State 15
		store_ln60 : 1
		store_ln60 : 1
	State 16
		store_ln60 : 1
		store_ln60 : 1
	State 17
	State 18


============================================================
+ Verbose Summary: Datapath Resource usage 
============================================================

* Functional unit list:
|----------|------------------------------------------|---------|---------|---------|---------|
| Operation|              Functional Unit             |   DSP   |  Delay  |    FF   |   LUT   |
|----------|------------------------------------------|---------|---------|---------|---------|
|   call   | grp_operator_Pipeline_OUTER_INNER_fu_371 |    18   |  12.704 |   1800  |   1132  |
|----------|------------------------------------------|---------|---------|---------|---------|
|    mul   |                grp_fu_381                |    9    |    0    |    34   |    47   |
|          |                grp_fu_385                |    9    |    0    |    34   |    47   |
|----------|------------------------------------------|---------|---------|---------|---------|
|   Total  |                                          |    36   |  12.704 |   1868  |   1226  |
|----------|------------------------------------------|---------|---------|---------|---------|

Memories:
N/A

* Register list:
N/A

* Multiplexer (MUX) list: 
|------------------|------|------|------|--------||---------||---------|
|       Comp       |  Pin | Size |  BW  | S x BW ||  Delay  ||   LUT   |
|------------------|------|------|------|--------||---------||---------|
| grp_access_fu_80 |  p0  |  16  |   5  |   80   ||    65   |
| grp_access_fu_80 |  p2  |  16  |   0  |    0   ||    65   |
|------------------|------|------|------|--------||---------||---------|
|       Total      |      |      |      |   80   ||  4.128  ||   130   |
|------------------|------|------|------|--------||---------||---------|



* Summary:
+-----------+--------+--------+--------+--------+
|           |   DSP  |  Delay |   FF   |   LUT  |
+-----------+--------+--------+--------+--------+
|  Function |   36   |   12   |  1868  |  1226  |
|   Memory  |    -   |    -   |    -   |    -   |
|Multiplexer|    -   |    4   |    -   |   130  |
|  Register |    -   |    -   |    -   |    -   |
+-----------+--------+--------+--------+--------+
|   Total   |   36   |   16   |  1868  |  1356  |
+-----------+--------+--------+--------+--------+
