GENOME NON_GENOME PIN 144: GENOME NON_GENOME PIN 149
GENOME NON_GENOME PIN 149: GENOME NON_GENOME PIN 144
GENOME NON_GENOME PIN 145: GENOME NON_GENOME PIN 150
GENOME NON_GENOME PIN 150: GENOME NON_GENOME PIN 145
GENOME NON_GENOME PIN 146: GENOME NON_GENOME PIN 151
GENOME NON_GENOME PIN 151: GENOME NON_GENOME PIN 146
GENOME NON_GENOME PIN 147: GENOME NON_GENOME PIN 152
GENOME NON_GENOME PIN 152: GENOME NON_GENOME PIN 147
INST dut__GCB2 PIN 144: INST dut__GCB2 PIN 149 TYPE 2 INST dut__GCB0 PIN 820 TYPE 4
INST dut__GCB2 PIN 145: INST dut__GCB2 PIN 150 TYPE 2 INST dut__GCB0 PIN 821 TYPE 4
INST dut__GCB2 PIN 146: INST dut__GCB2 PIN 151 TYPE 2 INST dut__GCB0 PIN 822 TYPE 4
INST dut__GCB2 PIN 147: INST dut__GCB2 PIN 152 TYPE 2 INST dut__GCB0 PIN 823 TYPE 4
INST dut__GCB2 PIN 148: INST dut__GCB0 PIN 929 TYPE 1 GENOME dut__GCB2 PIN 148
INST dut__GCB2 PIN 149: GENOME dut__GCB2 PIN 149
INST dut__GCB2 PIN 150: GENOME dut__GCB2 PIN 150
INST dut__GCB2 PIN 151: GENOME dut__GCB2 PIN 151
INST dut__GCB2 PIN 152: GENOME dut__GCB2 PIN 152
INST dut__GCB2 PIN 178: GENOME dut__GCB2 PIN 178 INST dut_divide__GB0 PIN 354 TYPE 5
INST dut__GCB2 PIN 168: GENOME dut__GCB2 PIN 168
INST dut__GCB2 PIN 183: GENOME dut__GCB2 PIN 183
GENOME NON_GENOME PIN 168: GENOME NON_GENOME PIN 178
GENOME NON_GENOME PIN 178: GENOME NON_GENOME PIN 168
