#-----------------------------------------------------------
# xsim v2021.2 (64-bit)
# SW Build 3367213 on Tue Oct 19 02:48:09 MDT 2021
# IP Build 3369179 on Thu Oct 21 08:25:16 MDT 2021
# Start of session at: Thu Dec 19 08:56:58 2024
# Process ID: 14292
# Current directory: D:/Study/Tai_lieu/Nhung_bao_mat/Final/Code/Test2/rsa.prj/solution1/sim/verilog
# Command line: xsim.exe -mode tcl -source {xsim.dir/dut/xsim_script.tcl}
# Log file: D:/Study/Tai_lieu/Nhung_bao_mat/Final/Code/Test2/rsa.prj/solution1/sim/verilog/xsim.log
# Journal file: D:/Study/Tai_lieu/Nhung_bao_mat/Final/Code/Test2/rsa.prj/solution1/sim/verilog\xsim.jou
# Running On: GunDx, OS: Windows, CPU Frequency: 3294 MHz, CPU Physical cores: 12, Host memory: 16487 MB
#-----------------------------------------------------------
source xsim.dir/dut/xsim_script.tcl
# xsim {dut} -autoloadwcfg -tclbatch {dut.tcl}
Time resolution is 1 ps
source dut.tcl
## run all
////////////////////////////////////////////////////////////////////////////////////
// Inter-Transaction Progress: Completed Transaction / Total Transaction
// Intra-Transaction Progress: Measured Latency / Latency Estimation * 100%
//
// RTL Simulation : "Inter-Transaction Progress" ["Intra-Transaction Progress"] @ "Simulation Time"
////////////////////////////////////////////////////////////////////////////////////
// RTL Simulation : 0 / 2 [0.00%] @ "123000"
// RTL Simulation : 1 / 2 [100.00%] @ "2372558000"
// RTL Simulation : 1 / 2 [14.98%] @ "87372567000"
// RTL Simulation : 2 / 2 [100.00%] @ "124007074000"
////////////////////////////////////////////////////////////////////////////////////
$finish called at time : 124007124750 ps : File "D:/Study/Tai_lieu/Nhung_bao_mat/Final/Code/Test2/rsa.prj/solution1/sim/verilog/dut.autotb.v" Line 272
run: Time (s): cpu = 00:00:01 ; elapsed = 00:26:57 . Memory (MB): peak = 1153.773 ; gain = 481.723
## quit
INFO: xsimkernel Simulation Memory Usage: 1695972 KB (Peak: 1695972 KB), Simulation CPU Usage: 166436 ms
INFO: [Common 17-206] Exiting xsim at Thu Dec 19 09:24:00 2024...
