INFO: [SIM 2] *************** CSIM start ***************
INFO: [SIM 4] CSIM will launch GCC as the compiler.
   Compiling ../../../../rsa.cc in debug mode
   Compiling ../../../../fpga_rsa.cc in debug mode
   Generating csim.exe
---------------Private Key----------------
n = 6a1c4c0c3e30a458f3fafab41818bb390e82310d3bed1e5db719f5b393f1e0da3c9f21348b13d14c564cea899f83c4b201d5d2c221f2d08cdc1f5a7aa5ee35726d4138f3b62abdb888e7b039cf895e40313849f61269e24f2680a94cda7535abfa30dd78140050b2ac3e3273b71d5b22a88f3ce7ed0fac95ae3903eaa238b869
e = 10001
---------------Public Key------------------
n = 6a1c4c0c3e30a458f3fafab41818bb390e82310d3bed1e5db719f5b393f1e0da3c9f21348b13d14c564cea899f83c4b201d5d2c221f2d08cdc1f5a7aa5ee35726d4138f3b62abdb888e7b039cf895e40313849f61269e24f2680a94cda7535abfa30dd78140050b2ac3e3273b71d5b22a88f3ce7ed0fac95ae3903eaa238b869
d = 467fa26f07ea9d6694430dca15b068c391c621fcdef1bd991a0bdf587e54d7c5673d7a7c4462d84dd590a8cae2f652fac9895ccbaa6e7eecf75ac56c734dfea7baa66c2e87547d915d8129cb333b79dbbcbc3895d3c3b32ffe65a116609e077da8eca3731a9eb1089da2ddd08b7a8fca2846eb80f2c2b6b2ce421ce483ca6c61
-------------------------------------------
bitlen(n) = 1023
-------------------------------------------
Encrypted: 256

BF14D67E2DDC8E6683EF574961FF698F61CDD11E9D9C167272E61DF0844F4A7702D7E8392C53CBC9121E33749E0CF4D5D49FD4A4597E35CF3222F4CCCFD3902D48D38F75E6D91D2AE5C0F72B788187440E5F5000D4618DBE7B0515073B33821F187092DA6454CEB1853E6915F8466A0496730ED9162F6768D4F74A4AD0576876
5166D1558E1A637C329D724487ECDF02C7DDF517F2F7967CB8F01296BF31B87E96D4A1A541138D113F2C824AD6A93851C82D99D278790FA4F458EBC186542C71F9A9FF61C870CFD9C4D82310620B7C5A0D8B7FC6241CF3FECDBA19B7F8EEFA0E391BA4F7FBD6D33303C80DDD58BEF622D00352CB19E82536FA7D8B34C3F5709F
Decrypted: 53
Hi, I am Dung and I am doing secured embedded system
decrypt             :      1 calls; 2407.415 msecs total time
encrypt             :      1 calls;  31.266 msecs total time
INFO: [SIM 1] CSim done with 0 errors.
INFO: [SIM 3] *************** CSIM finish ***************
